
exec:     file format elf32-avr

Sections:
Idx Name          Size      VMA       LMA       File off  Algn
  0 .data         0000004c  00800100  0000070a  0000079e  2**0
                  CONTENTS, ALLOC, LOAD, DATA
  1 .text         0000070a  00000000  00000000  00000094  2**1
                  CONTENTS, ALLOC, LOAD, READONLY, CODE
  2 .bss          00000006  0080014c  0080014c  000007ea  2**0
                  ALLOC
  3 .stab         00000774  00000000  00000000  000007ec  2**2
                  CONTENTS, READONLY, DEBUGGING
  4 .stabstr      00000e96  00000000  00000000  00000f60  2**0
                  CONTENTS, READONLY, DEBUGGING
  5 .comment      00000011  00000000  00000000  00001df6  2**0
                  CONTENTS, READONLY
  6 .note.gnu.avr.deviceinfo 00000040  00000000  00000000  00001e08  2**2
                  CONTENTS, READONLY
  7 .debug_info   000005f4  00000000  00000000  00001e48  2**0
                  CONTENTS, READONLY, DEBUGGING
  8 .debug_abbrev 000005a2  00000000  00000000  0000243c  2**0
                  CONTENTS, READONLY, DEBUGGING
  9 .debug_line   0000001a  00000000  00000000  000029de  2**0
                  CONTENTS, READONLY, DEBUGGING
 10 .debug_str    00000208  00000000  00000000  000029f8  2**0
                  CONTENTS, READONLY, DEBUGGING
Contents of section .data:
 800100 0c212d00 00000200 00000066 00000000  .!-........f....
 800110 00526573 756c7420 28756e73 69676e65  .Result (unsigne
 800120 6420696e 74656765 72293a20 25640a00  d integer): %d..
 800130 54686520 67697665 6e207061 72616d65  The given parame
 800140 74657220 69732025 640a0000           ter is %d...    
Contents of section .text:
 0000 0c943400 0c945100 0c945100 0c945100  ..4...Q...Q...Q.
 0010 0c945100 0c945100 0c945100 0c945100  ..Q...Q...Q...Q.
 0020 0c945100 0c945100 0c945100 0c945100  ..Q...Q...Q...Q.
 0030 0c945100 0c945100 0c945100 0c945100  ..Q...Q...Q...Q.
 0040 0c945100 0c945100 0c945100 0c945100  ..Q...Q...Q...Q.
 0050 0c945100 0c945100 0c945100 0c945100  ..Q...Q...Q...Q.
 0060 0c945100 0c945100 11241fbe cfefd8e0  ..Q...Q..$......
 0070 debfcdbf 11e0a0e0 b1e0eae0 f7e002c0  ................
 0080 05900d92 ac34b107 d9f721e0 ace4b1e0  .....4....!.....
 0090 01c01d92 a235b207 e1f70e94 85000c94  .....5..........
 00a0 83030c94 00002091 00013091 0101230f  ...... ...0...#.
 00b0 30910201 231721f0 30f48fef 9fef0895  0...#.!.0.......
 00c0 88279927 08959927 81e00895 8a3039f4  .'.'...'.....09.
 00d0 9091c000 95fffccf 9de09093 c6009091  ................
 00e0 c00095ff fccf8093 c60080e0 90e00895  ................
 00f0 9f938f93 80e391e0 9f938f93 0e94a500  ................
 0100 0f900f90 0f900f90 089583e0 91e09093  ................
 0110 4f018093 4e011092 c50087e6 8093c400  O...N...........
 0120 88e18093 c10086e0 8093c200 0e945300  ..............S.
 0130 9f938f93 81e191e0 9f938f93 0e94a500  ................
 0140 0f900f90 0f900f90 ffcfa0e0 b0e0ebea  ................
 0150 f0e00c94 5c03ae01 4b5f5f4f fa016191  ....\...K__O..a.
 0160 7191af01 80914e01 90914f01 0e94bb00  q.....N...O.....
 0170 e2e00c94 7803abe0 b0e0e1ec f0e00c94  ....x...........
 0180 4c036c01 7b018a01 fc011782 16828381  L.l.{...........
 0190 81ffccc1 ce010196 3c01f601 9381f701  ........<.......
 01a0 93fd8591 93ff8191 7f018823 09f4bac1  ...........#....
 01b0 853239f4 93fd8591 93ff8191 7f018532  .29............2
 01c0 29f4b601 90e00e94 b202e7cf 912c212c  )............,!,
 01d0 312cffe1 f315d8f0 8b3279f0 38f48032  1,.......2y.8..2
 01e0 79f08332 a1f4232d 20611dc0 8d3261f0  y..2..#- a...2a.
 01f0 803369f4 232d2160 16c0832d 8260382e  .3i.#-!`...-.`8.
 0200 e32de460 3e2e2ac0 f32df860 1dc037fc  .-.`>.*..-.`..7.
 0210 2dc020ed 280f2a30 40f08e32 b9f436fc  -. .(.*0@..2..6.
 0220 81c1232d 2064322e 19c036fe 06c08ae0  ..#- d2...6.....
 0230 989e200d 1124922e 11c0eae0 2e9e200d  .. ..$........ .
 0240 1124222e f32df062 3f2e08c0 8c3621f4  .$"..-.b?....6!.
 0250 832d8068 382e02c0 883641f4 f70193fd  .-.h8....6A.....
 0260 859193ff 81917f01 8111b3cf 982f9f7d  ............./.}
 0270 95549330 28f40c5f 1f4f9fe3 99830dc0  .T.0(.._.O......
 0280 833631f0 833771f0 833509f0 59c021c0  .61..7q..5..Y.!.
 0290 f8018081 89830e5f 1f4f8824 8394912c  ......._.O.$...,
 02a0 530113c0 2801f2e0 4f0e511c f801a080  S...(...O.Q.....
 02b0 b18036fe 03c0692d 70e002c0 6fef7fef  ..6...i-p...o...
 02c0 c5010e94 a7024c01 8201f32d ff773f2e  ......L....-.w?.
 02d0 16c02801 22e0420e 511cf801 a080b180  ..(.".B.Q.......
 02e0 36fe03c0 692d70e0 02c06fef 7fefc501  6...i-p...o.....
 02f0 0e949c02 4c01f32d f0683f2e 820133fc  ....L..-.h?...3.
 0300 1bc0822d 90e08816 9906b0f4 b60180e2  ...-............
 0310 90e00e94 b2022a94 f4cff501 37fc8591  ......*.....7...
 0320 37fe8191 5f01b601 90e00e94 b2022110  7..._.........!.
 0330 2a9421e0 821a9108 81149104 71f7e8c0  *.!.........q...
 0340 843611f0 893641f5 f80137fe 07c06081  .6...6A...7...`.
 0350 71818281 93810c5f 1f4f08c0 60817181  q......_.O..`.q.
 0360 072e000c 880b990b 0e5f1f4f f32dff76  ........._.O.-.v
 0370 3f2e97ff 09c09095 80957095 61957f4f  ?.........p.a..O
 0380 8f4f9f4f f0683f2e 2ae030e0 a3010e94  .O.O.h?.*.0.....
 0390 ee02882e 861845c0 853731f4 232d2f7e  ......E..71.#-/~
 03a0 b22e2ae0 30e025c0 932d997f b92e8f36  ..*.0.%..-.....6
 03b0 c1f018f4 883579f0 b5c08037 19f08837  .....5y....7...7
 03c0 21f0b0c0 e92fe061 be2eb4fe 0dc0fb2d  !..../.a.......-
 03d0 f460bf2e 09c034fe 0ac0292f 2660b22e  .`....4...)/&`..
 03e0 06c028e0 30e005c0 20e130e0 02c020e1  ..(.0... .0... .
 03f0 32e0f801 b7fe07c0 60817181 82819381  2.......`.q.....
 0400 0c5f1f4f 06c06081 718180e0 90e00e5f  ._.O..`.q......_
 0410 1f4fa301 0e94ee02 882e8618 fb2dff77  .O...........-.w
 0420 3f2e36fe 0dc0232d 2e7fa22e 891458f4  ?.6...#-......X.
 0430 34fe0bc0 32fc09c0 832d8e7e a82e05c0  4...2....-.~....
 0440 b82ca32c 03c0b82c 01c0b92c a4fe0fc0  .,.,...,...,....
 0450 fe01e80d f11d8081 803321f4 9a2d997e  .........3!..-.~
 0460 a92e09c0 a2fe06c0 b394b394 04c08a2d  ...............-
 0470 867809f0 b394a3fc 11c0a0fe 06c0b214  .x..............
 0480 88f4280c 922c9b18 0ec0b214 60f4b601  ..(..,......`...
 0490 80e290e0 0e94b202 b394f7cf b21418f4  ................
 04a0 2b1802c0 982c212c a4fe10c0 b60180e3  +....,!,........
 04b0 90e00e94 b202a2fe 17c0a1fc 03c088e7  ................
 04c0 90e002c0 88e590e0 b6010cc0 8a2d8678  .............-.x
 04d0 59f0a1fe 02c08be2 01c080e2 a7fc8de2  Y...............
 04e0 b60190e0 0e94b202 891438f4 b60180e3  ..........8.....
 04f0 90e00e94 b2029a94 f7cf8a94 f301e80d  ................
 0500 f11d8081 b60190e0 0e94b202 8110f5cf  ................
 0510 222009f4 42ceb601 80e290e0 0e94b202  " ..B...........
 0520 2a94f6cf f6018681 978102c0 8fef9fef  *...............
 0530 2b96e2e1 0c946803 fc010590 61507040  +.....h.....aPp@
 0540 0110d8f7 80959095 8e0f9f1f 0895fc01  ................
 0550 61507040 01900110 d8f78095 90958e0f  aPp@............
 0560 9f1f0895 0f931f93 cf93df93 fb012381  ..............#.
 0570 21fd03c0 8fef9fef 2cc022ff 16c04681  !.......,."...F.
 0580 57812481 35814217 530744f4 a081b181  W.$.5.B.S.D.....
 0590 9d012f5f 3f4f3183 20838c93 26813781  ../_?O1. ...&.7.
 05a0 2f5f3f4f 37832683 14c08b01 ec01fb01  /_?O7.&.........
 05b0 0084f185 e02d0995 892be1f6 d8011696  .....-...+......
 05c0 8d919c91 17970196 17969c93 8e931697  ................
 05d0 ce01df91 cf911f91 0f910895 fa01aa27  ...............'
 05e0 283051f1 203181f1 e8946f93 6e7f6e5f  (0Q. 1....o.n.n_
 05f0 7f4f8f4f 9f4faf4f b1e03ed0 b4e03cd0  .O.O.O.O..>...<.
 0600 670f781f 891f9a1f a11d680f 791f8a1f  g.x.......h.y...
 0610 911da11d 6a0f711d 811d911d a11d20d0  ....j.q....... .
 0620 09f46894 3f912ae0 269f1124 3019305d  ..h.?.*.&..$0.0]
 0630 3193def6 cf010895 462f4770 405d4193  1.......F/Gp@]A.
 0640 b3e00fd0 c9f7f6cf 462f4f70 405d4a33  ........F/Op@]J3
 0650 18f0495d 31fd4052 419302d0 a9f7eacf  ..I]1.@RA.......
 0660 b4e0a695 97958795 77956795 ba95c9f7  ........w.g.....
 0670 00976105 71050895 9b01ac01 0a2e0694  ..a.q...........
 0680 57954795 37952795 ba95c9f7 620f731f  W.G.7.'.....b.s.
 0690 841f951f a01d0895 2f923f92 4f925f92  ......../.?.O._.
 06a0 6f927f92 8f929f92 af92bf92 cf92df92  o...............
 06b0 ef92ff92 0f931f93 cf93df93 cdb7deb7  ................
 06c0 ca1bdb0b 0fb6f894 debf0fbe cdbf0994  ................
 06d0 2a883988 48885f84 6e847d84 8c849b84  *.9.H._.n.}.....
 06e0 aa84b984 c884df80 ee80fd80 0c811b81  ................
 06f0 aa81b981 ce0fd11d 0fb6f894 debf0fbe  ................
 0700 cdbfed01 0895f894 ffcf               ..........      
Contents of section .stab:
 0000 01000000 00009e00 960e0000 01000000  ................
 0010 64000000 a6000000 00000000 44000b00  d...........D...
 0020 a6000000 00000000 44000c00 aa000000  ........D.......
 0030 00000000 44000d00 ae000000 00000000  ....D...........
 0040 44000e00 b0000000 00000000 44000f00  D...........D...
 0050 b4000000 00000000 44001000 b6000000  ........D.......
 0060 00000000 44001100 b8000000 00000000  ....D...........
 0070 44001200 ba000000 00000000 44001300  D...........D...
 0080 bc000000 00000000 44001400 be000000  ........D.......
 0090 00000000 44001700 c0000000 00000000  ....D...........
 00a0 44001800 c2000000 00000000 44001900  D...........D...
 00b0 c4000000 00000000 44001b00 c6000000  ........D.......
 00c0 00000000 44001c00 c8000000 00000000  ....D...........
 00d0 44001d00 ca000000 07000000 64000200  D...........d...
 00e0 cc000000 2b000000 64000200 cc000000  ....+...d.......
 00f0 3a000000 3c000000 00000000 49000000  :...<.......I...
 0100 80000000 00000000 69000000 80000000  ........i.......
 0110 00000000 83000000 80000000 00000000  ................
 0120 ba000000 80000000 00000000 e0000000  ................
 0130 80000000 00000000 15010000 80000000  ................
 0140 00000000 8d010000 80000000 00000000  ................
 0150 e3010000 80000000 00000000 35020000  ............5...
 0160 80000000 00000000 7a020000 80000000  ........z.......
 0170 00000000 a2020000 80000000 00000000  ................
 0180 d0020000 80000000 00000000 fa020000  ................
 0190 80000000 00000000 23030000 80000000  ........#.......
 01a0 00000000 3d030000 80000000 00000000  ....=...........
 01b0 58030000 80000000 00000000 78030000  X...........x...
 01c0 80000000 00000000 99030000 80000000  ................
 01d0 00000000 b4030000 80000000 00000000  ................
 01e0 d4030000 80000000 00000000 f9030000  ................
 01f0 80000000 00000000 23040000 80000000  ........#.......
 0200 00000000 47040000 80000000 00000000  ....G...........
 0210 70040000 80000000 00000000 9e040000  p...............
 0220 80000000 00000000 c4040000 80000000  ................
 0230 00000000 e4040000 80000000 00000000  ................
 0240 09050000 80000000 00000000 33050000  ............3...
 0250 80000000 00000000 62050000 80000000  ........b.......
 0260 00000000 8b050000 80000000 00000000  ................
 0270 b9050000 80000000 00000000 ec050000  ................
 0280 80000000 00000000 0d060000 80000000  ................
 0290 00000000 28060000 80000000 00000000  ....(...........
 02a0 48060000 80000000 00000000 6d060000  H...........m...
 02b0 80000000 00000000 97060000 80000000  ................
 02c0 00000000 bb060000 80000000 00000000  ................
 02d0 e4060000 80000000 00000000 12070000  ................
 02e0 80000000 00000000 38070000 80000000  ........8.......
 02f0 00000000 58070000 80000000 00000000  ....X...........
 0300 7d070000 80000000 00000000 a7070000  }...............
 0310 80000000 00000000 d6070000 80000000  ................
 0320 00000000 ff070000 80000000 00000000  ................
 0330 2d080000 80000000 00000000 60080000  -...........`...
 0340 80000000 00000000 74080000 82000000  ........t.......
 0350 00000000 92080000 82000000 00000000  ................
 0360 b6080000 82000000 250f0000 d6080000  ........%.......
 0370 82000000 00000000 fe080000 82000000  ................
 0380 3bb80000 1c090000 80007d00 00000000  ;.........}.....
 0390 31090000 80007e00 00000000 47090000  1.....~.....G...
 03a0 80007f00 00000000 5c090000 80008000  ........\.......
 03b0 00000000 72090000 80008100 00000000  ....r...........
 03c0 87090000 80008200 00000000 9d090000  ................
 03d0 80008400 00000000 b2090000 80008500  ................
 03e0 00000000 c8090000 80009200 00000000  ................
 03f0 de090000 80009700 00000000 f6090000  ................
 0400 8000a300 00000000 110a0000 8000a800  ................
 0410 00000000 2d0a0000 8000ad00 00000000  ....-...........
 0420 490a0000 8000b200 00000000 660a0000  I...........f...
 0430 8000b700 00000000 820a0000 8000bc00  ................
 0440 00000000 9f0a0000 8000c400 00000000  ................
 0450 bb0a0000 8000cb00 00000000 d80a0000  ................
 0460 8000d900 00000000 f20a0000 8000de00  ................
 0470 00000000 0d0b0000 8000e300 00000000  ................
 0480 280b0000 8000e800 00000000 440b0000  (...........D...
 0490 8000ed00 00000000 5f0b0000 8000f200  ........_.......
 04a0 00000000 7b0b0000 8000fa00 00000000  ....{...........
 04b0 960b0000 80000101 00000000 b20b0000  ................
 04c0 80001501 00000000 c90b0000 80001a01  ................
 04d0 00000000 00000000 a2000000 00000000  ................
 04e0 00000000 a2000000 00000000 e10b0000  ................
 04f0 80004d00 00000000 fb0b0000 80005100  ..M...........Q.
 0500 00000000 00000000 a2000000 00000000  ................
 0510 00000000 a2000000 00000000 160c0000  ................
 0520 82000000 6e130000 360c0000 8000f400  ....n...6.......
 0530 00000000 00000000 a2000000 00000000  ................
 0540 00000000 a2000000 00000000 840c0000  ................
 0550 82000000 85330000 a10c0000 82000000  .....3..........
 0560 900e0000 c90c0000 80002800 00000000  ..........(.....
 0570 ed0c0000 80006200 00000000 00000000  ......b.........
 0580 a2000000 00000000 020d0000 82000000  ................
 0590 d8040000 2a0d0000 8000d800 00000000  ....*...........
 05a0 00000000 a2000000 00000000 3e0d0000  ............>...
 05b0 80000000 00000000 010e0000 80001501  ................
 05c0 00000000 130e0000 8000b603 00000000  ................
 05d0 00000000 a2000000 00000000 270e0000  ............'...
 05e0 2400eb00 cc000000 430e0000 4000eb00  $.......C...@...
 05f0 18000000 4e0e0000 4000eb00 16000000  ....N...@.......
 0600 00000000 2e000000 cc000000 00000000  ................
 0610 4400eb00 00000000 00000000 4400ee00  D...........D...
 0620 00000000 00000000 4400a000 04000000  ........D.......
 0630 00000000 4400a300 0c000000 00000000  ....D...........
 0640 4400a000 12000000 00000000 4400a300  D...........D...
 0650 1a000000 00000000 4400f300 1e000000  ........D.......
 0660 00000000 24000000 24000000 00000000  ....$...$.......
 0670 4e000000 f0000000 640e0000 24005400  N.......d...$.T.
 0680 0a010000 00000000 2e000000 0a010000  ................
 0690 00000000 44005400 00000000 00000000  ....D.T.........
 06a0 44005900 00000000 00000000 44008a00  D.Y.........D...
 06b0 0c000000 00000000 44008b00 10000000  ........D.......
 06c0 00000000 44008e00 16000000 00000000  ....D...........
 06d0 44009100 1c000000 00000000 44005f00  D...........D._.
 06e0 22000000 00000000 44006200 26000000  ".......D.b.&...
 06f0 00000000 24000000 40000000 00000000  ....$...@.......
 0700 4e000000 4a010000 700e0000 24007400  N...J...p...$.t.
 0710 f0000000 00000000 2e000000 f0000000  ................
 0720 00000000 44007500 00000000 00000000  ....D.u.........
 0730 44007600 00000000 00000000 44007700  D.v.........D.w.
 0740 10000000 00000000 24000000 1a000000  ........$.......
 0750 00000000 4e000000 0a010000 860e0000  ....N...........
 0760 26004400 03018000 00000000 64000000  &.D.........d...
 0770 0a010000                             ....            
Contents of section .stabstr:
 0000 0061736d 2e73002f 686f6d65 2f686572  .asm.s./home/her
 0010 61696e2f 446f6375 6d656e74 732f454c  ain/Documents/EL
 0020 45433136 30312f61 732f0077 72617070  EC1601/as/.wrapp
 0030 65725f75 6172742e 63006763 63325f63  er_uart.c.gcc2_c
 0040 6f6d7069 6c65642e 00696e74 3a742830  ompiled..int:t(0
 0050 2c31293d 7228302c 31293b2d 33323736  ,1)=r(0,1);-3276
 0060 383b3332 3736373b 00636861 723a7428  8;32767;.char:t(
 0070 302c3229 3d722830 2c32293b 303b3132  0,2)=r(0,2);0;12
 0080 373b006c 6f6e6720 696e743a 7428302c  7;.long int:t(0,
 0090 33293d40 7333323b 7228302c 33293b30  3)=@s32;r(0,3);0
 00a0 32303030 30303030 3030303b 30313737  20000000000;0177
 00b0 37373737 37373737 3b00756e 7369676e  77777777;.unsign
 00c0 65642069 6e743a74 28302c34 293d7228  ed int:t(0,4)=r(
 00d0 302c3429 3b303b30 31373737 37373b00  0,4);0;0177777;.
 00e0 6c6f6e67 20756e73 69676e65 6420696e  long unsigned in
 00f0 743a7428 302c3529 3d407333 323b7228  t:t(0,5)=@s32;r(
 0100 302c3529 3b303b30 33373737 37373737  0,5);0;037777777
 0110 3737373b 005f5f69 6e743132 383a7428  777;.__int128:t(
 0120 302c3629 3d407331 32383b72 28302c36  0,6)=@s128;r(0,6
 0130 293b3032 30303030 30303030 30303030  );02000000000000
 0140 30303030 30303030 30303030 30303030  0000000000000000
 0150 30303030 30303030 30303030 30303b30  00000000000000;0
 0160 31373737 37373737 37373737 37373737  1777777777777777
 0170 37373737 37373737 37373737 37373737  7777777777777777
 0180 37373737 37373737 3737373b 005f5f69  77777777777;.__i
 0190 6e743132 3820756e 7369676e 65643a74  nt128 unsigned:t
 01a0 28302c37 293d4073 3132383b 7228302c  (0,7)=@s128;r(0,
 01b0 37293b30 3b303337 37373737 37373737  7);0;03777777777
 01c0 37373737 37373737 37373737 37373737  7777777777777777
 01d0 37373737 37373737 37373737 37373737  7777777777777777
 01e0 373b006c 6f6e6720 6c6f6e67 20696e74  7;.long long int
 01f0 3a742830 2c38293d 40733634 3b722830  :t(0,8)=@s64;r(0
 0200 2c38293b 30313030 30303030 30303030  ,8);010000000000
 0210 30303030 30303030 3030303b 30303737  00000000000;0077
 0220 37373737 37373737 37373737 37373737  7777777777777777
 0230 3737373b 006c6f6e 67206c6f 6e672075  777;.long long u
 0240 6e736967 6e656420 696e743a 7428302c  nsigned int:t(0,
 0250 39293d40 7336343b 7228302c 39293b30  9)=@s64;r(0,9);0
 0260 3b303137 37373737 37373737 37373737  ;017777777777777
 0270 37373737 37373737 3b007368 6f727420  77777777;.short 
 0280 696e743a 7428302c 3130293d 7228302c  int:t(0,10)=r(0,
 0290 3130293b 2d333237 36383b33 32373637  10);-32768;32767
 02a0 3b007368 6f727420 756e7369 676e6564  ;.short unsigned
 02b0 20696e74 3a742830 2c313129 3d722830   int:t(0,11)=r(0
 02c0 2c313129 3b303b30 31373737 37373b00  ,11);0;0177777;.
 02d0 7369676e 65642063 6861723a 7428302c  signed char:t(0,
 02e0 3132293d 4073383b 7228302c 3132293b  12)=@s8;r(0,12);
 02f0 2d313238 3b313237 3b00756e 7369676e  -128;127;.unsign
 0300 65642063 6861723a 7428302c 3133293d  ed char:t(0,13)=
 0310 4073383b 7228302c 3133293b 303b3235  @s8;r(0,13);0;25
 0320 353b0066 6c6f6174 3a742830 2c313429  5;.float:t(0,14)
 0330 3d722830 2c31293b 343b303b 00646f75  =r(0,1);4;0;.dou
 0340 626c653a 7428302c 3135293d 7228302c  ble:t(0,15)=r(0,
 0350 31293b34 3b303b00 6c6f6e67 20646f75  1);4;0;.long dou
 0360 626c653a 7428302c 3136293d 7228302c  ble:t(0,16)=r(0,
 0370 31293b34 3b303b00 73686f72 74205f46  1);4;0;.short _F
 0380 72616374 3a742830 2c313729 3d722830  ract:t(0,17)=r(0
 0390 2c31293b 313b303b 005f4672 6163743a  ,1);1;0;._Fract:
 03a0 7428302c 3138293d 7228302c 31293b32  t(0,18)=r(0,1);2
 03b0 3b303b00 6c6f6e67 205f4672 6163743a  ;0;.long _Fract:
 03c0 7428302c 3139293d 7228302c 31293b34  t(0,19)=r(0,1);4
 03d0 3b303b00 6c6f6e67 206c6f6e 67205f46  ;0;.long long _F
 03e0 72616374 3a742830 2c323029 3d722830  ract:t(0,20)=r(0
 03f0 2c31293b 383b303b 00756e73 69676e65  ,1);8;0;.unsigne
 0400 64207368 6f727420 5f467261 63743a74  d short _Fract:t
 0410 28302c32 31293d72 28302c31 293b313b  (0,21)=r(0,1);1;
 0420 303b0075 6e736967 6e656420 5f467261  0;.unsigned _Fra
 0430 63743a74 28302c32 32293d72 28302c31  ct:t(0,22)=r(0,1
 0440 293b323b 303b0075 6e736967 6e656420  );2;0;.unsigned 
 0450 6c6f6e67 205f4672 6163743a 7428302c  long _Fract:t(0,
 0460 3233293d 7228302c 31293b34 3b303b00  23)=r(0,1);4;0;.
 0470 756e7369 676e6564 206c6f6e 67206c6f  unsigned long lo
 0480 6e67205f 46726163 743a7428 302c3234  ng _Fract:t(0,24
 0490 293d7228 302c3129 3b383b30 3b005f53  )=r(0,1);8;0;._S
 04a0 61742073 686f7274 205f4672 6163743a  at short _Fract:
 04b0 7428302c 3235293d 7228302c 31293b31  t(0,25)=r(0,1);1
 04c0 3b303b00 5f536174 205f4672 6163743a  ;0;._Sat _Fract:
 04d0 7428302c 3236293d 7228302c 31293b32  t(0,26)=r(0,1);2
 04e0 3b303b00 5f536174 206c6f6e 67205f46  ;0;._Sat long _F
 04f0 72616374 3a742830 2c323729 3d722830  ract:t(0,27)=r(0
 0500 2c31293b 343b303b 005f5361 74206c6f  ,1);4;0;._Sat lo
 0510 6e67206c 6f6e6720 5f467261 63743a74  ng long _Fract:t
 0520 28302c32 38293d72 28302c31 293b383b  (0,28)=r(0,1);8;
 0530 303b005f 53617420 756e7369 676e6564  0;._Sat unsigned
 0540 2073686f 7274205f 46726163 743a7428   short _Fract:t(
 0550 302c3239 293d7228 302c3129 3b313b30  0,29)=r(0,1);1;0
 0560 3b005f53 61742075 6e736967 6e656420  ;._Sat unsigned 
 0570 5f467261 63743a74 28302c33 30293d72  _Fract:t(0,30)=r
 0580 28302c31 293b323b 303b005f 53617420  (0,1);2;0;._Sat 
 0590 756e7369 676e6564 206c6f6e 67205f46  unsigned long _F
 05a0 72616374 3a742830 2c333129 3d722830  ract:t(0,31)=r(0
 05b0 2c31293b 343b303b 005f5361 7420756e  ,1);4;0;._Sat un
 05c0 7369676e 6564206c 6f6e6720 6c6f6e67  signed long long
 05d0 205f4672 6163743a 7428302c 3332293d   _Fract:t(0,32)=
 05e0 7228302c 31293b38 3b303b00 73686f72  r(0,1);8;0;.shor
 05f0 74205f41 6363756d 3a742830 2c333329  t _Accum:t(0,33)
 0600 3d722830 2c31293b 323b303b 005f4163  =r(0,1);2;0;._Ac
 0610 63756d3a 7428302c 3334293d 7228302c  cum:t(0,34)=r(0,
 0620 31293b34 3b303b00 6c6f6e67 205f4163  1);4;0;.long _Ac
 0630 63756d3a 7428302c 3335293d 7228302c  cum:t(0,35)=r(0,
 0640 31293b38 3b303b00 6c6f6e67 206c6f6e  1);8;0;.long lon
 0650 67205f41 6363756d 3a742830 2c333629  g _Accum:t(0,36)
 0660 3d722830 2c31293b 383b303b 00756e73  =r(0,1);8;0;.uns
 0670 69676e65 64207368 6f727420 5f416363  igned short _Acc
 0680 756d3a74 28302c33 37293d72 28302c31  um:t(0,37)=r(0,1
 0690 293b323b 303b0075 6e736967 6e656420  );2;0;.unsigned 
 06a0 5f416363 756d3a74 28302c33 38293d72  _Accum:t(0,38)=r
 06b0 28302c31 293b343b 303b0075 6e736967  (0,1);4;0;.unsig
 06c0 6e656420 6c6f6e67 205f4163 63756d3a  ned long _Accum:
 06d0 7428302c 3339293d 7228302c 31293b38  t(0,39)=r(0,1);8
 06e0 3b303b00 756e7369 676e6564 206c6f6e  ;0;.unsigned lon
 06f0 67206c6f 6e67205f 41636375 6d3a7428  g long _Accum:t(
 0700 302c3430 293d7228 302c3129 3b383b30  0,40)=r(0,1);8;0
 0710 3b005f53 61742073 686f7274 205f4163  ;._Sat short _Ac
 0720 63756d3a 7428302c 3431293d 7228302c  cum:t(0,41)=r(0,
 0730 31293b32 3b303b00 5f536174 205f4163  1);2;0;._Sat _Ac
 0740 63756d3a 7428302c 3432293d 7228302c  cum:t(0,42)=r(0,
 0750 31293b34 3b303b00 5f536174 206c6f6e  1);4;0;._Sat lon
 0760 67205f41 6363756d 3a742830 2c343329  g _Accum:t(0,43)
 0770 3d722830 2c31293b 383b303b 005f5361  =r(0,1);8;0;._Sa
 0780 74206c6f 6e67206c 6f6e6720 5f416363  t long long _Acc
 0790 756d3a74 28302c34 34293d72 28302c31  um:t(0,44)=r(0,1
 07a0 293b383b 303b005f 53617420 756e7369  );8;0;._Sat unsi
 07b0 676e6564 2073686f 7274205f 41636375  gned short _Accu
 07c0 6d3a7428 302c3435 293d7228 302c3129  m:t(0,45)=r(0,1)
 07d0 3b323b30 3b005f53 61742075 6e736967  ;2;0;._Sat unsig
 07e0 6e656420 5f416363 756d3a74 28302c34  ned _Accum:t(0,4
 07f0 36293d72 28302c31 293b343b 303b005f  6)=r(0,1);4;0;._
 0800 53617420 756e7369 676e6564 206c6f6e  Sat unsigned lon
 0810 67205f41 6363756d 3a742830 2c343729  g _Accum:t(0,47)
 0820 3d722830 2c31293b 383b303b 005f5361  =r(0,1);8;0;._Sa
 0830 7420756e 7369676e 6564206c 6f6e6720  t unsigned long 
 0840 6c6f6e67 205f4163 63756d3a 7428302c  long _Accum:t(0,
 0850 3438293d 7228302c 31293b38 3b303b00  48)=r(0,1);8;0;.
 0860 766f6964 3a742830 2c343929 3d28302c  void:t(0,49)=(0,
 0870 34392900 2f757372 2f6c6962 2f617672  49)./usr/lib/avr
 0880 2f696e63 6c756465 2f617672 2f696f2e  /include/avr/io.
 0890 68002f75 73722f6c 69622f61 76722f69  h./usr/lib/avr/i
 08a0 6e636c75 64652f61 76722f73 66725f64  nclude/avr/sfr_d
 08b0 6566732e 68002f75 73722f6c 69622f61  efs.h./usr/lib/a
 08c0 76722f69 6e636c75 64652f69 6e747479  vr/include/intty
 08d0 7065732e 68002f75 73722f6c 69622f67  pes.h./usr/lib/g
 08e0 63632f61 76722f35 2e342e30 2f696e63  cc/avr/5.4.0/inc
 08f0 6c756465 2f737464 696e742e 68002f75  lude/stdint.h./u
 0900 73722f6c 69622f61 76722f69 6e636c75  sr/lib/avr/inclu
 0910 64652f73 7464696e 742e6800 696e7438  de/stdint.h.int8
 0920 5f743a74 28352c31 293d2830 2c313229  _t:t(5,1)=(0,12)
 0930 0075696e 74385f74 3a742835 2c32293d  .uint8_t:t(5,2)=
 0940 28302c31 33290069 6e743136 5f743a74  (0,13).int16_t:t
 0950 28352c33 293d2830 2c312900 75696e74  (5,3)=(0,1).uint
 0960 31365f74 3a742835 2c34293d 28302c34  16_t:t(5,4)=(0,4
 0970 2900696e 7433325f 743a7428 352c3529  ).int32_t:t(5,5)
 0980 3d28302c 33290075 696e7433 325f743a  =(0,3).uint32_t:
 0990 7428352c 36293d28 302c3529 00696e74  t(5,6)=(0,5).int
 09a0 36345f74 3a742835 2c37293d 28302c38  64_t:t(5,7)=(0,8
 09b0 29007569 6e743634 5f743a74 28352c38  ).uint64_t:t(5,8
 09c0 293d2830 2c392900 696e7470 74725f74  )=(0,9).intptr_t
 09d0 3a742835 2c39293d 28352c33 29007569  :t(5,9)=(5,3).ui
 09e0 6e747074 725f743a 7428352c 3130293d  ntptr_t:t(5,10)=
 09f0 28352c34 2900696e 745f6c65 61737438  (5,4).int_least8
 0a00 5f743a74 28352c31 31293d28 352c3129  _t:t(5,11)=(5,1)
 0a10 0075696e 745f6c65 61737438 5f743a74  .uint_least8_t:t
 0a20 28352c31 32293d28 352c3229 00696e74  (5,12)=(5,2).int
 0a30 5f6c6561 73743136 5f743a74 28352c31  _least16_t:t(5,1
 0a40 33293d28 352c3329 0075696e 745f6c65  3)=(5,3).uint_le
 0a50 61737431 365f743a 7428352c 3134293d  ast16_t:t(5,14)=
 0a60 28352c34 2900696e 745f6c65 61737433  (5,4).int_least3
 0a70 325f743a 7428352c 3135293d 28352c35  2_t:t(5,15)=(5,5
 0a80 29007569 6e745f6c 65617374 33325f74  ).uint_least32_t
 0a90 3a742835 2c313629 3d28352c 36290069  :t(5,16)=(5,6).i
 0aa0 6e745f6c 65617374 36345f74 3a742835  nt_least64_t:t(5
 0ab0 2c313729 3d28352c 37290075 696e745f  ,17)=(5,7).uint_
 0ac0 6c656173 7436345f 743a7428 352c3138  least64_t:t(5,18
 0ad0 293d2835 2c382900 696e745f 66617374  )=(5,8).int_fast
 0ae0 385f743a 7428352c 3139293d 28352c31  8_t:t(5,19)=(5,1
 0af0 29007569 6e745f66 61737438 5f743a74  ).uint_fast8_t:t
 0b00 28352c32 30293d28 352c3229 00696e74  (5,20)=(5,2).int
 0b10 5f666173 7431365f 743a7428 352c3231  _fast16_t:t(5,21
 0b20 293d2835 2c332900 75696e74 5f666173  )=(5,3).uint_fas
 0b30 7431365f 743a7428 352c3232 293d2835  t16_t:t(5,22)=(5
 0b40 2c342900 696e745f 66617374 33325f74  ,4).int_fast32_t
 0b50 3a742835 2c323329 3d28352c 35290075  :t(5,23)=(5,5).u
 0b60 696e745f 66617374 33325f74 3a742835  int_fast32_t:t(5
 0b70 2c323429 3d28352c 36290069 6e745f66  ,24)=(5,6).int_f
 0b80 61737436 345f743a 7428352c 3235293d  ast64_t:t(5,25)=
 0b90 28352c37 29007569 6e745f66 61737436  (5,7).uint_fast6
 0ba0 345f743a 7428352c 3236293d 28352c38  4_t:t(5,26)=(5,8
 0bb0 2900696e 746d6178 5f743a74 28352c32  ).intmax_t:t(5,2
 0bc0 37293d28 352c3729 0075696e 746d6178  7)=(5,7).uintmax
 0bd0 5f743a74 28352c32 38293d28 352c3829  _t:t(5,28)=(5,8)
 0be0 00696e74 5f666172 7074725f 743a7428  .int_farptr_t:t(
 0bf0 332c3129 3d28352c 35290075 696e745f  3,1)=(5,5).uint_
 0c00 66617270 74725f74 3a742833 2c32293d  farptr_t:t(3,2)=
 0c10 28352c36 29002f75 73722f6c 69622f61  (5,6)./usr/lib/a
 0c20 76722f69 6e636c75 64652f61 76722f66  vr/include/avr/f
 0c30 7573652e 68005f5f 66757365 5f743a74  use.h.__fuse_t:t
 0c40 28362c31 293d2836 2c32293d 73336c6f  (6,1)=(6,2)=s3lo
 0c50 773a2830 2c313329 2c302c38 3b686967  w:(0,13),0,8;hig
 0c60 683a2830 2c313329 2c382c38 3b657874  h:(0,13),8,8;ext
 0c70 656e6465 643a2830 2c313329 2c31362c  ended:(0,13),16,
 0c80 383b3b00 2f757372 2f6c6962 2f617672  8;;./usr/lib/avr
 0c90 2f696e63 6c756465 2f737464 696f2e68  /include/stdio.h
 0ca0 002f7573 722f6c69 622f6763 632f6176  ./usr/lib/gcc/av
 0cb0 722f352e 342e302f 696e636c 7564652f  r/5.4.0/include/
 0cc0 73746461 72672e68 005f5f67 6e75635f  stdarg.h.__gnuc_
 0cd0 76615f6c 6973743a 7428382c 31293d28  va_list:t(8,1)=(
 0ce0 382c3229 3d2a2830 2c343929 0076615f  8,2)=*(0,49).va_
 0cf0 6c697374 3a742838 2c33293d 28382c31  list:t(8,3)=(8,1
 0d00 29002f75 73722f6c 69622f67 63632f61  )./usr/lib/gcc/a
 0d10 76722f35 2e342e30 2f696e63 6c756465  vr/5.4.0/include
 0d20 2f737464 6465662e 68007369 7a655f74  /stddef.h.size_t
 0d30 3a742839 2c31293d 28302c34 29005f5f  :t(9,1)=(0,4).__
 0d40 66696c65 3a542837 2c31293d 73313462  file:T(7,1)=s14b
 0d50 75663a28 372c3229 3d2a2830 2c32292c  uf:(7,2)=*(0,2),
 0d60 302c3136 3b756e67 65743a28 302c3133  0,16;unget:(0,13
 0d70 292c3136 2c383b66 6c616773 3a28352c  ),16,8;flags:(5,
 0d80 32292c32 342c383b 73697a65 3a28302c  2),24,8;size:(0,
 0d90 31292c33 322c3136 3b6c656e 3a28302c  1),32,16;len:(0,
 0da0 31292c34 382c3136 3b707574 3a28372c  1),48,16;put:(7,
 0db0 33293d2a 28372c34 293d6628 302c3129  3)=*(7,4)=f(0,1)
 0dc0 2c36342c 31363b67 65743a28 372c3529  ,64,16;get:(7,5)
 0dd0 3d2a2837 2c36293d 6628302c 31292c38  =*(7,6)=f(0,1),8
 0de0 302c3136 3b756461 74613a28 372c3729  0,16;udata:(7,7)
 0df0 3d2a2830 2c343929 2c39362c 31363b3b  =*(0,49),96,16;;
 0e00 0046494c 453a7428 372c3829 3d28372c  .FILE:t(7,8)=(7,
 0e10 31290066 706f735f 743a7428 372c3929  1).fpos_t:t(7,9)
 0e20 3d28302c 38290075 73617274 5f707574  =(0,8).usart_put
 0e30 63686172 5f707269 6e74663a 6628302c  char_printf:f(0,
 0e40 31290076 61723a50 28302c32 29007374  1).var:P(0,2).st
 0e50 7265616d 3a502830 2c353029 3d2a2837  ream:P(0,50)=*(7
 0e60 2c382900 6d61696e 3a462830 2c312900  ,8).main:F(0,1).
 0e70 7072696e 745f696e 74656765 723a4628  print_integer:F(
 0e80 302c3439 29006d79 7374646f 75743a53  0,49).mystdout:S
 0e90 28372c38 2900                        (7,8).          
Contents of section .comment:
 0000 4743433a 2028474e 55292035 2e342e30  GCC: (GNU) 5.4.0
 0010 00                                   .               
Contents of section .note.gnu.avr.deviceinfo:
 0000 04000000 2d000000 01000000 41565200  ....-.......AVR.
 0010 00000000 00800000 00010000 00080000  ................
 0020 00000000 00040000 08000000 01000000  ................
 0030 0061746d 65676133 32387000 00000000  .atmega328p.....
Contents of section .debug_info:
 0000 f0050000 02000000 00000401 00000000  ................
 0010 00000000 020f0000 00010803 17000000  ................
 0020 02070414 00000005 1b000000 ff030006  ................
 0030 20000000 00002200 00000105 03000081   .....".........
 0040 00072900 00000000 14000000 010503c6  ..).............
 0050 00800008 2e000000 00001400 00000105  ................
 0060 03c00080 00093500 00000000 14000000  ......5.........
 0070 010503c1 0080000a 3c000000 00001400  ........<.......
 0080 00000105 03c20080 000b4300 00000000  ..........C.....
 0090 1b000000 010503c4 0080000c 49000000  ............I...
 00a0 00001400 00000105 03bd0080 000d4f00  ..............O.
 00b0 00000000 14000000 010503b8 0080000e  ................
 00c0 54000000 00001400 00000105 03bc0080  T...............
 00d0 000f5900 00000000 14000000 010503b9  ..Y.............
 00e0 00800010 5e000000 00001400 00000105  ....^...........
 00f0 03bb0080 00116300 00000000 14000000  ......c.........
 0100 010503ba 00800012 68000000 00001400  ........h.......
 0110 00000105 036f0080 00136f00 00000000  .....o....o.....
 0120 14000000 01050336 00800014 75000000  .......6....u...
 0130 00001400 00000105 03800080 00157c00  ..............|.
 0140 00000000 14000000 01050381 00800016  ................
 0150 83000000 00001400 00000105 03820080  ................
 0160 00178a00 00000000 1b000000 01050384  ................
 0170 00800018 90000000 00001b00 00000105  ................
 0180 03880080 00199600 00000000 1b000000  ................
 0190 0105038a 0080001a 9c000000 00001b00  ................
 01a0 00000105 03860080 001ba100 00000000  ................
 01b0 14000000 01050343 0080001c a7000000  .......C........
 01c0 00001400 00000105 03700080 001dae00  .........p......
 01d0 00000000 14000000 01050337 0080001e  ...........7....
 01e0 b4000000 00001400 00000105 03b00080  ................
 01f0 001fbb00 00000000 14000000 010503b1  ................
 0200 00800020 c2000000 00001400 00000105  ... ............
 0210 03b20080 0021c800 00000000 14000000  .....!..........
 0220 010503b4 00800022 ce000000 00001400  ......."........
 0230 00000105 03b30080 0023d400 00000000  .........#......
 0240 14000000 010503b6 00800024 d9000000  ...........$....
 0250 00001400 00000105 03430080 0025df00  .........C...%..
 0260 00000000 14000000 0105037c 00800026  ...........|...&
 0270 e5000000 00001b00 00000105 03780080  .............x..
 0280 0027e900 00000000 14000000 0105037a  .'.............z
 0290 00800028 f0000000 00001400 00000105  ...(............
 02a0 037b0080 0029f700 00000000 14000000  .{...)..........
 02b0 0105037e 0080002a fd000000 00001400  ...~...*........
 02c0 00000105 03500080 002b0201 00000000  .....P...+......
 02d0 14000000 0105037f 0080002c 08010000  ...........,....
 02e0 00001400 00000105 03250080 002d0e01  .........%...-..
 02f0 00000000 14000000 01050324 0080002e  ...........$....
 0300 13010000 00001400 00000105 03230080  .............#..
 0310 002f1801 00000000 14000000 01050328  ./.............(
 0320 00800030 1e010000 00001400 00000105  ...0............
 0330 03270080 00312301 00000000 14000000  .'...1#.........
 0340 01050326 00800032 28010000 00001400  ...&...2(.......
 0350 00000105 032b0080 00332e01 00000000  .....+...3......
 0360 14000000 0105032a 00800034 33010000  .......*...43...
 0370 00001400 00000105 03290080 00353801  .........)...58.
 0380 00000000 14000000 01050348 00800036  ...........H...6
 0390 3e010000 00001400 00000105 03470080  >............G..
 03a0 00374401 00000000 14000000 01050346  .7D............F
 03b0 00800038 4a010000 00001400 00000105  ...8J...........
 03c0 03450080 00395101 00000000 14000000  .E...9Q.........
 03d0 01050344 0080003a 58010000 00001400  ...D...:X.......
 03e0 00000105 036e0080 003b5f01 00000000  .....n...;_.....
 03f0 14000000 01050335 0080003c 65010000  .......5...<e...
 0400 00001400 00000105 03430080 003d6b01  .........C...=k.
 0410 00000000 14000000 01050369 0080003e  ...........i...>
 0420 71010000 00001400 00000105 033d0080  q............=..
 0430 003f7701 00000000 14000000 0105033c  .?w............<
 0440 00800040 7c010000 00001400 00000105  ...@|...........
 0450 03680080 00418201 00000000 14000000  .h...A..........
 0460 0105036d 00800042 89010000 00001400  ...m...B........
 0470 00000105 036c0080 00439001 00000000  .....l...C......
 0480 14000000 0105036b 00800044 97010000  .......k...D....
 0490 00001400 00000105 033b0080 00459d01  .........;...E..
 04a0 00000000 14000000 0105034e 00800046  ...........N...F
 04b0 a2010000 00001400 00000105 034d0080  .............M..
 04c0 0047a701 00000000 14000000 0105034c  .G.............L
 04d0 00800048 ac010000 00001400 00000105  ...H............
 04e0 03600080 0049b301 00000000 14000000  .`...I..........
 04f0 01050364 0080004a b7010000 00001400  ...d...J........
 0500 00000105 03660080 004bbe01 00000000  .....f...K......
 0510 14000000 01050361 0080004c c4010000  .......a...L....
 0520 00001400 00000105 035f0080 004dc901  ........._...M..
 0530 00000000 1b000000 0105035d 0080004e  ...........]...N
 0540 cc010000 00001400 00000105 03570080  .............W..
 0550 004fd301 00000000 14000000 01050355  .O.............U
 0560 00800050 d9010000 00001400 00000105  ...P............
 0570 03540080 0051df01 00000000 14000000  .T...Q..........
 0580 01050353 00800052 e4010000 00001400  ...S...R........
 0590 00000105 034b0080 0053eb01 00000000  .....K...S......
 05a0 14000000 0105034a 00800054 f2010000  .......J...T....
 05b0 00001400 00000105 033e0080 0055f901  .........>...U..
 05c0 00000000 1b000000 01050341 00800056  ...........A...V
 05d0 fe010000 00001400 00000105 03400080  .............@..
 05e0 00570302 00000000 14000000 0105033f  .W.............?
 05f0 00800000                             ....            
Contents of section .debug_abbrev:
 0000 01110125 0e100600 00022400 030e0b0b  ...%......$.....
 0010 3e0b0000 03240003 0e0b0b3e 0b000004  >....$.....>....
 0020 01014913 00000521 0049132f 05000006  ..I....!.I./....
 0030 3400030e 3a0b3b0b 49133f0c 020a0000  4...:.;.I.?.....
 0040 07340003 0e3a0b3b 0b49133f 0c020a00  .4...:.;.I.?....
 0050 00083400 030e3a0b 3b0b4913 3f0c020a  ..4...:.;.I.?...
 0060 00000934 00030e3a 0b3b0b49 133f0c02  ...4...:.;.I.?..
 0070 0a00000a 3400030e 3a0b3b0b 49133f0c  ....4...:.;.I.?.
 0080 020a0000 0b340003 0e3a0b3b 0b49133f  .....4...:.;.I.?
 0090 0c020a00 000c3400 030e3a0b 3b0b4913  ......4...:.;.I.
 00a0 3f0c020a 00000d34 00030e3a 0b3b0b49  ?......4...:.;.I
 00b0 133f0c02 0a00000e 3400030e 3a0b3b0b  .?......4...:.;.
 00c0 49133f0c 020a0000 0f340003 0e3a0b3b  I.?......4...:.;
 00d0 0b49133f 0c020a00 00103400 030e3a0b  .I.?......4...:.
 00e0 3b0b4913 3f0c020a 00001134 00030e3a  ;.I.?......4...:
 00f0 0b3b0b49 133f0c02 0a000012 3400030e  .;.I.?......4...
 0100 3a0b3b0b 49133f0c 020a0000 13340003  :.;.I.?......4..
 0110 0e3a0b3b 0b49133f 0c020a00 00143400  .:.;.I.?......4.
 0120 030e3a0b 3b0b4913 3f0c020a 00001534  ..:.;.I.?......4
 0130 00030e3a 0b3b0b49 133f0c02 0a000016  ...:.;.I.?......
 0140 3400030e 3a0b3b0b 49133f0c 020a0000  4...:.;.I.?.....
 0150 17340003 0e3a0b3b 0b49133f 0c020a00  .4...:.;.I.?....
 0160 00183400 030e3a0b 3b0b4913 3f0c020a  ..4...:.;.I.?...
 0170 00001934 00030e3a 0b3b0b49 133f0c02  ...4...:.;.I.?..
 0180 0a00001a 3400030e 3a0b3b0b 49133f0c  ....4...:.;.I.?.
 0190 020a0000 1b340003 0e3a0b3b 0b49133f  .....4...:.;.I.?
 01a0 0c020a00 001c3400 030e3a0b 3b0b4913  ......4...:.;.I.
 01b0 3f0c020a 00001d34 00030e3a 0b3b0b49  ?......4...:.;.I
 01c0 133f0c02 0a00001e 3400030e 3a0b3b0b  .?......4...:.;.
 01d0 49133f0c 020a0000 1f340003 0e3a0b3b  I.?......4...:.;
 01e0 0b49133f 0c020a00 00203400 030e3a0b  .I.?..... 4...:.
 01f0 3b0b4913 3f0c020a 00002134 00030e3a  ;.I.?.....!4...:
 0200 0b3b0b49 133f0c02 0a000022 3400030e  .;.I.?....."4...
 0210 3a0b3b0b 49133f0c 020a0000 23340003  :.;.I.?.....#4..
 0220 0e3a0b3b 0b49133f 0c020a00 00243400  .:.;.I.?.....$4.
 0230 030e3a0b 3b0b4913 3f0c020a 00002534  ..:.;.I.?.....%4
 0240 00030e3a 0b3b0b49 133f0c02 0a000026  ...:.;.I.?.....&
 0250 3400030e 3a0b3b0b 49133f0c 020a0000  4...:.;.I.?.....
 0260 27340003 0e3a0b3b 0b49133f 0c020a00  '4...:.;.I.?....
 0270 00283400 030e3a0b 3b0b4913 3f0c020a  .(4...:.;.I.?...
 0280 00002934 00030e3a 0b3b0b49 133f0c02  ..)4...:.;.I.?..
 0290 0a00002a 3400030e 3a0b3b0b 49133f0c  ...*4...:.;.I.?.
 02a0 020a0000 2b340003 0e3a0b3b 0b49133f  ....+4...:.;.I.?
 02b0 0c020a00 002c3400 030e3a0b 3b0b4913  .....,4...:.;.I.
 02c0 3f0c020a 00002d34 00030e3a 0b3b0b49  ?.....-4...:.;.I
 02d0 133f0c02 0a00002e 3400030e 3a0b3b0b  .?......4...:.;.
 02e0 49133f0c 020a0000 2f340003 0e3a0b3b  I.?...../4...:.;
 02f0 0b49133f 0c020a00 00303400 030e3a0b  .I.?.....04...:.
 0300 3b0b4913 3f0c020a 00003134 00030e3a  ;.I.?.....14...:
 0310 0b3b0b49 133f0c02 0a000032 3400030e  .;.I.?.....24...
 0320 3a0b3b0b 49133f0c 020a0000 33340003  :.;.I.?.....34..
 0330 0e3a0b3b 0b49133f 0c020a00 00343400  .:.;.I.?.....44.
 0340 030e3a0b 3b0b4913 3f0c020a 00003534  ..:.;.I.?.....54
 0350 00030e3a 0b3b0b49 133f0c02 0a000036  ...:.;.I.?.....6
 0360 3400030e 3a0b3b0b 49133f0c 020a0000  4...:.;.I.?.....
 0370 37340003 0e3a0b3b 0b49133f 0c020a00  74...:.;.I.?....
 0380 00383400 030e3a0b 3b0b4913 3f0c020a  .84...:.;.I.?...
 0390 00003934 00030e3a 0b3b0b49 133f0c02  ..94...:.;.I.?..
 03a0 0a00003a 3400030e 3a0b3b0b 49133f0c  ...:4...:.;.I.?.
 03b0 020a0000 3b340003 0e3a0b3b 0b49133f  ....;4...:.;.I.?
 03c0 0c020a00 003c3400 030e3a0b 3b0b4913  .....<4...:.;.I.
 03d0 3f0c020a 00003d34 00030e3a 0b3b0b49  ?.....=4...:.;.I
 03e0 133f0c02 0a00003e 3400030e 3a0b3b0b  .?.....>4...:.;.
 03f0 49133f0c 020a0000 3f340003 0e3a0b3b  I.?.....?4...:.;
 0400 0b49133f 0c020a00 00403400 030e3a0b  .I.?.....@4...:.
 0410 3b0b4913 3f0c020a 00004134 00030e3a  ;.I.?.....A4...:
 0420 0b3b0b49 133f0c02 0a000042 3400030e  .;.I.?.....B4...
 0430 3a0b3b0b 49133f0c 020a0000 43340003  :.;.I.?.....C4..
 0440 0e3a0b3b 0b49133f 0c020a00 00443400  .:.;.I.?.....D4.
 0450 030e3a0b 3b0b4913 3f0c020a 00004534  ..:.;.I.?.....E4
 0460 00030e3a 0b3b0b49 133f0c02 0a000046  ...:.;.I.?.....F
 0470 3400030e 3a0b3b0b 49133f0c 020a0000  4...:.;.I.?.....
 0480 47340003 0e3a0b3b 0b49133f 0c020a00  G4...:.;.I.?....
 0490 00483400 030e3a0b 3b0b4913 3f0c020a  .H4...:.;.I.?...
 04a0 00004934 00030e3a 0b3b0b49 133f0c02  ..I4...:.;.I.?..
 04b0 0a00004a 3400030e 3a0b3b0b 49133f0c  ...J4...:.;.I.?.
 04c0 020a0000 4b340003 0e3a0b3b 0b49133f  ....K4...:.;.I.?
 04d0 0c020a00 004c3400 030e3a0b 3b0b4913  .....L4...:.;.I.
 04e0 3f0c020a 00004d34 00030e3a 0b3b0b49  ?.....M4...:.;.I
 04f0 133f0c02 0a00004e 3400030e 3a0b3b0b  .?.....N4...:.;.
 0500 49133f0c 020a0000 4f340003 0e3a0b3b  I.?.....O4...:.;
 0510 0b49133f 0c020a00 00503400 030e3a0b  .I.?.....P4...:.
 0520 3b0b4913 3f0c020a 00005134 00030e3a  ;.I.?.....Q4...:
 0530 0b3b0b49 133f0c02 0a000052 3400030e  .;.I.?.....R4...
 0540 3a0b3b0b 49133f0c 020a0000 53340003  :.;.I.?.....S4..
 0550 0e3a0b3b 0b49133f 0c020a00 00543400  .:.;.I.?.....T4.
 0560 030e3a0b 3b0b4913 3f0c020a 00005534  ..:.;.I.?.....U4
 0570 00030e3a 0b3b0b49 133f0c02 0a000056  ...:.;.I.?.....V
 0580 3400030e 3a0b3b0b 49133f0c 020a0000  4...:.;.I.?.....
 0590 57340003 0e3a0b3b 0b49133f 0c020a00  W4...:.;.I.?....
 05a0 0000                                 ..              
Contents of section .debug_line:
 0000 16000000 02001000 00000201 fb0e0a00  ................
 0010 01010101 00000001 0000               ..........      
Contents of section .debug_str:
 0000 6176722d 6c696263 20322e30 2e300075  avr-libc 2.0.0.u
 0010 696e7438 5f740075 696e7431 365f7400  int8_t.uint16_t.
 0020 5f5f6565 70726f6d 00554452 30005543  __eeprom.UDR0.UC
 0030 53523041 00554353 52304200 55435352  SR0A.UCSR0B.UCSR
 0040 30430055 42525230 00545741 4d520054  0C.UBRR0.TWAMR.T
 0050 57425200 54574352 00545753 52005457  WBR.TWCR.TWSR.TW
 0060 44520054 57415200 54494d53 4b310054  DR.TWAR.TIMSK1.T
 0070 49465231 00544343 52314100 54434352  IFR1.TCCR1A.TCCR
 0080 31420054 43435231 43005443 4e543100  1B.TCCR1C.TCNT1.
 0090 4f435231 41004f43 52314200 49435231  OCR1A.OCR1B.ICR1
 00a0 00475443 43520054 494d534b 32005449  .GTCCR.TIMSK2.TI
 00b0 46523200 54434352 32410054 43435232  FR2.TCCR2A.TCCR2
 00c0 42005443 4e543200 4f435232 42004f43  B.TCNT2.OCR2B.OC
 00d0 52324100 41535352 00475443 43520041  R2A.ASSR.GTCCR.A
 00e0 444d5558 00414443 00414443 53524100  DMUX.ADC.ADCSRA.
 00f0 41444353 52420044 49445230 00414353  ADCSRB.DIDR0.ACS
 0100 52004449 44523100 504f5254 42004444  R.DIDR1.PORTB.DD
 0110 52420050 494e4200 504f5254 43004444  RB.PINB.PORTC.DD
 0120 52430050 494e4300 504f5254 44004444  RC.PINC.PORTD.DD
 0130 52440050 494e4400 4f435230 42004f43  RD.PIND.OCR0B.OC
 0140 52304100 54434e54 30005443 43523042  R0A.TCNT0.TCCR0B
 0150 00544343 52304100 54494d53 4b300054  .TCCR0A.TIMSK0.T
 0160 49465230 00475443 43520045 49435241  IFR0.GTCCR.EICRA
 0170 0045494d 534b0045 49465200 50434943  .EIMSK.EIFR.PCIC
 0180 52005043 4d534b32 0050434d 534b3100  R.PCMSK2.PCMSK1.
 0190 50434d53 4b300050 43494652 00535044  PCMSK0.PCIFR.SPD
 01a0 52005350 53520053 50435200 57445443  R.SPSR.SPCR.WDTC
 01b0 53520050 5252004f 53434341 4c00434c  SR.PRR.OSCCAL.CL
 01c0 4b505200 53524547 00535000 53504d43  KPR.SREG.SP.SPMC
 01d0 5352004d 43554352 004d4355 53520053  SR.MCUCR.MCUSR.S
 01e0 4d435200 4750494f 52320047 50494f52  MCR.GPIOR2.GPIOR
 01f0 31004750 494f5230 00454541 52004545  1.GPIOR0.EEAR.EE
 0200 44520045 45435200                    DR.EECR.        

Disassembly of section .text:

00000000 <__vectors>:
   0:	0c 94 34 00 	jmp	0x68	; 0x68 <__ctors_end>
   4:	0c 94 51 00 	jmp	0xa2	; 0xa2 <__bad_interrupt>
   8:	0c 94 51 00 	jmp	0xa2	; 0xa2 <__bad_interrupt>
   c:	0c 94 51 00 	jmp	0xa2	; 0xa2 <__bad_interrupt>
  10:	0c 94 51 00 	jmp	0xa2	; 0xa2 <__bad_interrupt>
  14:	0c 94 51 00 	jmp	0xa2	; 0xa2 <__bad_interrupt>
  18:	0c 94 51 00 	jmp	0xa2	; 0xa2 <__bad_interrupt>
  1c:	0c 94 51 00 	jmp	0xa2	; 0xa2 <__bad_interrupt>
  20:	0c 94 51 00 	jmp	0xa2	; 0xa2 <__bad_interrupt>
  24:	0c 94 51 00 	jmp	0xa2	; 0xa2 <__bad_interrupt>
  28:	0c 94 51 00 	jmp	0xa2	; 0xa2 <__bad_interrupt>
  2c:	0c 94 51 00 	jmp	0xa2	; 0xa2 <__bad_interrupt>
  30:	0c 94 51 00 	jmp	0xa2	; 0xa2 <__bad_interrupt>
  34:	0c 94 51 00 	jmp	0xa2	; 0xa2 <__bad_interrupt>
  38:	0c 94 51 00 	jmp	0xa2	; 0xa2 <__bad_interrupt>
  3c:	0c 94 51 00 	jmp	0xa2	; 0xa2 <__bad_interrupt>
  40:	0c 94 51 00 	jmp	0xa2	; 0xa2 <__bad_interrupt>
  44:	0c 94 51 00 	jmp	0xa2	; 0xa2 <__bad_interrupt>
  48:	0c 94 51 00 	jmp	0xa2	; 0xa2 <__bad_interrupt>
  4c:	0c 94 51 00 	jmp	0xa2	; 0xa2 <__bad_interrupt>
  50:	0c 94 51 00 	jmp	0xa2	; 0xa2 <__bad_interrupt>
  54:	0c 94 51 00 	jmp	0xa2	; 0xa2 <__bad_interrupt>
  58:	0c 94 51 00 	jmp	0xa2	; 0xa2 <__bad_interrupt>
  5c:	0c 94 51 00 	jmp	0xa2	; 0xa2 <__bad_interrupt>
  60:	0c 94 51 00 	jmp	0xa2	; 0xa2 <__bad_interrupt>
  64:	0c 94 51 00 	jmp	0xa2	; 0xa2 <__bad_interrupt>

00000068 <__ctors_end>:
  68:	11 24       	eor	r1, r1
  6a:	1f be       	out	0x3f, r1	; 63
  6c:	cf ef       	ldi	r28, 0xFF	; 255
  6e:	d8 e0       	ldi	r29, 0x08	; 8
  70:	de bf       	out	0x3e, r29	; 62
  72:	cd bf       	out	0x3d, r28	; 61

00000074 <__do_copy_data>:
  74:	11 e0       	ldi	r17, 0x01	; 1
  76:	a0 e0       	ldi	r26, 0x00	; 0
  78:	b1 e0       	ldi	r27, 0x01	; 1
  7a:	ea e0       	ldi	r30, 0x0A	; 10
  7c:	f7 e0       	ldi	r31, 0x07	; 7
  7e:	02 c0       	rjmp	.+4      	; 0x84 <__do_copy_data+0x10>
  80:	05 90       	lpm	r0, Z+
  82:	0d 92       	st	X+, r0
  84:	ac 34       	cpi	r26, 0x4C	; 76
  86:	b1 07       	cpc	r27, r17
  88:	d9 f7       	brne	.-10     	; 0x80 <__do_copy_data+0xc>

0000008a <__do_clear_bss>:
  8a:	21 e0       	ldi	r18, 0x01	; 1
  8c:	ac e4       	ldi	r26, 0x4C	; 76
  8e:	b1 e0       	ldi	r27, 0x01	; 1
  90:	01 c0       	rjmp	.+2      	; 0x94 <.do_clear_bss_start>

00000092 <.do_clear_bss_loop>:
  92:	1d 92       	st	X+, r1

00000094 <.do_clear_bss_start>:
  94:	a2 35       	cpi	r26, 0x52	; 82
  96:	b2 07       	cpc	r27, r18
  98:	e1 f7       	brne	.-8      	; 0x92 <.do_clear_bss_loop>
  9a:	0e 94 85 00 	call	0x10a	; 0x10a <main>
  9e:	0c 94 83 03 	jmp	0x706	; 0x706 <_exit>

000000a2 <__bad_interrupt>:
  a2:	0c 94 00 00 	jmp	0	; 0x0 <__vectors>

000000a6 <asm_function>:
;;; Code definition goes here
.section .text
	.global asm_function

asm_function:
        lds r18, n1
  a6:	20 91 00 01 	lds	r18, 0x0100	; 0x800100 <__data_start>
        lds r19, n2
  aa:	30 91 01 01 	lds	r19, 0x0101	; 0x800101 <n2>
        add r18, r19
  ae:	23 0f       	add	r18, r19
        lds r19, condition
  b0:	30 91 02 01 	lds	r19, 0x0102	; 0x800102 <condition>
        cp r18, r19
  b4:	23 17       	cp	r18, r19
        breq equal
  b6:	21 f0       	breq	.+8      	; 0xc0 <equal>
        brsh higher
  b8:	30 f4       	brcc	.+12     	; 0xc6 <higher>
        ldi r24, -1
  ba:	8f ef       	ldi	r24, 0xFF	; 255
        ldi r25, -1
  bc:	9f ef       	ldi	r25, 0xFF	; 255
	ret
  be:	08 95       	ret

000000c0 <equal>:

equal:
        clr r24
  c0:	88 27       	eor	r24, r24
        clr r25
  c2:	99 27       	eor	r25, r25
        ret
  c4:	08 95       	ret

000000c6 <higher>:
higher:
        clr r25
  c6:	99 27       	eor	r25, r25
        ldi r24, 1
  c8:	81 e0       	ldi	r24, 0x01	; 1
        ret
  ca:	08 95       	ret

000000cc <usart_putchar_printf>:
******************************************************************************/
// this function is called by printf as a stream handler
static int usart_putchar_printf(char var, FILE *stream) {

    // translate \n to \r for br@y++ terminal
    if (var == '\n') {
  cc:	8a 30       	cpi	r24, 0x0A	; 10
  ce:	39 f4       	brne	.+14     	; 0xde <usart_putchar_printf+0x12>
  registers accordingly.]

******************************************************************************/
static void usart_putchar(char data) {
    // Wait for empty transmit buffer
    while (!(UCSR0A & (_BV(UDRE0))));
  d0:	90 91 c0 00 	lds	r25, 0x00C0	; 0x8000c0 <__DATA_REGION_ORIGIN__+0x60>
  d4:	95 ff       	sbrs	r25, 5
  d6:	fc cf       	rjmp	.-8      	; 0xd0 <usart_putchar_printf+0x4>

    // Start transmission
    UDR0 = data;
  d8:	9d e0       	ldi	r25, 0x0D	; 13
  da:	90 93 c6 00 	sts	0x00C6, r25	; 0x8000c6 <__DATA_REGION_ORIGIN__+0x66>
  registers accordingly.]

******************************************************************************/
static void usart_putchar(char data) {
    // Wait for empty transmit buffer
    while (!(UCSR0A & (_BV(UDRE0))));
  de:	90 91 c0 00 	lds	r25, 0x00C0	; 0x8000c0 <__DATA_REGION_ORIGIN__+0x60>
  e2:	95 ff       	sbrs	r25, 5
  e4:	fc cf       	rjmp	.-8      	; 0xde <usart_putchar_printf+0x12>

    // Start transmission
    UDR0 = data;
  e6:	80 93 c6 00 	sts	0x00C6, r24	; 0x8000c6 <__DATA_REGION_ORIGIN__+0x66>
    if (var == '\n') {
        usart_putchar('\r');
    }
    usart_putchar(var);
    return 0;
}
  ea:	80 e0       	ldi	r24, 0x00	; 0
  ec:	90 e0       	ldi	r25, 0x00	; 0
  ee:	08 95       	ret

000000f0 <print_integer>:
  f0:	9f 93       	push	r25
  f2:	8f 93       	push	r24
  f4:	80 e3       	ldi	r24, 0x30	; 48
  f6:	91 e0       	ldi	r25, 0x01	; 1
  f8:	9f 93       	push	r25
  fa:	8f 93       	push	r24
  fc:	0e 94 a5 00 	call	0x14a	; 0x14a <printf>
 100:	0f 90       	pop	r0
 102:	0f 90       	pop	r0
 104:	0f 90       	pop	r0
 106:	0f 90       	pop	r0
 108:	08 95       	ret

0000010a <main>:
int main() {
    // To catch the result
    unsigned int myvalue = -1;

    // set up stdio stream
    stdout = &mystdout;
 10a:	83 e0       	ldi	r24, 0x03	; 3
 10c:	91 e0       	ldi	r25, 0x01	; 1
 10e:	90 93 4f 01 	sts	0x014F, r25	; 0x80014f <__data_end+0x3>
 112:	80 93 4e 01 	sts	0x014E, r24	; 0x80014e <__data_end+0x2>
  data through the UART in the board.]

******************************************************************************/
static void usart_init(uint16_t ubrr) {
    // Set baud rate
    UBRR0H = (uint8_t)(ubrr >> 8);
 116:	10 92 c5 00 	sts	0x00C5, r1	; 0x8000c5 <__DATA_REGION_ORIGIN__+0x65>
    UBRR0L = (uint8_t)(ubrr);
 11a:	87 e6       	ldi	r24, 0x67	; 103
 11c:	80 93 c4 00 	sts	0x00C4, r24	; 0x8000c4 <__DATA_REGION_ORIGIN__+0x64>
    
    // Enable receiver and transmitter
    UCSR0B = (1 << RXEN0)|(1 << TXEN0);
 120:	88 e1       	ldi	r24, 0x18	; 24
 122:	80 93 c1 00 	sts	0x00C1, r24	; 0x8000c1 <__DATA_REGION_ORIGIN__+0x61>

    // Set frame format: 8data, 1stop bit
    UCSR0C = (3 << UCSZ00);
 126:	86 e0       	ldi	r24, 0x06	; 6
 128:	80 93 c2 00 	sts	0x00C2, r24	; 0x8000c2 <__DATA_REGION_ORIGIN__+0x62>
    
    // Initialize the usart
    usart_init (BAUD_PRESCALLER);
    
    // Capture the result of the execution
    myvalue = (unsigned int)asm_function();
 12c:	0e 94 53 00 	call	0xa6	; 0xa6 <asm_function>

    // Print the result of the function
    printf("Result (unsigned integer): %d\n", myvalue);
 130:	9f 93       	push	r25
 132:	8f 93       	push	r24
 134:	81 e1       	ldi	r24, 0x11	; 17
 136:	91 e0       	ldi	r25, 0x01	; 1
 138:	9f 93       	push	r25
 13a:	8f 93       	push	r24
 13c:	0e 94 a5 00 	call	0x14a	; 0x14a <printf>
 140:	0f 90       	pop	r0
 142:	0f 90       	pop	r0
 144:	0f 90       	pop	r0
 146:	0f 90       	pop	r0
 148:	ff cf       	rjmp	.-2      	; 0x148 <main+0x3e>

0000014a <printf>:
 14a:	a0 e0       	ldi	r26, 0x00	; 0
 14c:	b0 e0       	ldi	r27, 0x00	; 0
 14e:	eb ea       	ldi	r30, 0xAB	; 171
 150:	f0 e0       	ldi	r31, 0x00	; 0
 152:	0c 94 5c 03 	jmp	0x6b8	; 0x6b8 <__prologue_saves__+0x20>
 156:	ae 01       	movw	r20, r28
 158:	4b 5f       	subi	r20, 0xFB	; 251
 15a:	5f 4f       	sbci	r21, 0xFF	; 255
 15c:	fa 01       	movw	r30, r20
 15e:	61 91       	ld	r22, Z+
 160:	71 91       	ld	r23, Z+
 162:	af 01       	movw	r20, r30
 164:	80 91 4e 01 	lds	r24, 0x014E	; 0x80014e <__data_end+0x2>
 168:	90 91 4f 01 	lds	r25, 0x014F	; 0x80014f <__data_end+0x3>
 16c:	0e 94 bb 00 	call	0x176	; 0x176 <vfprintf>
 170:	e2 e0       	ldi	r30, 0x02	; 2
 172:	0c 94 78 03 	jmp	0x6f0	; 0x6f0 <__epilogue_restores__+0x20>

00000176 <vfprintf>:
 176:	ab e0       	ldi	r26, 0x0B	; 11
 178:	b0 e0       	ldi	r27, 0x00	; 0
 17a:	e1 ec       	ldi	r30, 0xC1	; 193
 17c:	f0 e0       	ldi	r31, 0x00	; 0
 17e:	0c 94 4c 03 	jmp	0x698	; 0x698 <__prologue_saves__>
 182:	6c 01       	movw	r12, r24
 184:	7b 01       	movw	r14, r22
 186:	8a 01       	movw	r16, r20
 188:	fc 01       	movw	r30, r24
 18a:	17 82       	std	Z+7, r1	; 0x07
 18c:	16 82       	std	Z+6, r1	; 0x06
 18e:	83 81       	ldd	r24, Z+3	; 0x03
 190:	81 ff       	sbrs	r24, 1
 192:	cc c1       	rjmp	.+920    	; 0x52c <__LOCK_REGION_LENGTH__+0x12c>
 194:	ce 01       	movw	r24, r28
 196:	01 96       	adiw	r24, 0x01	; 1
 198:	3c 01       	movw	r6, r24
 19a:	f6 01       	movw	r30, r12
 19c:	93 81       	ldd	r25, Z+3	; 0x03
 19e:	f7 01       	movw	r30, r14
 1a0:	93 fd       	sbrc	r25, 3
 1a2:	85 91       	lpm	r24, Z+
 1a4:	93 ff       	sbrs	r25, 3
 1a6:	81 91       	ld	r24, Z+
 1a8:	7f 01       	movw	r14, r30
 1aa:	88 23       	and	r24, r24
 1ac:	09 f4       	brne	.+2      	; 0x1b0 <vfprintf+0x3a>
 1ae:	ba c1       	rjmp	.+884    	; 0x524 <__LOCK_REGION_LENGTH__+0x124>
 1b0:	85 32       	cpi	r24, 0x25	; 37
 1b2:	39 f4       	brne	.+14     	; 0x1c2 <vfprintf+0x4c>
 1b4:	93 fd       	sbrc	r25, 3
 1b6:	85 91       	lpm	r24, Z+
 1b8:	93 ff       	sbrs	r25, 3
 1ba:	81 91       	ld	r24, Z+
 1bc:	7f 01       	movw	r14, r30
 1be:	85 32       	cpi	r24, 0x25	; 37
 1c0:	29 f4       	brne	.+10     	; 0x1cc <vfprintf+0x56>
 1c2:	b6 01       	movw	r22, r12
 1c4:	90 e0       	ldi	r25, 0x00	; 0
 1c6:	0e 94 b2 02 	call	0x564	; 0x564 <fputc>
 1ca:	e7 cf       	rjmp	.-50     	; 0x19a <vfprintf+0x24>
 1cc:	91 2c       	mov	r9, r1
 1ce:	21 2c       	mov	r2, r1
 1d0:	31 2c       	mov	r3, r1
 1d2:	ff e1       	ldi	r31, 0x1F	; 31
 1d4:	f3 15       	cp	r31, r3
 1d6:	d8 f0       	brcs	.+54     	; 0x20e <vfprintf+0x98>
 1d8:	8b 32       	cpi	r24, 0x2B	; 43
 1da:	79 f0       	breq	.+30     	; 0x1fa <vfprintf+0x84>
 1dc:	38 f4       	brcc	.+14     	; 0x1ec <vfprintf+0x76>
 1de:	80 32       	cpi	r24, 0x20	; 32
 1e0:	79 f0       	breq	.+30     	; 0x200 <vfprintf+0x8a>
 1e2:	83 32       	cpi	r24, 0x23	; 35
 1e4:	a1 f4       	brne	.+40     	; 0x20e <vfprintf+0x98>
 1e6:	23 2d       	mov	r18, r3
 1e8:	20 61       	ori	r18, 0x10	; 16
 1ea:	1d c0       	rjmp	.+58     	; 0x226 <vfprintf+0xb0>
 1ec:	8d 32       	cpi	r24, 0x2D	; 45
 1ee:	61 f0       	breq	.+24     	; 0x208 <vfprintf+0x92>
 1f0:	80 33       	cpi	r24, 0x30	; 48
 1f2:	69 f4       	brne	.+26     	; 0x20e <vfprintf+0x98>
 1f4:	23 2d       	mov	r18, r3
 1f6:	21 60       	ori	r18, 0x01	; 1
 1f8:	16 c0       	rjmp	.+44     	; 0x226 <vfprintf+0xb0>
 1fa:	83 2d       	mov	r24, r3
 1fc:	82 60       	ori	r24, 0x02	; 2
 1fe:	38 2e       	mov	r3, r24
 200:	e3 2d       	mov	r30, r3
 202:	e4 60       	ori	r30, 0x04	; 4
 204:	3e 2e       	mov	r3, r30
 206:	2a c0       	rjmp	.+84     	; 0x25c <vfprintf+0xe6>
 208:	f3 2d       	mov	r31, r3
 20a:	f8 60       	ori	r31, 0x08	; 8
 20c:	1d c0       	rjmp	.+58     	; 0x248 <vfprintf+0xd2>
 20e:	37 fc       	sbrc	r3, 7
 210:	2d c0       	rjmp	.+90     	; 0x26c <vfprintf+0xf6>
 212:	20 ed       	ldi	r18, 0xD0	; 208
 214:	28 0f       	add	r18, r24
 216:	2a 30       	cpi	r18, 0x0A	; 10
 218:	40 f0       	brcs	.+16     	; 0x22a <vfprintf+0xb4>
 21a:	8e 32       	cpi	r24, 0x2E	; 46
 21c:	b9 f4       	brne	.+46     	; 0x24c <vfprintf+0xd6>
 21e:	36 fc       	sbrc	r3, 6
 220:	81 c1       	rjmp	.+770    	; 0x524 <__LOCK_REGION_LENGTH__+0x124>
 222:	23 2d       	mov	r18, r3
 224:	20 64       	ori	r18, 0x40	; 64
 226:	32 2e       	mov	r3, r18
 228:	19 c0       	rjmp	.+50     	; 0x25c <vfprintf+0xe6>
 22a:	36 fe       	sbrs	r3, 6
 22c:	06 c0       	rjmp	.+12     	; 0x23a <vfprintf+0xc4>
 22e:	8a e0       	ldi	r24, 0x0A	; 10
 230:	98 9e       	mul	r9, r24
 232:	20 0d       	add	r18, r0
 234:	11 24       	eor	r1, r1
 236:	92 2e       	mov	r9, r18
 238:	11 c0       	rjmp	.+34     	; 0x25c <vfprintf+0xe6>
 23a:	ea e0       	ldi	r30, 0x0A	; 10
 23c:	2e 9e       	mul	r2, r30
 23e:	20 0d       	add	r18, r0
 240:	11 24       	eor	r1, r1
 242:	22 2e       	mov	r2, r18
 244:	f3 2d       	mov	r31, r3
 246:	f0 62       	ori	r31, 0x20	; 32
 248:	3f 2e       	mov	r3, r31
 24a:	08 c0       	rjmp	.+16     	; 0x25c <vfprintf+0xe6>
 24c:	8c 36       	cpi	r24, 0x6C	; 108
 24e:	21 f4       	brne	.+8      	; 0x258 <vfprintf+0xe2>
 250:	83 2d       	mov	r24, r3
 252:	80 68       	ori	r24, 0x80	; 128
 254:	38 2e       	mov	r3, r24
 256:	02 c0       	rjmp	.+4      	; 0x25c <vfprintf+0xe6>
 258:	88 36       	cpi	r24, 0x68	; 104
 25a:	41 f4       	brne	.+16     	; 0x26c <vfprintf+0xf6>
 25c:	f7 01       	movw	r30, r14
 25e:	93 fd       	sbrc	r25, 3
 260:	85 91       	lpm	r24, Z+
 262:	93 ff       	sbrs	r25, 3
 264:	81 91       	ld	r24, Z+
 266:	7f 01       	movw	r14, r30
 268:	81 11       	cpse	r24, r1
 26a:	b3 cf       	rjmp	.-154    	; 0x1d2 <vfprintf+0x5c>
 26c:	98 2f       	mov	r25, r24
 26e:	9f 7d       	andi	r25, 0xDF	; 223
 270:	95 54       	subi	r25, 0x45	; 69
 272:	93 30       	cpi	r25, 0x03	; 3
 274:	28 f4       	brcc	.+10     	; 0x280 <vfprintf+0x10a>
 276:	0c 5f       	subi	r16, 0xFC	; 252
 278:	1f 4f       	sbci	r17, 0xFF	; 255
 27a:	9f e3       	ldi	r25, 0x3F	; 63
 27c:	99 83       	std	Y+1, r25	; 0x01
 27e:	0d c0       	rjmp	.+26     	; 0x29a <vfprintf+0x124>
 280:	83 36       	cpi	r24, 0x63	; 99
 282:	31 f0       	breq	.+12     	; 0x290 <vfprintf+0x11a>
 284:	83 37       	cpi	r24, 0x73	; 115
 286:	71 f0       	breq	.+28     	; 0x2a4 <vfprintf+0x12e>
 288:	83 35       	cpi	r24, 0x53	; 83
 28a:	09 f0       	breq	.+2      	; 0x28e <vfprintf+0x118>
 28c:	59 c0       	rjmp	.+178    	; 0x340 <vfprintf+0x1ca>
 28e:	21 c0       	rjmp	.+66     	; 0x2d2 <vfprintf+0x15c>
 290:	f8 01       	movw	r30, r16
 292:	80 81       	ld	r24, Z
 294:	89 83       	std	Y+1, r24	; 0x01
 296:	0e 5f       	subi	r16, 0xFE	; 254
 298:	1f 4f       	sbci	r17, 0xFF	; 255
 29a:	88 24       	eor	r8, r8
 29c:	83 94       	inc	r8
 29e:	91 2c       	mov	r9, r1
 2a0:	53 01       	movw	r10, r6
 2a2:	13 c0       	rjmp	.+38     	; 0x2ca <vfprintf+0x154>
 2a4:	28 01       	movw	r4, r16
 2a6:	f2 e0       	ldi	r31, 0x02	; 2
 2a8:	4f 0e       	add	r4, r31
 2aa:	51 1c       	adc	r5, r1
 2ac:	f8 01       	movw	r30, r16
 2ae:	a0 80       	ld	r10, Z
 2b0:	b1 80       	ldd	r11, Z+1	; 0x01
 2b2:	36 fe       	sbrs	r3, 6
 2b4:	03 c0       	rjmp	.+6      	; 0x2bc <vfprintf+0x146>
 2b6:	69 2d       	mov	r22, r9
 2b8:	70 e0       	ldi	r23, 0x00	; 0
 2ba:	02 c0       	rjmp	.+4      	; 0x2c0 <vfprintf+0x14a>
 2bc:	6f ef       	ldi	r22, 0xFF	; 255
 2be:	7f ef       	ldi	r23, 0xFF	; 255
 2c0:	c5 01       	movw	r24, r10
 2c2:	0e 94 a7 02 	call	0x54e	; 0x54e <strnlen>
 2c6:	4c 01       	movw	r8, r24
 2c8:	82 01       	movw	r16, r4
 2ca:	f3 2d       	mov	r31, r3
 2cc:	ff 77       	andi	r31, 0x7F	; 127
 2ce:	3f 2e       	mov	r3, r31
 2d0:	16 c0       	rjmp	.+44     	; 0x2fe <vfprintf+0x188>
 2d2:	28 01       	movw	r4, r16
 2d4:	22 e0       	ldi	r18, 0x02	; 2
 2d6:	42 0e       	add	r4, r18
 2d8:	51 1c       	adc	r5, r1
 2da:	f8 01       	movw	r30, r16
 2dc:	a0 80       	ld	r10, Z
 2de:	b1 80       	ldd	r11, Z+1	; 0x01
 2e0:	36 fe       	sbrs	r3, 6
 2e2:	03 c0       	rjmp	.+6      	; 0x2ea <vfprintf+0x174>
 2e4:	69 2d       	mov	r22, r9
 2e6:	70 e0       	ldi	r23, 0x00	; 0
 2e8:	02 c0       	rjmp	.+4      	; 0x2ee <vfprintf+0x178>
 2ea:	6f ef       	ldi	r22, 0xFF	; 255
 2ec:	7f ef       	ldi	r23, 0xFF	; 255
 2ee:	c5 01       	movw	r24, r10
 2f0:	0e 94 9c 02 	call	0x538	; 0x538 <strnlen_P>
 2f4:	4c 01       	movw	r8, r24
 2f6:	f3 2d       	mov	r31, r3
 2f8:	f0 68       	ori	r31, 0x80	; 128
 2fa:	3f 2e       	mov	r3, r31
 2fc:	82 01       	movw	r16, r4
 2fe:	33 fc       	sbrc	r3, 3
 300:	1b c0       	rjmp	.+54     	; 0x338 <vfprintf+0x1c2>
 302:	82 2d       	mov	r24, r2
 304:	90 e0       	ldi	r25, 0x00	; 0
 306:	88 16       	cp	r8, r24
 308:	99 06       	cpc	r9, r25
 30a:	b0 f4       	brcc	.+44     	; 0x338 <vfprintf+0x1c2>
 30c:	b6 01       	movw	r22, r12
 30e:	80 e2       	ldi	r24, 0x20	; 32
 310:	90 e0       	ldi	r25, 0x00	; 0
 312:	0e 94 b2 02 	call	0x564	; 0x564 <fputc>
 316:	2a 94       	dec	r2
 318:	f4 cf       	rjmp	.-24     	; 0x302 <vfprintf+0x18c>
 31a:	f5 01       	movw	r30, r10
 31c:	37 fc       	sbrc	r3, 7
 31e:	85 91       	lpm	r24, Z+
 320:	37 fe       	sbrs	r3, 7
 322:	81 91       	ld	r24, Z+
 324:	5f 01       	movw	r10, r30
 326:	b6 01       	movw	r22, r12
 328:	90 e0       	ldi	r25, 0x00	; 0
 32a:	0e 94 b2 02 	call	0x564	; 0x564 <fputc>
 32e:	21 10       	cpse	r2, r1
 330:	2a 94       	dec	r2
 332:	21 e0       	ldi	r18, 0x01	; 1
 334:	82 1a       	sub	r8, r18
 336:	91 08       	sbc	r9, r1
 338:	81 14       	cp	r8, r1
 33a:	91 04       	cpc	r9, r1
 33c:	71 f7       	brne	.-36     	; 0x31a <vfprintf+0x1a4>
 33e:	e8 c0       	rjmp	.+464    	; 0x510 <__LOCK_REGION_LENGTH__+0x110>
 340:	84 36       	cpi	r24, 0x64	; 100
 342:	11 f0       	breq	.+4      	; 0x348 <vfprintf+0x1d2>
 344:	89 36       	cpi	r24, 0x69	; 105
 346:	41 f5       	brne	.+80     	; 0x398 <vfprintf+0x222>
 348:	f8 01       	movw	r30, r16
 34a:	37 fe       	sbrs	r3, 7
 34c:	07 c0       	rjmp	.+14     	; 0x35c <vfprintf+0x1e6>
 34e:	60 81       	ld	r22, Z
 350:	71 81       	ldd	r23, Z+1	; 0x01
 352:	82 81       	ldd	r24, Z+2	; 0x02
 354:	93 81       	ldd	r25, Z+3	; 0x03
 356:	0c 5f       	subi	r16, 0xFC	; 252
 358:	1f 4f       	sbci	r17, 0xFF	; 255
 35a:	08 c0       	rjmp	.+16     	; 0x36c <vfprintf+0x1f6>
 35c:	60 81       	ld	r22, Z
 35e:	71 81       	ldd	r23, Z+1	; 0x01
 360:	07 2e       	mov	r0, r23
 362:	00 0c       	add	r0, r0
 364:	88 0b       	sbc	r24, r24
 366:	99 0b       	sbc	r25, r25
 368:	0e 5f       	subi	r16, 0xFE	; 254
 36a:	1f 4f       	sbci	r17, 0xFF	; 255
 36c:	f3 2d       	mov	r31, r3
 36e:	ff 76       	andi	r31, 0x6F	; 111
 370:	3f 2e       	mov	r3, r31
 372:	97 ff       	sbrs	r25, 7
 374:	09 c0       	rjmp	.+18     	; 0x388 <vfprintf+0x212>
 376:	90 95       	com	r25
 378:	80 95       	com	r24
 37a:	70 95       	com	r23
 37c:	61 95       	neg	r22
 37e:	7f 4f       	sbci	r23, 0xFF	; 255
 380:	8f 4f       	sbci	r24, 0xFF	; 255
 382:	9f 4f       	sbci	r25, 0xFF	; 255
 384:	f0 68       	ori	r31, 0x80	; 128
 386:	3f 2e       	mov	r3, r31
 388:	2a e0       	ldi	r18, 0x0A	; 10
 38a:	30 e0       	ldi	r19, 0x00	; 0
 38c:	a3 01       	movw	r20, r6
 38e:	0e 94 ee 02 	call	0x5dc	; 0x5dc <__ultoa_invert>
 392:	88 2e       	mov	r8, r24
 394:	86 18       	sub	r8, r6
 396:	45 c0       	rjmp	.+138    	; 0x422 <__LOCK_REGION_LENGTH__+0x22>
 398:	85 37       	cpi	r24, 0x75	; 117
 39a:	31 f4       	brne	.+12     	; 0x3a8 <vfprintf+0x232>
 39c:	23 2d       	mov	r18, r3
 39e:	2f 7e       	andi	r18, 0xEF	; 239
 3a0:	b2 2e       	mov	r11, r18
 3a2:	2a e0       	ldi	r18, 0x0A	; 10
 3a4:	30 e0       	ldi	r19, 0x00	; 0
 3a6:	25 c0       	rjmp	.+74     	; 0x3f2 <vfprintf+0x27c>
 3a8:	93 2d       	mov	r25, r3
 3aa:	99 7f       	andi	r25, 0xF9	; 249
 3ac:	b9 2e       	mov	r11, r25
 3ae:	8f 36       	cpi	r24, 0x6F	; 111
 3b0:	c1 f0       	breq	.+48     	; 0x3e2 <vfprintf+0x26c>
 3b2:	18 f4       	brcc	.+6      	; 0x3ba <vfprintf+0x244>
 3b4:	88 35       	cpi	r24, 0x58	; 88
 3b6:	79 f0       	breq	.+30     	; 0x3d6 <vfprintf+0x260>
 3b8:	b5 c0       	rjmp	.+362    	; 0x524 <__LOCK_REGION_LENGTH__+0x124>
 3ba:	80 37       	cpi	r24, 0x70	; 112
 3bc:	19 f0       	breq	.+6      	; 0x3c4 <vfprintf+0x24e>
 3be:	88 37       	cpi	r24, 0x78	; 120
 3c0:	21 f0       	breq	.+8      	; 0x3ca <vfprintf+0x254>
 3c2:	b0 c0       	rjmp	.+352    	; 0x524 <__LOCK_REGION_LENGTH__+0x124>
 3c4:	e9 2f       	mov	r30, r25
 3c6:	e0 61       	ori	r30, 0x10	; 16
 3c8:	be 2e       	mov	r11, r30
 3ca:	b4 fe       	sbrs	r11, 4
 3cc:	0d c0       	rjmp	.+26     	; 0x3e8 <vfprintf+0x272>
 3ce:	fb 2d       	mov	r31, r11
 3d0:	f4 60       	ori	r31, 0x04	; 4
 3d2:	bf 2e       	mov	r11, r31
 3d4:	09 c0       	rjmp	.+18     	; 0x3e8 <vfprintf+0x272>
 3d6:	34 fe       	sbrs	r3, 4
 3d8:	0a c0       	rjmp	.+20     	; 0x3ee <vfprintf+0x278>
 3da:	29 2f       	mov	r18, r25
 3dc:	26 60       	ori	r18, 0x06	; 6
 3de:	b2 2e       	mov	r11, r18
 3e0:	06 c0       	rjmp	.+12     	; 0x3ee <vfprintf+0x278>
 3e2:	28 e0       	ldi	r18, 0x08	; 8
 3e4:	30 e0       	ldi	r19, 0x00	; 0
 3e6:	05 c0       	rjmp	.+10     	; 0x3f2 <vfprintf+0x27c>
 3e8:	20 e1       	ldi	r18, 0x10	; 16
 3ea:	30 e0       	ldi	r19, 0x00	; 0
 3ec:	02 c0       	rjmp	.+4      	; 0x3f2 <vfprintf+0x27c>
 3ee:	20 e1       	ldi	r18, 0x10	; 16
 3f0:	32 e0       	ldi	r19, 0x02	; 2
 3f2:	f8 01       	movw	r30, r16
 3f4:	b7 fe       	sbrs	r11, 7
 3f6:	07 c0       	rjmp	.+14     	; 0x406 <__LOCK_REGION_LENGTH__+0x6>
 3f8:	60 81       	ld	r22, Z
 3fa:	71 81       	ldd	r23, Z+1	; 0x01
 3fc:	82 81       	ldd	r24, Z+2	; 0x02
 3fe:	93 81       	ldd	r25, Z+3	; 0x03
 400:	0c 5f       	subi	r16, 0xFC	; 252
 402:	1f 4f       	sbci	r17, 0xFF	; 255
 404:	06 c0       	rjmp	.+12     	; 0x412 <__LOCK_REGION_LENGTH__+0x12>
 406:	60 81       	ld	r22, Z
 408:	71 81       	ldd	r23, Z+1	; 0x01
 40a:	80 e0       	ldi	r24, 0x00	; 0
 40c:	90 e0       	ldi	r25, 0x00	; 0
 40e:	0e 5f       	subi	r16, 0xFE	; 254
 410:	1f 4f       	sbci	r17, 0xFF	; 255
 412:	a3 01       	movw	r20, r6
 414:	0e 94 ee 02 	call	0x5dc	; 0x5dc <__ultoa_invert>
 418:	88 2e       	mov	r8, r24
 41a:	86 18       	sub	r8, r6
 41c:	fb 2d       	mov	r31, r11
 41e:	ff 77       	andi	r31, 0x7F	; 127
 420:	3f 2e       	mov	r3, r31
 422:	36 fe       	sbrs	r3, 6
 424:	0d c0       	rjmp	.+26     	; 0x440 <__LOCK_REGION_LENGTH__+0x40>
 426:	23 2d       	mov	r18, r3
 428:	2e 7f       	andi	r18, 0xFE	; 254
 42a:	a2 2e       	mov	r10, r18
 42c:	89 14       	cp	r8, r9
 42e:	58 f4       	brcc	.+22     	; 0x446 <__LOCK_REGION_LENGTH__+0x46>
 430:	34 fe       	sbrs	r3, 4
 432:	0b c0       	rjmp	.+22     	; 0x44a <__LOCK_REGION_LENGTH__+0x4a>
 434:	32 fc       	sbrc	r3, 2
 436:	09 c0       	rjmp	.+18     	; 0x44a <__LOCK_REGION_LENGTH__+0x4a>
 438:	83 2d       	mov	r24, r3
 43a:	8e 7e       	andi	r24, 0xEE	; 238
 43c:	a8 2e       	mov	r10, r24
 43e:	05 c0       	rjmp	.+10     	; 0x44a <__LOCK_REGION_LENGTH__+0x4a>
 440:	b8 2c       	mov	r11, r8
 442:	a3 2c       	mov	r10, r3
 444:	03 c0       	rjmp	.+6      	; 0x44c <__LOCK_REGION_LENGTH__+0x4c>
 446:	b8 2c       	mov	r11, r8
 448:	01 c0       	rjmp	.+2      	; 0x44c <__LOCK_REGION_LENGTH__+0x4c>
 44a:	b9 2c       	mov	r11, r9
 44c:	a4 fe       	sbrs	r10, 4
 44e:	0f c0       	rjmp	.+30     	; 0x46e <__LOCK_REGION_LENGTH__+0x6e>
 450:	fe 01       	movw	r30, r28
 452:	e8 0d       	add	r30, r8
 454:	f1 1d       	adc	r31, r1
 456:	80 81       	ld	r24, Z
 458:	80 33       	cpi	r24, 0x30	; 48
 45a:	21 f4       	brne	.+8      	; 0x464 <__LOCK_REGION_LENGTH__+0x64>
 45c:	9a 2d       	mov	r25, r10
 45e:	99 7e       	andi	r25, 0xE9	; 233
 460:	a9 2e       	mov	r10, r25
 462:	09 c0       	rjmp	.+18     	; 0x476 <__LOCK_REGION_LENGTH__+0x76>
 464:	a2 fe       	sbrs	r10, 2
 466:	06 c0       	rjmp	.+12     	; 0x474 <__LOCK_REGION_LENGTH__+0x74>
 468:	b3 94       	inc	r11
 46a:	b3 94       	inc	r11
 46c:	04 c0       	rjmp	.+8      	; 0x476 <__LOCK_REGION_LENGTH__+0x76>
 46e:	8a 2d       	mov	r24, r10
 470:	86 78       	andi	r24, 0x86	; 134
 472:	09 f0       	breq	.+2      	; 0x476 <__LOCK_REGION_LENGTH__+0x76>
 474:	b3 94       	inc	r11
 476:	a3 fc       	sbrc	r10, 3
 478:	11 c0       	rjmp	.+34     	; 0x49c <__LOCK_REGION_LENGTH__+0x9c>
 47a:	a0 fe       	sbrs	r10, 0
 47c:	06 c0       	rjmp	.+12     	; 0x48a <__LOCK_REGION_LENGTH__+0x8a>
 47e:	b2 14       	cp	r11, r2
 480:	88 f4       	brcc	.+34     	; 0x4a4 <__LOCK_REGION_LENGTH__+0xa4>
 482:	28 0c       	add	r2, r8
 484:	92 2c       	mov	r9, r2
 486:	9b 18       	sub	r9, r11
 488:	0e c0       	rjmp	.+28     	; 0x4a6 <__LOCK_REGION_LENGTH__+0xa6>
 48a:	b2 14       	cp	r11, r2
 48c:	60 f4       	brcc	.+24     	; 0x4a6 <__LOCK_REGION_LENGTH__+0xa6>
 48e:	b6 01       	movw	r22, r12
 490:	80 e2       	ldi	r24, 0x20	; 32
 492:	90 e0       	ldi	r25, 0x00	; 0
 494:	0e 94 b2 02 	call	0x564	; 0x564 <fputc>
 498:	b3 94       	inc	r11
 49a:	f7 cf       	rjmp	.-18     	; 0x48a <__LOCK_REGION_LENGTH__+0x8a>
 49c:	b2 14       	cp	r11, r2
 49e:	18 f4       	brcc	.+6      	; 0x4a6 <__LOCK_REGION_LENGTH__+0xa6>
 4a0:	2b 18       	sub	r2, r11
 4a2:	02 c0       	rjmp	.+4      	; 0x4a8 <__LOCK_REGION_LENGTH__+0xa8>
 4a4:	98 2c       	mov	r9, r8
 4a6:	21 2c       	mov	r2, r1
 4a8:	a4 fe       	sbrs	r10, 4
 4aa:	10 c0       	rjmp	.+32     	; 0x4cc <__LOCK_REGION_LENGTH__+0xcc>
 4ac:	b6 01       	movw	r22, r12
 4ae:	80 e3       	ldi	r24, 0x30	; 48
 4b0:	90 e0       	ldi	r25, 0x00	; 0
 4b2:	0e 94 b2 02 	call	0x564	; 0x564 <fputc>
 4b6:	a2 fe       	sbrs	r10, 2
 4b8:	17 c0       	rjmp	.+46     	; 0x4e8 <__LOCK_REGION_LENGTH__+0xe8>
 4ba:	a1 fc       	sbrc	r10, 1
 4bc:	03 c0       	rjmp	.+6      	; 0x4c4 <__LOCK_REGION_LENGTH__+0xc4>
 4be:	88 e7       	ldi	r24, 0x78	; 120
 4c0:	90 e0       	ldi	r25, 0x00	; 0
 4c2:	02 c0       	rjmp	.+4      	; 0x4c8 <__LOCK_REGION_LENGTH__+0xc8>
 4c4:	88 e5       	ldi	r24, 0x58	; 88
 4c6:	90 e0       	ldi	r25, 0x00	; 0
 4c8:	b6 01       	movw	r22, r12
 4ca:	0c c0       	rjmp	.+24     	; 0x4e4 <__LOCK_REGION_LENGTH__+0xe4>
 4cc:	8a 2d       	mov	r24, r10
 4ce:	86 78       	andi	r24, 0x86	; 134
 4d0:	59 f0       	breq	.+22     	; 0x4e8 <__LOCK_REGION_LENGTH__+0xe8>
 4d2:	a1 fe       	sbrs	r10, 1
 4d4:	02 c0       	rjmp	.+4      	; 0x4da <__LOCK_REGION_LENGTH__+0xda>
 4d6:	8b e2       	ldi	r24, 0x2B	; 43
 4d8:	01 c0       	rjmp	.+2      	; 0x4dc <__LOCK_REGION_LENGTH__+0xdc>
 4da:	80 e2       	ldi	r24, 0x20	; 32
 4dc:	a7 fc       	sbrc	r10, 7
 4de:	8d e2       	ldi	r24, 0x2D	; 45
 4e0:	b6 01       	movw	r22, r12
 4e2:	90 e0       	ldi	r25, 0x00	; 0
 4e4:	0e 94 b2 02 	call	0x564	; 0x564 <fputc>
 4e8:	89 14       	cp	r8, r9
 4ea:	38 f4       	brcc	.+14     	; 0x4fa <__LOCK_REGION_LENGTH__+0xfa>
 4ec:	b6 01       	movw	r22, r12
 4ee:	80 e3       	ldi	r24, 0x30	; 48
 4f0:	90 e0       	ldi	r25, 0x00	; 0
 4f2:	0e 94 b2 02 	call	0x564	; 0x564 <fputc>
 4f6:	9a 94       	dec	r9
 4f8:	f7 cf       	rjmp	.-18     	; 0x4e8 <__LOCK_REGION_LENGTH__+0xe8>
 4fa:	8a 94       	dec	r8
 4fc:	f3 01       	movw	r30, r6
 4fe:	e8 0d       	add	r30, r8
 500:	f1 1d       	adc	r31, r1
 502:	80 81       	ld	r24, Z
 504:	b6 01       	movw	r22, r12
 506:	90 e0       	ldi	r25, 0x00	; 0
 508:	0e 94 b2 02 	call	0x564	; 0x564 <fputc>
 50c:	81 10       	cpse	r8, r1
 50e:	f5 cf       	rjmp	.-22     	; 0x4fa <__LOCK_REGION_LENGTH__+0xfa>
 510:	22 20       	and	r2, r2
 512:	09 f4       	brne	.+2      	; 0x516 <__LOCK_REGION_LENGTH__+0x116>
 514:	42 ce       	rjmp	.-892    	; 0x19a <vfprintf+0x24>
 516:	b6 01       	movw	r22, r12
 518:	80 e2       	ldi	r24, 0x20	; 32
 51a:	90 e0       	ldi	r25, 0x00	; 0
 51c:	0e 94 b2 02 	call	0x564	; 0x564 <fputc>
 520:	2a 94       	dec	r2
 522:	f6 cf       	rjmp	.-20     	; 0x510 <__LOCK_REGION_LENGTH__+0x110>
 524:	f6 01       	movw	r30, r12
 526:	86 81       	ldd	r24, Z+6	; 0x06
 528:	97 81       	ldd	r25, Z+7	; 0x07
 52a:	02 c0       	rjmp	.+4      	; 0x530 <__LOCK_REGION_LENGTH__+0x130>
 52c:	8f ef       	ldi	r24, 0xFF	; 255
 52e:	9f ef       	ldi	r25, 0xFF	; 255
 530:	2b 96       	adiw	r28, 0x0b	; 11
 532:	e2 e1       	ldi	r30, 0x12	; 18
 534:	0c 94 68 03 	jmp	0x6d0	; 0x6d0 <__epilogue_restores__>

00000538 <strnlen_P>:
 538:	fc 01       	movw	r30, r24
 53a:	05 90       	lpm	r0, Z+
 53c:	61 50       	subi	r22, 0x01	; 1
 53e:	70 40       	sbci	r23, 0x00	; 0
 540:	01 10       	cpse	r0, r1
 542:	d8 f7       	brcc	.-10     	; 0x53a <strnlen_P+0x2>
 544:	80 95       	com	r24
 546:	90 95       	com	r25
 548:	8e 0f       	add	r24, r30
 54a:	9f 1f       	adc	r25, r31
 54c:	08 95       	ret

0000054e <strnlen>:
 54e:	fc 01       	movw	r30, r24
 550:	61 50       	subi	r22, 0x01	; 1
 552:	70 40       	sbci	r23, 0x00	; 0
 554:	01 90       	ld	r0, Z+
 556:	01 10       	cpse	r0, r1
 558:	d8 f7       	brcc	.-10     	; 0x550 <strnlen+0x2>
 55a:	80 95       	com	r24
 55c:	90 95       	com	r25
 55e:	8e 0f       	add	r24, r30
 560:	9f 1f       	adc	r25, r31
 562:	08 95       	ret

00000564 <fputc>:
 564:	0f 93       	push	r16
 566:	1f 93       	push	r17
 568:	cf 93       	push	r28
 56a:	df 93       	push	r29
 56c:	fb 01       	movw	r30, r22
 56e:	23 81       	ldd	r18, Z+3	; 0x03
 570:	21 fd       	sbrc	r18, 1
 572:	03 c0       	rjmp	.+6      	; 0x57a <fputc+0x16>
 574:	8f ef       	ldi	r24, 0xFF	; 255
 576:	9f ef       	ldi	r25, 0xFF	; 255
 578:	2c c0       	rjmp	.+88     	; 0x5d2 <fputc+0x6e>
 57a:	22 ff       	sbrs	r18, 2
 57c:	16 c0       	rjmp	.+44     	; 0x5aa <fputc+0x46>
 57e:	46 81       	ldd	r20, Z+6	; 0x06
 580:	57 81       	ldd	r21, Z+7	; 0x07
 582:	24 81       	ldd	r18, Z+4	; 0x04
 584:	35 81       	ldd	r19, Z+5	; 0x05
 586:	42 17       	cp	r20, r18
 588:	53 07       	cpc	r21, r19
 58a:	44 f4       	brge	.+16     	; 0x59c <fputc+0x38>
 58c:	a0 81       	ld	r26, Z
 58e:	b1 81       	ldd	r27, Z+1	; 0x01
 590:	9d 01       	movw	r18, r26
 592:	2f 5f       	subi	r18, 0xFF	; 255
 594:	3f 4f       	sbci	r19, 0xFF	; 255
 596:	31 83       	std	Z+1, r19	; 0x01
 598:	20 83       	st	Z, r18
 59a:	8c 93       	st	X, r24
 59c:	26 81       	ldd	r18, Z+6	; 0x06
 59e:	37 81       	ldd	r19, Z+7	; 0x07
 5a0:	2f 5f       	subi	r18, 0xFF	; 255
 5a2:	3f 4f       	sbci	r19, 0xFF	; 255
 5a4:	37 83       	std	Z+7, r19	; 0x07
 5a6:	26 83       	std	Z+6, r18	; 0x06
 5a8:	14 c0       	rjmp	.+40     	; 0x5d2 <fputc+0x6e>
 5aa:	8b 01       	movw	r16, r22
 5ac:	ec 01       	movw	r28, r24
 5ae:	fb 01       	movw	r30, r22
 5b0:	00 84       	ldd	r0, Z+8	; 0x08
 5b2:	f1 85       	ldd	r31, Z+9	; 0x09
 5b4:	e0 2d       	mov	r30, r0
 5b6:	09 95       	icall
 5b8:	89 2b       	or	r24, r25
 5ba:	e1 f6       	brne	.-72     	; 0x574 <fputc+0x10>
 5bc:	d8 01       	movw	r26, r16
 5be:	16 96       	adiw	r26, 0x06	; 6
 5c0:	8d 91       	ld	r24, X+
 5c2:	9c 91       	ld	r25, X
 5c4:	17 97       	sbiw	r26, 0x07	; 7
 5c6:	01 96       	adiw	r24, 0x01	; 1
 5c8:	17 96       	adiw	r26, 0x07	; 7
 5ca:	9c 93       	st	X, r25
 5cc:	8e 93       	st	-X, r24
 5ce:	16 97       	sbiw	r26, 0x06	; 6
 5d0:	ce 01       	movw	r24, r28
 5d2:	df 91       	pop	r29
 5d4:	cf 91       	pop	r28
 5d6:	1f 91       	pop	r17
 5d8:	0f 91       	pop	r16
 5da:	08 95       	ret

000005dc <__ultoa_invert>:
 5dc:	fa 01       	movw	r30, r20
 5de:	aa 27       	eor	r26, r26
 5e0:	28 30       	cpi	r18, 0x08	; 8
 5e2:	51 f1       	breq	.+84     	; 0x638 <__ultoa_invert+0x5c>
 5e4:	20 31       	cpi	r18, 0x10	; 16
 5e6:	81 f1       	breq	.+96     	; 0x648 <__ultoa_invert+0x6c>
 5e8:	e8 94       	clt
 5ea:	6f 93       	push	r22
 5ec:	6e 7f       	andi	r22, 0xFE	; 254
 5ee:	6e 5f       	subi	r22, 0xFE	; 254
 5f0:	7f 4f       	sbci	r23, 0xFF	; 255
 5f2:	8f 4f       	sbci	r24, 0xFF	; 255
 5f4:	9f 4f       	sbci	r25, 0xFF	; 255
 5f6:	af 4f       	sbci	r26, 0xFF	; 255
 5f8:	b1 e0       	ldi	r27, 0x01	; 1
 5fa:	3e d0       	rcall	.+124    	; 0x678 <__ultoa_invert+0x9c>
 5fc:	b4 e0       	ldi	r27, 0x04	; 4
 5fe:	3c d0       	rcall	.+120    	; 0x678 <__ultoa_invert+0x9c>
 600:	67 0f       	add	r22, r23
 602:	78 1f       	adc	r23, r24
 604:	89 1f       	adc	r24, r25
 606:	9a 1f       	adc	r25, r26
 608:	a1 1d       	adc	r26, r1
 60a:	68 0f       	add	r22, r24
 60c:	79 1f       	adc	r23, r25
 60e:	8a 1f       	adc	r24, r26
 610:	91 1d       	adc	r25, r1
 612:	a1 1d       	adc	r26, r1
 614:	6a 0f       	add	r22, r26
 616:	71 1d       	adc	r23, r1
 618:	81 1d       	adc	r24, r1
 61a:	91 1d       	adc	r25, r1
 61c:	a1 1d       	adc	r26, r1
 61e:	20 d0       	rcall	.+64     	; 0x660 <__ultoa_invert+0x84>
 620:	09 f4       	brne	.+2      	; 0x624 <__ultoa_invert+0x48>
 622:	68 94       	set
 624:	3f 91       	pop	r19
 626:	2a e0       	ldi	r18, 0x0A	; 10
 628:	26 9f       	mul	r18, r22
 62a:	11 24       	eor	r1, r1
 62c:	30 19       	sub	r19, r0
 62e:	30 5d       	subi	r19, 0xD0	; 208
 630:	31 93       	st	Z+, r19
 632:	de f6       	brtc	.-74     	; 0x5ea <__ultoa_invert+0xe>
 634:	cf 01       	movw	r24, r30
 636:	08 95       	ret
 638:	46 2f       	mov	r20, r22
 63a:	47 70       	andi	r20, 0x07	; 7
 63c:	40 5d       	subi	r20, 0xD0	; 208
 63e:	41 93       	st	Z+, r20
 640:	b3 e0       	ldi	r27, 0x03	; 3
 642:	0f d0       	rcall	.+30     	; 0x662 <__ultoa_invert+0x86>
 644:	c9 f7       	brne	.-14     	; 0x638 <__ultoa_invert+0x5c>
 646:	f6 cf       	rjmp	.-20     	; 0x634 <__ultoa_invert+0x58>
 648:	46 2f       	mov	r20, r22
 64a:	4f 70       	andi	r20, 0x0F	; 15
 64c:	40 5d       	subi	r20, 0xD0	; 208
 64e:	4a 33       	cpi	r20, 0x3A	; 58
 650:	18 f0       	brcs	.+6      	; 0x658 <__ultoa_invert+0x7c>
 652:	49 5d       	subi	r20, 0xD9	; 217
 654:	31 fd       	sbrc	r19, 1
 656:	40 52       	subi	r20, 0x20	; 32
 658:	41 93       	st	Z+, r20
 65a:	02 d0       	rcall	.+4      	; 0x660 <__ultoa_invert+0x84>
 65c:	a9 f7       	brne	.-22     	; 0x648 <__ultoa_invert+0x6c>
 65e:	ea cf       	rjmp	.-44     	; 0x634 <__ultoa_invert+0x58>
 660:	b4 e0       	ldi	r27, 0x04	; 4
 662:	a6 95       	lsr	r26
 664:	97 95       	ror	r25
 666:	87 95       	ror	r24
 668:	77 95       	ror	r23
 66a:	67 95       	ror	r22
 66c:	ba 95       	dec	r27
 66e:	c9 f7       	brne	.-14     	; 0x662 <__ultoa_invert+0x86>
 670:	00 97       	sbiw	r24, 0x00	; 0
 672:	61 05       	cpc	r22, r1
 674:	71 05       	cpc	r23, r1
 676:	08 95       	ret
 678:	9b 01       	movw	r18, r22
 67a:	ac 01       	movw	r20, r24
 67c:	0a 2e       	mov	r0, r26
 67e:	06 94       	lsr	r0
 680:	57 95       	ror	r21
 682:	47 95       	ror	r20
 684:	37 95       	ror	r19
 686:	27 95       	ror	r18
 688:	ba 95       	dec	r27
 68a:	c9 f7       	brne	.-14     	; 0x67e <__ultoa_invert+0xa2>
 68c:	62 0f       	add	r22, r18
 68e:	73 1f       	adc	r23, r19
 690:	84 1f       	adc	r24, r20
 692:	95 1f       	adc	r25, r21
 694:	a0 1d       	adc	r26, r0
 696:	08 95       	ret

00000698 <__prologue_saves__>:
 698:	2f 92       	push	r2
 69a:	3f 92       	push	r3
 69c:	4f 92       	push	r4
 69e:	5f 92       	push	r5
 6a0:	6f 92       	push	r6
 6a2:	7f 92       	push	r7
 6a4:	8f 92       	push	r8
 6a6:	9f 92       	push	r9
 6a8:	af 92       	push	r10
 6aa:	bf 92       	push	r11
 6ac:	cf 92       	push	r12
 6ae:	df 92       	push	r13
 6b0:	ef 92       	push	r14
 6b2:	ff 92       	push	r15
 6b4:	0f 93       	push	r16
 6b6:	1f 93       	push	r17
 6b8:	cf 93       	push	r28
 6ba:	df 93       	push	r29
 6bc:	cd b7       	in	r28, 0x3d	; 61
 6be:	de b7       	in	r29, 0x3e	; 62
 6c0:	ca 1b       	sub	r28, r26
 6c2:	db 0b       	sbc	r29, r27
 6c4:	0f b6       	in	r0, 0x3f	; 63
 6c6:	f8 94       	cli
 6c8:	de bf       	out	0x3e, r29	; 62
 6ca:	0f be       	out	0x3f, r0	; 63
 6cc:	cd bf       	out	0x3d, r28	; 61
 6ce:	09 94       	ijmp

000006d0 <__epilogue_restores__>:
 6d0:	2a 88       	ldd	r2, Y+18	; 0x12
 6d2:	39 88       	ldd	r3, Y+17	; 0x11
 6d4:	48 88       	ldd	r4, Y+16	; 0x10
 6d6:	5f 84       	ldd	r5, Y+15	; 0x0f
 6d8:	6e 84       	ldd	r6, Y+14	; 0x0e
 6da:	7d 84       	ldd	r7, Y+13	; 0x0d
 6dc:	8c 84       	ldd	r8, Y+12	; 0x0c
 6de:	9b 84       	ldd	r9, Y+11	; 0x0b
 6e0:	aa 84       	ldd	r10, Y+10	; 0x0a
 6e2:	b9 84       	ldd	r11, Y+9	; 0x09
 6e4:	c8 84       	ldd	r12, Y+8	; 0x08
 6e6:	df 80       	ldd	r13, Y+7	; 0x07
 6e8:	ee 80       	ldd	r14, Y+6	; 0x06
 6ea:	fd 80       	ldd	r15, Y+5	; 0x05
 6ec:	0c 81       	ldd	r16, Y+4	; 0x04
 6ee:	1b 81       	ldd	r17, Y+3	; 0x03
 6f0:	aa 81       	ldd	r26, Y+2	; 0x02
 6f2:	b9 81       	ldd	r27, Y+1	; 0x01
 6f4:	ce 0f       	add	r28, r30
 6f6:	d1 1d       	adc	r29, r1
 6f8:	0f b6       	in	r0, 0x3f	; 63
 6fa:	f8 94       	cli
 6fc:	de bf       	out	0x3e, r29	; 62
 6fe:	0f be       	out	0x3f, r0	; 63
 700:	cd bf       	out	0x3d, r28	; 61
 702:	ed 01       	movw	r28, r26
 704:	08 95       	ret

00000706 <_exit>:
 706:	f8 94       	cli

00000708 <__stop_program>:
 708:	ff cf       	rjmp	.-2      	; 0x708 <__stop_program>
