
exec:     file format elf32-avr

Sections:
Idx Name          Size      VMA       LMA       File off  Algn
  0 .data         00000048  00800100  00000712  000007a6  2**0
                  CONTENTS, ALLOC, LOAD, DATA
  1 .text         00000712  00000000  00000000  00000094  2**1
                  CONTENTS, ALLOC, LOAD, READONLY, CODE
  2 .bss          00000006  00800148  00800148  000007ee  2**0
                  ALLOC
  3 .stab         000007bc  00000000  00000000  000007f0  2**2
                  CONTENTS, READONLY, DEBUGGING
  4 .stabstr      00000e9b  00000000  00000000  00000fac  2**0
                  CONTENTS, READONLY, DEBUGGING
  5 .comment      00000011  00000000  00000000  00001e47  2**0
                  CONTENTS, READONLY
  6 .note.gnu.avr.deviceinfo 00000040  00000000  00000000  00001e58  2**2
                  CONTENTS, READONLY
  7 .debug_info   000005f4  00000000  00000000  00001e98  2**0
                  CONTENTS, READONLY, DEBUGGING
  8 .debug_abbrev 000005a2  00000000  00000000  0000248c  2**0
                  CONTENTS, READONLY, DEBUGGING
  9 .debug_line   0000001a  00000000  00000000  00002a2e  2**0
                  CONTENTS, READONLY, DEBUGGING
 10 .debug_str    00000208  00000000  00000000  00002a48  2**0
                  CONTENTS, READONLY, DEBUGGING
Contents of section .data:
 800100 00000002 00000000 6a000000 00005265  ........j.....Re
 800110 73756c74 2028756e 7369676e 65642069  sult (unsigned i
 800120 6e746567 6572293a 2025640a 00546865  nteger): %d..The
 800130 20676976 656e2070 6172616d 65746572   given parameter
 800140 20697320 25640a00                     is %d..        
Contents of section .text:
 0000 0c943400 0c945100 0c945100 0c945100  ..4...Q...Q...Q.
 0010 0c945100 0c945100 0c945100 0c945100  ..Q...Q...Q...Q.
 0020 0c945100 0c945100 0c945100 0c945100  ..Q...Q...Q...Q.
 0030 0c945100 0c945100 0c945100 0c945100  ..Q...Q...Q...Q.
 0040 0c945100 0c945100 0c945100 0c945100  ..Q...Q...Q...Q.
 0050 0c945100 0c945100 0c945100 0c945100  ..Q...Q...Q...Q.
 0060 0c945100 0c945100 11241fbe cfefd8e0  ..Q...Q..$......
 0070 debfcdbf 11e0a0e0 b1e0e2e1 f7e002c0  ................
 0080 05900d92 a834b107 d9f721e0 a8e4b1e0  .....4....!.....
 0090 01c01d92 ae34b207 e1f70e94 89000c94  .....4..........
 00a0 87030c94 000091e0 82e01f92 9f938f93  ................
 00b0 0e946000 0f900f90 8f918395 99270895  ..`..........'..
 00c0 feb7edb7 83819481 890f9927 8583febf  ...........'....
 00d0 edbf0895 8a3039f4 9091c000 95fffccf  .....09.........
 00e0 9de09093 c6009091 c00095ff fccf8093  ................
 00f0 c60080e0 90e00895 9f938f93 8de291e0  ................
 0100 9f938f93 0e94a900 0f900f90 0f900f90  ................
 0110 089580e0 91e09093 4b018093 4a011092  ........K...J...
 0120 c50087e6 8093c400 88e18093 c10086e0  ................
 0130 8093c200 0e945300 9f938f93 8ee091e0  ......S.........
 0140 9f938f93 0e94a900 0f900f90 0f900f90  ................
 0150 ffcfa0e0 b0e0efea f0e00c94 6003ae01  ............`...
 0160 4b5f5f4f fa016191 7191af01 80914a01  K__O..a.q.....J.
 0170 90914b01 0e94bf00 e2e00c94 7c03abe0  ..K.........|...
 0180 b0e0e5ec f0e00c94 50036c01 7b018a01  ........P.l.{...
 0190 fc011782 16828381 81ffccc1 ce010196  ................
 01a0 3c01f601 9381f701 93fd8591 93ff8191  <...............
 01b0 7f018823 09f4bac1 853239f4 93fd8591  ...#.....29.....
 01c0 93ff8191 7f018532 29f4b601 90e00e94  .......2).......
 01d0 b602e7cf 912c212c 312cffe1 f315d8f0  .....,!,1,......
 01e0 8b3279f0 38f48032 79f08332 a1f4232d  .2y.8..2y..2..#-
 01f0 20611dc0 8d3261f0 803369f4 232d2160   a...2a..3i.#-!`
 0200 16c0832d 8260382e e32de460 3e2e2ac0  ...-.`8..-.`>.*.
 0210 f32df860 1dc037fc 2dc020ed 280f2a30  .-.`..7.-. .(.*0
 0220 40f08e32 b9f436fc 81c1232d 2064322e  @..2..6...#- d2.
 0230 19c036fe 06c08ae0 989e200d 1124922e  ..6....... ..$..
 0240 11c0eae0 2e9e200d 1124222e f32df062  ...... ..$"..-.b
 0250 3f2e08c0 8c3621f4 832d8068 382e02c0  ?....6!..-.h8...
 0260 883641f4 f70193fd 859193ff 81917f01  .6A.............
 0270 8111b3cf 982f9f7d 95549330 28f40c5f  ...../.}.T.0(.._
 0280 1f4f9fe3 99830dc0 833631f0 833771f0  .O.......61..7q.
 0290 833509f0 59c021c0 f8018081 89830e5f  .5..Y.!........_
 02a0 1f4f8824 8394912c 530113c0 2801f2e0  .O.$...,S...(...
 02b0 4f0e511c f801a080 b18036fe 03c0692d  O.Q.......6...i-
 02c0 70e002c0 6fef7fef c5010e94 ab024c01  p...o.........L.
 02d0 8201f32d ff773f2e 16c02801 22e0420e  ...-.w?...(.".B.
 02e0 511cf801 a080b180 36fe03c0 692d70e0  Q.......6...i-p.
 02f0 02c06fef 7fefc501 0e94a002 4c01f32d  ..o.........L..-
 0300 f0683f2e 820133fc 1bc0822d 90e08816  .h?...3....-....
 0310 9906b0f4 b60180e2 90e00e94 b6022a94  ..............*.
 0320 f4cff501 37fc8591 37fe8191 5f01b601  ....7...7..._...
 0330 90e00e94 b6022110 2a9421e0 821a9108  ......!.*.!.....
 0340 81149104 71f7e8c0 843611f0 893641f5  ....q....6...6A.
 0350 f80137fe 07c06081 71818281 93810c5f  ..7...`.q......_
 0360 1f4f08c0 60817181 072e000c 880b990b  .O..`.q.........
 0370 0e5f1f4f f32dff76 3f2e97ff 09c09095  ._.O.-.v?.......
 0380 80957095 61957f4f 8f4f9f4f f0683f2e  ..p.a..O.O.O.h?.
 0390 2ae030e0 a3010e94 f202882e 861845c0  *.0...........E.
 03a0 853731f4 232d2f7e b22e2ae0 30e025c0  .71.#-/~..*.0.%.
 03b0 932d997f b92e8f36 c1f018f4 883579f0  .-.....6.....5y.
 03c0 b5c08037 19f08837 21f0b0c0 e92fe061  ...7...7!..../.a
 03d0 be2eb4fe 0dc0fb2d f460bf2e 09c034fe  .......-.`....4.
 03e0 0ac0292f 2660b22e 06c028e0 30e005c0  ..)/&`....(.0...
 03f0 20e130e0 02c020e1 32e0f801 b7fe07c0   .0... .2.......
 0400 60817181 82819381 0c5f1f4f 06c06081  `.q......_.O..`.
 0410 718180e0 90e00e5f 1f4fa301 0e94f202  q......_.O......
 0420 882e8618 fb2dff77 3f2e36fe 0dc0232d  .....-.w?.6...#-
 0430 2e7fa22e 891458f4 34fe0bc0 32fc09c0  ......X.4...2...
 0440 832d8e7e a82e05c0 b82ca32c 03c0b82c  .-.~.....,.,...,
 0450 01c0b92c a4fe0fc0 fe01e80d f11d8081  ...,............
 0460 803321f4 9a2d997e a92e09c0 a2fe06c0  .3!..-.~........
 0470 b394b394 04c08a2d 867809f0 b394a3fc  .......-.x......
 0480 11c0a0fe 06c0b214 88f4280c 922c9b18  ..........(..,..
 0490 0ec0b214 60f4b601 80e290e0 0e94b602  ....`...........
 04a0 b394f7cf b21418f4 2b1802c0 982c212c  ........+....,!,
 04b0 a4fe10c0 b60180e3 90e00e94 b602a2fe  ................
 04c0 17c0a1fc 03c088e7 90e002c0 88e590e0  ................
 04d0 b6010cc0 8a2d8678 59f0a1fe 02c08be2  .....-.xY.......
 04e0 01c080e2 a7fc8de2 b60190e0 0e94b602  ................
 04f0 891438f4 b60180e3 90e00e94 b6029a94  ..8.............
 0500 f7cf8a94 f301e80d f11d8081 b60190e0  ................
 0510 0e94b602 8110f5cf 222009f4 42ceb601  ........" ..B...
 0520 80e290e0 0e94b602 2a94f6cf f6018681  ........*.......
 0530 978102c0 8fef9fef 2b96e2e1 0c946c03  ........+.....l.
 0540 fc010590 61507040 0110d8f7 80959095  ....aPp@........
 0550 8e0f9f1f 0895fc01 61507040 01900110  ........aPp@....
 0560 d8f78095 90958e0f 9f1f0895 0f931f93  ................
 0570 cf93df93 fb012381 21fd03c0 8fef9fef  ......#.!.......
 0580 2cc022ff 16c04681 57812481 35814217  ,."...F.W.$.5.B.
 0590 530744f4 a081b181 9d012f5f 3f4f3183  S.D......./_?O1.
 05a0 20838c93 26813781 2f5f3f4f 37832683   ...&.7./_?O7.&.
 05b0 14c08b01 ec01fb01 0084f185 e02d0995  .............-..
 05c0 892be1f6 d8011696 8d919c91 17970196  .+..............
 05d0 17969c93 8e931697 ce01df91 cf911f91  ................
 05e0 0f910895 fa01aa27 283051f1 203181f1  .......'(0Q. 1..
 05f0 e8946f93 6e7f6e5f 7f4f8f4f 9f4faf4f  ..o.n.n_.O.O.O.O
 0600 b1e03ed0 b4e03cd0 670f781f 891f9a1f  ..>...<.g.x.....
 0610 a11d680f 791f8a1f 911da11d 6a0f711d  ..h.y.......j.q.
 0620 811d911d a11d20d0 09f46894 3f912ae0  ...... ...h.?.*.
 0630 269f1124 3019305d 3193def6 cf010895  &..$0.0]1.......
 0640 462f4770 405d4193 b3e00fd0 c9f7f6cf  F/Gp@]A.........
 0650 462f4f70 405d4a33 18f0495d 31fd4052  F/Op@]J3..I]1.@R
 0660 419302d0 a9f7eacf b4e0a695 97958795  A...............
 0670 77956795 ba95c9f7 00976105 71050895  w.g.......a.q...
 0680 9b01ac01 0a2e0694 57954795 37952795  ........W.G.7.'.
 0690 ba95c9f7 620f731f 841f951f a01d0895  ....b.s.........
 06a0 2f923f92 4f925f92 6f927f92 8f929f92  /.?.O._.o.......
 06b0 af92bf92 cf92df92 ef92ff92 0f931f93  ................
 06c0 cf93df93 cdb7deb7 ca1bdb0b 0fb6f894  ................
 06d0 debf0fbe cdbf0994 2a883988 48885f84  ........*.9.H._.
 06e0 6e847d84 8c849b84 aa84b984 c884df80  n.}.............
 06f0 ee80fd80 0c811b81 aa81b981 ce0fd11d  ................
 0700 0fb6f894 debf0fbe cdbfed01 0895f894  ................
 0710 ffcf                                 ..              
Contents of section .stab:
 0000 01000000 0000a400 9b0e0000 01000000  ................
 0010 64000000 a6000000 00000000 44000800  d...........D...
 0020 a6000000 00000000 44000900 a8000000  ........D.......
 0030 00000000 44000a00 aa000000 00000000  ....D...........
 0040 44000b00 ac000000 00000000 44000c00  D...........D...
 0050 ae000000 00000000 44000d00 b0000000  ........D.......
 0060 00000000 44000e00 b4000000 00000000  ....D...........
 0070 44000f00 b6000000 00000000 44001000  D...........D...
 0080 b8000000 00000000 44001100 ba000000  ........D.......
 0090 00000000 44001200 bc000000 00000000  ....D...........
 00a0 44001300 be000000 00000000 44001600  D...........D...
 00b0 c0000000 00000000 44001700 c2000000  ........D.......
 00c0 00000000 44001900 c4000000 00000000  ....D...........
 00d0 44001a00 c6000000 00000000 44001b00  D...........D...
 00e0 c8000000 00000000 44001c00 ca000000  ........D.......
 00f0 00000000 44001d00 cc000000 00000000  ....D...........
 0100 44001e00 ce000000 00000000 44001f00  D...........D...
 0110 d0000000 00000000 44002000 d2000000  ........D. .....
 0120 07000000 64000200 d4000000 30000000  ....d.......0...
 0130 64000200 d4000000 3f000000 3c000000  d.......?...<...
 0140 00000000 4e000000 80000000 00000000  ....N...........
 0150 6e000000 80000000 00000000 88000000  n...............
 0160 80000000 00000000 bf000000 80000000  ................
 0170 00000000 e5000000 80000000 00000000  ................
 0180 1a010000 80000000 00000000 92010000  ................
 0190 80000000 00000000 e8010000 80000000  ................
 01a0 00000000 3a020000 80000000 00000000  ....:...........
 01b0 7f020000 80000000 00000000 a7020000  ................
 01c0 80000000 00000000 d5020000 80000000  ................
 01d0 00000000 ff020000 80000000 00000000  ................
 01e0 28030000 80000000 00000000 42030000  (...........B...
 01f0 80000000 00000000 5d030000 80000000  ........].......
 0200 00000000 7d030000 80000000 00000000  ....}...........
 0210 9e030000 80000000 00000000 b9030000  ................
 0220 80000000 00000000 d9030000 80000000  ................
 0230 00000000 fe030000 80000000 00000000  ................
 0240 28040000 80000000 00000000 4c040000  (...........L...
 0250 80000000 00000000 75040000 80000000  ........u.......
 0260 00000000 a3040000 80000000 00000000  ................
 0270 c9040000 80000000 00000000 e9040000  ................
 0280 80000000 00000000 0e050000 80000000  ................
 0290 00000000 38050000 80000000 00000000  ....8...........
 02a0 67050000 80000000 00000000 90050000  g...............
 02b0 80000000 00000000 be050000 80000000  ................
 02c0 00000000 f1050000 80000000 00000000  ................
 02d0 12060000 80000000 00000000 2d060000  ............-...
 02e0 80000000 00000000 4d060000 80000000  ........M.......
 02f0 00000000 72060000 80000000 00000000  ....r...........
 0300 9c060000 80000000 00000000 c0060000  ................
 0310 80000000 00000000 e9060000 80000000  ................
 0320 00000000 17070000 80000000 00000000  ................
 0330 3d070000 80000000 00000000 5d070000  =...........]...
 0340 80000000 00000000 82070000 80000000  ................
 0350 00000000 ac070000 80000000 00000000  ................
 0360 db070000 80000000 00000000 04080000  ................
 0370 80000000 00000000 32080000 80000000  ........2.......
 0380 00000000 65080000 80000000 00000000  ....e...........
 0390 79080000 82000000 00000000 97080000  y...............
 03a0 82000000 00000000 bb080000 82000000  ................
 03b0 250f0000 db080000 82000000 00000000  %...............
 03c0 03090000 82000000 3bb80000 21090000  ........;...!...
 03d0 80007d00 00000000 36090000 80007e00  ..}.....6.....~.
 03e0 00000000 4c090000 80007f00 00000000  ....L...........
 03f0 61090000 80008000 00000000 77090000  a...........w...
 0400 80008100 00000000 8c090000 80008200  ................
 0410 00000000 a2090000 80008400 00000000  ................
 0420 b7090000 80008500 00000000 cd090000  ................
 0430 80009200 00000000 e3090000 80009700  ................
 0440 00000000 fb090000 8000a300 00000000  ................
 0450 160a0000 8000a800 00000000 320a0000  ............2...
 0460 8000ad00 00000000 4e0a0000 8000b200  ........N.......
 0470 00000000 6b0a0000 8000b700 00000000  ....k...........
 0480 870a0000 8000bc00 00000000 a40a0000  ................
 0490 8000c400 00000000 c00a0000 8000cb00  ................
 04a0 00000000 dd0a0000 8000d900 00000000  ................
 04b0 f70a0000 8000de00 00000000 120b0000  ................
 04c0 8000e300 00000000 2d0b0000 8000e800  ........-.......
 04d0 00000000 490b0000 8000ed00 00000000  ....I...........
 04e0 640b0000 8000f200 00000000 800b0000  d...............
 04f0 8000fa00 00000000 9b0b0000 80000101  ................
 0500 00000000 b70b0000 80001501 00000000  ................
 0510 ce0b0000 80001a01 00000000 00000000  ................
 0520 a2000000 00000000 00000000 a2000000  ................
 0530 00000000 e60b0000 80004d00 00000000  ..........M.....
 0540 000c0000 80005100 00000000 00000000  ......Q.........
 0550 a2000000 00000000 00000000 a2000000  ................
 0560 00000000 1b0c0000 82000000 6e130000  ............n...
 0570 3b0c0000 8000f400 00000000 00000000  ;...............
 0580 a2000000 00000000 00000000 a2000000  ................
 0590 00000000 890c0000 82000000 85330000  .............3..
 05a0 a60c0000 82000000 900e0000 ce0c0000  ................
 05b0 80002800 00000000 f20c0000 80006200  ..(...........b.
 05c0 00000000 00000000 a2000000 00000000  ................
 05d0 070d0000 82000000 d8040000 2f0d0000  ............/...
 05e0 8000d800 00000000 00000000 a2000000  ................
 05f0 00000000 430d0000 80000000 00000000  ....C...........
 0600 060e0000 80001501 00000000 180e0000  ................
 0610 8000b603 00000000 00000000 a2000000  ................
 0620 00000000 2c0e0000 2400eb00 d4000000  ....,...$.......
 0630 480e0000 4000eb00 18000000 530e0000  H...@.......S...
 0640 4000eb00 16000000 00000000 2e000000  @...............
 0650 d4000000 00000000 4400eb00 00000000  ........D.......
 0660 00000000 4400ee00 00000000 00000000  ....D...........
 0670 4400a000 04000000 00000000 4400a300  D...........D...
 0680 0c000000 00000000 4400a000 12000000  ........D.......
 0690 00000000 4400a300 1a000000 00000000  ....D...........
 06a0 4400f300 1e000000 00000000 24000000  D...........$...
 06b0 24000000 00000000 4e000000 f8000000  $.......N.......
 06c0 690e0000 24005400 12010000 00000000  i...$.T.........
 06d0 2e000000 12010000 00000000 44005400  ............D.T.
 06e0 00000000 00000000 44005900 00000000  ........D.Y.....
 06f0 00000000 44008a00 0c000000 00000000  ....D...........
 0700 44008b00 10000000 00000000 44008e00  D...........D...
 0710 16000000 00000000 44009100 1c000000  ........D.......
 0720 00000000 44005f00 22000000 00000000  ....D._.".......
 0730 44006200 26000000 00000000 24000000  D.b.&.......$...
 0740 40000000 00000000 4e000000 52010000  @.......N...R...
 0750 750e0000 24007400 f8000000 00000000  u...$.t.........
 0760 2e000000 f8000000 00000000 44007500  ............D.u.
 0770 00000000 00000000 44007600 00000000  ........D.v.....
 0780 00000000 44007700 10000000 00000000  ....D.w.........
 0790 24000000 1a000000 00000000 4e000000  $...........N...
 07a0 12010000 8b0e0000 26004400 00018000  ........&.D.....
 07b0 00000000 64000000 12010000           ....d.......    
Contents of section .stabstr:
 0000 0061736d 2e73002f 686f6d65 2f686572  .asm.s./home/her
 0010 61696e2f 446f6375 6d656e74 732f454c  ain/Documents/EL
 0020 45433136 30312f53 63726970 74732f00  EC1601/Scripts/.
 0030 77726170 7065725f 75617274 2e630067  wrapper_uart.c.g
 0040 6363325f 636f6d70 696c6564 2e00696e  cc2_compiled..in
 0050 743a7428 302c3129 3d722830 2c31293b  t:t(0,1)=r(0,1);
 0060 2d333237 36383b33 32373637 3b006368  -32768;32767;.ch
 0070 61723a74 28302c32 293d7228 302c3229  ar:t(0,2)=r(0,2)
 0080 3b303b31 32373b00 6c6f6e67 20696e74  ;0;127;.long int
 0090 3a742830 2c33293d 40733332 3b722830  :t(0,3)=@s32;r(0
 00a0 2c33293b 30323030 30303030 30303030  ,3);020000000000
 00b0 3b303137 37373737 37373737 373b0075  ;017777777777;.u
 00c0 6e736967 6e656420 696e743a 7428302c  nsigned int:t(0,
 00d0 34293d72 28302c34 293b303b 30313737  4)=r(0,4);0;0177
 00e0 3737373b 006c6f6e 6720756e 7369676e  777;.long unsign
 00f0 65642069 6e743a74 28302c35 293d4073  ed int:t(0,5)=@s
 0100 33323b72 28302c35 293b303b 30333737  32;r(0,5);0;0377
 0110 37373737 37373737 3b005f5f 696e7431  77777777;.__int1
 0120 32383a74 28302c36 293d4073 3132383b  28:t(0,6)=@s128;
 0130 7228302c 36293b30 32303030 30303030  r(0,6);020000000
 0140 30303030 30303030 30303030 30303030  0000000000000000
 0150 30303030 30303030 30303030 30303030  0000000000000000
 0160 3030303b 30313737 37373737 37373737  000;017777777777
 0170 37373737 37373737 37373737 37373737  7777777777777777
 0180 37373737 37373737 37373737 37373737  7777777777777777
 0190 3b005f5f 696e7431 32382075 6e736967  ;.__int128 unsig
 01a0 6e65643a 7428302c 37293d40 73313238  ned:t(0,7)=@s128
 01b0 3b722830 2c37293b 303b3033 37373737  ;r(0,7);0;037777
 01c0 37373737 37373737 37373737 37373737  7777777777777777
 01d0 37373737 37373737 37373737 37373737  7777777777777777
 01e0 37373737 37373b00 6c6f6e67 206c6f6e  777777;.long lon
 01f0 6720696e 743a7428 302c3829 3d407336  g int:t(0,8)=@s6
 0200 343b7228 302c3829 3b303130 30303030  4;r(0,8);0100000
 0210 30303030 30303030 30303030 30303030  0000000000000000
 0220 3b303037 37373737 37373737 37373737  ;007777777777777
 0230 37373737 37373737 3b006c6f 6e67206c  77777777;.long l
 0240 6f6e6720 756e7369 676e6564 20696e74  ong unsigned int
 0250 3a742830 2c39293d 40733634 3b722830  :t(0,9)=@s64;r(0
 0260 2c39293b 303b3031 37373737 37373737  ,9);0;0177777777
 0270 37373737 37373737 37373737 373b0073  7777777777777;.s
 0280 686f7274 20696e74 3a742830 2c313029  hort int:t(0,10)
 0290 3d722830 2c313029 3b2d3332 3736383b  =r(0,10);-32768;
 02a0 33323736 373b0073 686f7274 20756e73  32767;.short uns
 02b0 69676e65 6420696e 743a7428 302c3131  igned int:t(0,11
 02c0 293d7228 302c3131 293b303b 30313737  )=r(0,11);0;0177
 02d0 3737373b 00736967 6e656420 63686172  777;.signed char
 02e0 3a742830 2c313229 3d407338 3b722830  :t(0,12)=@s8;r(0
 02f0 2c313229 3b2d3132 383b3132 373b0075  ,12);-128;127;.u
 0300 6e736967 6e656420 63686172 3a742830  nsigned char:t(0
 0310 2c313329 3d407338 3b722830 2c313329  ,13)=@s8;r(0,13)
 0320 3b303b32 35353b00 666c6f61 743a7428  ;0;255;.float:t(
 0330 302c3134 293d7228 302c3129 3b343b30  0,14)=r(0,1);4;0
 0340 3b00646f 75626c65 3a742830 2c313529  ;.double:t(0,15)
 0350 3d722830 2c31293b 343b303b 006c6f6e  =r(0,1);4;0;.lon
 0360 6720646f 75626c65 3a742830 2c313629  g double:t(0,16)
 0370 3d722830 2c31293b 343b303b 0073686f  =r(0,1);4;0;.sho
 0380 7274205f 46726163 743a7428 302c3137  rt _Fract:t(0,17
 0390 293d7228 302c3129 3b313b30 3b005f46  )=r(0,1);1;0;._F
 03a0 72616374 3a742830 2c313829 3d722830  ract:t(0,18)=r(0
 03b0 2c31293b 323b303b 006c6f6e 67205f46  ,1);2;0;.long _F
 03c0 72616374 3a742830 2c313929 3d722830  ract:t(0,19)=r(0
 03d0 2c31293b 343b303b 006c6f6e 67206c6f  ,1);4;0;.long lo
 03e0 6e67205f 46726163 743a7428 302c3230  ng _Fract:t(0,20
 03f0 293d7228 302c3129 3b383b30 3b00756e  )=r(0,1);8;0;.un
 0400 7369676e 65642073 686f7274 205f4672  signed short _Fr
 0410 6163743a 7428302c 3231293d 7228302c  act:t(0,21)=r(0,
 0420 31293b31 3b303b00 756e7369 676e6564  1);1;0;.unsigned
 0430 205f4672 6163743a 7428302c 3232293d   _Fract:t(0,22)=
 0440 7228302c 31293b32 3b303b00 756e7369  r(0,1);2;0;.unsi
 0450 676e6564 206c6f6e 67205f46 72616374  gned long _Fract
 0460 3a742830 2c323329 3d722830 2c31293b  :t(0,23)=r(0,1);
 0470 343b303b 00756e73 69676e65 64206c6f  4;0;.unsigned lo
 0480 6e67206c 6f6e6720 5f467261 63743a74  ng long _Fract:t
 0490 28302c32 34293d72 28302c31 293b383b  (0,24)=r(0,1);8;
 04a0 303b005f 53617420 73686f72 74205f46  0;._Sat short _F
 04b0 72616374 3a742830 2c323529 3d722830  ract:t(0,25)=r(0
 04c0 2c31293b 313b303b 005f5361 74205f46  ,1);1;0;._Sat _F
 04d0 72616374 3a742830 2c323629 3d722830  ract:t(0,26)=r(0
 04e0 2c31293b 323b303b 005f5361 74206c6f  ,1);2;0;._Sat lo
 04f0 6e67205f 46726163 743a7428 302c3237  ng _Fract:t(0,27
 0500 293d7228 302c3129 3b343b30 3b005f53  )=r(0,1);4;0;._S
 0510 6174206c 6f6e6720 6c6f6e67 205f4672  at long long _Fr
 0520 6163743a 7428302c 3238293d 7228302c  act:t(0,28)=r(0,
 0530 31293b38 3b303b00 5f536174 20756e73  1);8;0;._Sat uns
 0540 69676e65 64207368 6f727420 5f467261  igned short _Fra
 0550 63743a74 28302c32 39293d72 28302c31  ct:t(0,29)=r(0,1
 0560 293b313b 303b005f 53617420 756e7369  );1;0;._Sat unsi
 0570 676e6564 205f4672 6163743a 7428302c  gned _Fract:t(0,
 0580 3330293d 7228302c 31293b32 3b303b00  30)=r(0,1);2;0;.
 0590 5f536174 20756e73 69676e65 64206c6f  _Sat unsigned lo
 05a0 6e67205f 46726163 743a7428 302c3331  ng _Fract:t(0,31
 05b0 293d7228 302c3129 3b343b30 3b005f53  )=r(0,1);4;0;._S
 05c0 61742075 6e736967 6e656420 6c6f6e67  at unsigned long
 05d0 206c6f6e 67205f46 72616374 3a742830   long _Fract:t(0
 05e0 2c333229 3d722830 2c31293b 383b303b  ,32)=r(0,1);8;0;
 05f0 0073686f 7274205f 41636375 6d3a7428  .short _Accum:t(
 0600 302c3333 293d7228 302c3129 3b323b30  0,33)=r(0,1);2;0
 0610 3b005f41 6363756d 3a742830 2c333429  ;._Accum:t(0,34)
 0620 3d722830 2c31293b 343b303b 006c6f6e  =r(0,1);4;0;.lon
 0630 67205f41 6363756d 3a742830 2c333529  g _Accum:t(0,35)
 0640 3d722830 2c31293b 383b303b 006c6f6e  =r(0,1);8;0;.lon
 0650 67206c6f 6e67205f 41636375 6d3a7428  g long _Accum:t(
 0660 302c3336 293d7228 302c3129 3b383b30  0,36)=r(0,1);8;0
 0670 3b00756e 7369676e 65642073 686f7274  ;.unsigned short
 0680 205f4163 63756d3a 7428302c 3337293d   _Accum:t(0,37)=
 0690 7228302c 31293b32 3b303b00 756e7369  r(0,1);2;0;.unsi
 06a0 676e6564 205f4163 63756d3a 7428302c  gned _Accum:t(0,
 06b0 3338293d 7228302c 31293b34 3b303b00  38)=r(0,1);4;0;.
 06c0 756e7369 676e6564 206c6f6e 67205f41  unsigned long _A
 06d0 6363756d 3a742830 2c333929 3d722830  ccum:t(0,39)=r(0
 06e0 2c31293b 383b303b 00756e73 69676e65  ,1);8;0;.unsigne
 06f0 64206c6f 6e67206c 6f6e6720 5f416363  d long long _Acc
 0700 756d3a74 28302c34 30293d72 28302c31  um:t(0,40)=r(0,1
 0710 293b383b 303b005f 53617420 73686f72  );8;0;._Sat shor
 0720 74205f41 6363756d 3a742830 2c343129  t _Accum:t(0,41)
 0730 3d722830 2c31293b 323b303b 005f5361  =r(0,1);2;0;._Sa
 0740 74205f41 6363756d 3a742830 2c343229  t _Accum:t(0,42)
 0750 3d722830 2c31293b 343b303b 005f5361  =r(0,1);4;0;._Sa
 0760 74206c6f 6e67205f 41636375 6d3a7428  t long _Accum:t(
 0770 302c3433 293d7228 302c3129 3b383b30  0,43)=r(0,1);8;0
 0780 3b005f53 6174206c 6f6e6720 6c6f6e67  ;._Sat long long
 0790 205f4163 63756d3a 7428302c 3434293d   _Accum:t(0,44)=
 07a0 7228302c 31293b38 3b303b00 5f536174  r(0,1);8;0;._Sat
 07b0 20756e73 69676e65 64207368 6f727420   unsigned short 
 07c0 5f416363 756d3a74 28302c34 35293d72  _Accum:t(0,45)=r
 07d0 28302c31 293b323b 303b005f 53617420  (0,1);2;0;._Sat 
 07e0 756e7369 676e6564 205f4163 63756d3a  unsigned _Accum:
 07f0 7428302c 3436293d 7228302c 31293b34  t(0,46)=r(0,1);4
 0800 3b303b00 5f536174 20756e73 69676e65  ;0;._Sat unsigne
 0810 64206c6f 6e67205f 41636375 6d3a7428  d long _Accum:t(
 0820 302c3437 293d7228 302c3129 3b383b30  0,47)=r(0,1);8;0
 0830 3b005f53 61742075 6e736967 6e656420  ;._Sat unsigned 
 0840 6c6f6e67 206c6f6e 67205f41 6363756d  long long _Accum
 0850 3a742830 2c343829 3d722830 2c31293b  :t(0,48)=r(0,1);
 0860 383b303b 00766f69 643a7428 302c3439  8;0;.void:t(0,49
 0870 293d2830 2c343929 002f7573 722f6c69  )=(0,49)./usr/li
 0880 622f6176 722f696e 636c7564 652f6176  b/avr/include/av
 0890 722f696f 2e68002f 7573722f 6c69622f  r/io.h./usr/lib/
 08a0 6176722f 696e636c 7564652f 6176722f  avr/include/avr/
 08b0 7366725f 64656673 2e68002f 7573722f  sfr_defs.h./usr/
 08c0 6c69622f 6176722f 696e636c 7564652f  lib/avr/include/
 08d0 696e7474 79706573 2e68002f 7573722f  inttypes.h./usr/
 08e0 6c69622f 6763632f 6176722f 352e342e  lib/gcc/avr/5.4.
 08f0 302f696e 636c7564 652f7374 64696e74  0/include/stdint
 0900 2e68002f 7573722f 6c69622f 6176722f  .h./usr/lib/avr/
 0910 696e636c 7564652f 73746469 6e742e68  include/stdint.h
 0920 00696e74 385f743a 7428352c 31293d28  .int8_t:t(5,1)=(
 0930 302c3132 29007569 6e74385f 743a7428  0,12).uint8_t:t(
 0940 352c3229 3d28302c 31332900 696e7431  5,2)=(0,13).int1
 0950 365f743a 7428352c 33293d28 302c3129  6_t:t(5,3)=(0,1)
 0960 0075696e 7431365f 743a7428 352c3429  .uint16_t:t(5,4)
 0970 3d28302c 34290069 6e743332 5f743a74  =(0,4).int32_t:t
 0980 28352c35 293d2830 2c332900 75696e74  (5,5)=(0,3).uint
 0990 33325f74 3a742835 2c36293d 28302c35  32_t:t(5,6)=(0,5
 09a0 2900696e 7436345f 743a7428 352c3729  ).int64_t:t(5,7)
 09b0 3d28302c 38290075 696e7436 345f743a  =(0,8).uint64_t:
 09c0 7428352c 38293d28 302c3929 00696e74  t(5,8)=(0,9).int
 09d0 7074725f 743a7428 352c3929 3d28352c  ptr_t:t(5,9)=(5,
 09e0 33290075 696e7470 74725f74 3a742835  3).uintptr_t:t(5
 09f0 2c313029 3d28352c 34290069 6e745f6c  ,10)=(5,4).int_l
 0a00 65617374 385f743a 7428352c 3131293d  east8_t:t(5,11)=
 0a10 28352c31 29007569 6e745f6c 65617374  (5,1).uint_least
 0a20 385f743a 7428352c 3132293d 28352c32  8_t:t(5,12)=(5,2
 0a30 2900696e 745f6c65 61737431 365f743a  ).int_least16_t:
 0a40 7428352c 3133293d 28352c33 29007569  t(5,13)=(5,3).ui
 0a50 6e745f6c 65617374 31365f74 3a742835  nt_least16_t:t(5
 0a60 2c313429 3d28352c 34290069 6e745f6c  ,14)=(5,4).int_l
 0a70 65617374 33325f74 3a742835 2c313529  east32_t:t(5,15)
 0a80 3d28352c 35290075 696e745f 6c656173  =(5,5).uint_leas
 0a90 7433325f 743a7428 352c3136 293d2835  t32_t:t(5,16)=(5
 0aa0 2c362900 696e745f 6c656173 7436345f  ,6).int_least64_
 0ab0 743a7428 352c3137 293d2835 2c372900  t:t(5,17)=(5,7).
 0ac0 75696e74 5f6c6561 73743634 5f743a74  uint_least64_t:t
 0ad0 28352c31 38293d28 352c3829 00696e74  (5,18)=(5,8).int
 0ae0 5f666173 74385f74 3a742835 2c313929  _fast8_t:t(5,19)
 0af0 3d28352c 31290075 696e745f 66617374  =(5,1).uint_fast
 0b00 385f743a 7428352c 3230293d 28352c32  8_t:t(5,20)=(5,2
 0b10 2900696e 745f6661 73743136 5f743a74  ).int_fast16_t:t
 0b20 28352c32 31293d28 352c3329 0075696e  (5,21)=(5,3).uin
 0b30 745f6661 73743136 5f743a74 28352c32  t_fast16_t:t(5,2
 0b40 32293d28 352c3429 00696e74 5f666173  2)=(5,4).int_fas
 0b50 7433325f 743a7428 352c3233 293d2835  t32_t:t(5,23)=(5
 0b60 2c352900 75696e74 5f666173 7433325f  ,5).uint_fast32_
 0b70 743a7428 352c3234 293d2835 2c362900  t:t(5,24)=(5,6).
 0b80 696e745f 66617374 36345f74 3a742835  int_fast64_t:t(5
 0b90 2c323529 3d28352c 37290075 696e745f  ,25)=(5,7).uint_
 0ba0 66617374 36345f74 3a742835 2c323629  fast64_t:t(5,26)
 0bb0 3d28352c 38290069 6e746d61 785f743a  =(5,8).intmax_t:
 0bc0 7428352c 3237293d 28352c37 29007569  t(5,27)=(5,7).ui
 0bd0 6e746d61 785f743a 7428352c 3238293d  ntmax_t:t(5,28)=
 0be0 28352c38 2900696e 745f6661 72707472  (5,8).int_farptr
 0bf0 5f743a74 28332c31 293d2835 2c352900  _t:t(3,1)=(5,5).
 0c00 75696e74 5f666172 7074725f 743a7428  uint_farptr_t:t(
 0c10 332c3229 3d28352c 3629002f 7573722f  3,2)=(5,6)./usr/
 0c20 6c69622f 6176722f 696e636c 7564652f  lib/avr/include/
 0c30 6176722f 66757365 2e68005f 5f667573  avr/fuse.h.__fus
 0c40 655f743a 7428362c 31293d28 362c3229  e_t:t(6,1)=(6,2)
 0c50 3d73336c 6f773a28 302c3133 292c302c  =s3low:(0,13),0,
 0c60 383b6869 67683a28 302c3133 292c382c  8;high:(0,13),8,
 0c70 383b6578 74656e64 65643a28 302c3133  8;extended:(0,13
 0c80 292c3136 2c383b3b 002f7573 722f6c69  ),16,8;;./usr/li
 0c90 622f6176 722f696e 636c7564 652f7374  b/avr/include/st
 0ca0 64696f2e 68002f75 73722f6c 69622f67  dio.h./usr/lib/g
 0cb0 63632f61 76722f35 2e342e30 2f696e63  cc/avr/5.4.0/inc
 0cc0 6c756465 2f737464 6172672e 68005f5f  lude/stdarg.h.__
 0cd0 676e7563 5f76615f 6c697374 3a742838  gnuc_va_list:t(8
 0ce0 2c31293d 28382c32 293d2a28 302c3439  ,1)=(8,2)=*(0,49
 0cf0 29007661 5f6c6973 743a7428 382c3329  ).va_list:t(8,3)
 0d00 3d28382c 3129002f 7573722f 6c69622f  =(8,1)./usr/lib/
 0d10 6763632f 6176722f 352e342e 302f696e  gcc/avr/5.4.0/in
 0d20 636c7564 652f7374 64646566 2e680073  clude/stddef.h.s
 0d30 697a655f 743a7428 392c3129 3d28302c  ize_t:t(9,1)=(0,
 0d40 3429005f 5f66696c 653a5428 372c3129  4).__file:T(7,1)
 0d50 3d733134 6275663a 28372c32 293d2a28  =s14buf:(7,2)=*(
 0d60 302c3229 2c302c31 363b756e 6765743a  0,2),0,16;unget:
 0d70 28302c31 33292c31 362c383b 666c6167  (0,13),16,8;flag
 0d80 733a2835 2c32292c 32342c38 3b73697a  s:(5,2),24,8;siz
 0d90 653a2830 2c31292c 33322c31 363b6c65  e:(0,1),32,16;le
 0da0 6e3a2830 2c31292c 34382c31 363b7075  n:(0,1),48,16;pu
 0db0 743a2837 2c33293d 2a28372c 34293d66  t:(7,3)=*(7,4)=f
 0dc0 28302c31 292c3634 2c31363b 6765743a  (0,1),64,16;get:
 0dd0 28372c35 293d2a28 372c3629 3d662830  (7,5)=*(7,6)=f(0
 0de0 2c31292c 38302c31 363b7564 6174613a  ,1),80,16;udata:
 0df0 28372c37 293d2a28 302c3439 292c3936  (7,7)=*(0,49),96
 0e00 2c31363b 3b004649 4c453a74 28372c38  ,16;;.FILE:t(7,8
 0e10 293d2837 2c312900 66706f73 5f743a74  )=(7,1).fpos_t:t
 0e20 28372c39 293d2830 2c382900 75736172  (7,9)=(0,8).usar
 0e30 745f7075 74636861 725f7072 696e7466  t_putchar_printf
 0e40 3a662830 2c312900 7661723a 5028302c  :f(0,1).var:P(0,
 0e50 32290073 74726561 6d3a5028 302c3530  2).stream:P(0,50
 0e60 293d2a28 372c3829 006d6169 6e3a4628  )=*(7,8).main:F(
 0e70 302c3129 00707269 6e745f69 6e746567  0,1).print_integ
 0e80 65723a46 28302c34 3929006d 79737464  er:F(0,49).mystd
 0e90 6f75743a 5328372c 382900             out:S(7,8).     
Contents of section .comment:
 0000 4743433a 2028474e 55292035 2e342e30  GCC: (GNU) 5.4.0
 0010 00                                   .               
Contents of section .note.gnu.avr.deviceinfo:
 0000 04000000 2d000000 01000000 41565200  ....-.......AVR.
 0010 00000000 00800000 00010000 00080000  ................
 0020 00000000 00040000 08000000 01000000  ................
 0030 0061746d 65676133 32387000 00000000  .atmega328p.....
Contents of section .debug_info:
 0000 f0050000 02000000 00000401 00000000  ................
 0010 00000000 020f0000 00010803 17000000  ................
 0020 02070414 00000005 1b000000 ff030006  ................
 0030 20000000 00002200 00000105 03000081   .....".........
 0040 00072900 00000000 14000000 010503c6  ..).............
 0050 00800008 2e000000 00001400 00000105  ................
 0060 03c00080 00093500 00000000 14000000  ......5.........
 0070 010503c1 0080000a 3c000000 00001400  ........<.......
 0080 00000105 03c20080 000b4300 00000000  ..........C.....
 0090 1b000000 010503c4 0080000c 49000000  ............I...
 00a0 00001400 00000105 03bd0080 000d4f00  ..............O.
 00b0 00000000 14000000 010503b8 0080000e  ................
 00c0 54000000 00001400 00000105 03bc0080  T...............
 00d0 000f5900 00000000 14000000 010503b9  ..Y.............
 00e0 00800010 5e000000 00001400 00000105  ....^...........
 00f0 03bb0080 00116300 00000000 14000000  ......c.........
 0100 010503ba 00800012 68000000 00001400  ........h.......
 0110 00000105 036f0080 00136f00 00000000  .....o....o.....
 0120 14000000 01050336 00800014 75000000  .......6....u...
 0130 00001400 00000105 03800080 00157c00  ..............|.
 0140 00000000 14000000 01050381 00800016  ................
 0150 83000000 00001400 00000105 03820080  ................
 0160 00178a00 00000000 1b000000 01050384  ................
 0170 00800018 90000000 00001b00 00000105  ................
 0180 03880080 00199600 00000000 1b000000  ................
 0190 0105038a 0080001a 9c000000 00001b00  ................
 01a0 00000105 03860080 001ba100 00000000  ................
 01b0 14000000 01050343 0080001c a7000000  .......C........
 01c0 00001400 00000105 03700080 001dae00  .........p......
 01d0 00000000 14000000 01050337 0080001e  ...........7....
 01e0 b4000000 00001400 00000105 03b00080  ................
 01f0 001fbb00 00000000 14000000 010503b1  ................
 0200 00800020 c2000000 00001400 00000105  ... ............
 0210 03b20080 0021c800 00000000 14000000  .....!..........
 0220 010503b4 00800022 ce000000 00001400  ......."........
 0230 00000105 03b30080 0023d400 00000000  .........#......
 0240 14000000 010503b6 00800024 d9000000  ...........$....
 0250 00001400 00000105 03430080 0025df00  .........C...%..
 0260 00000000 14000000 0105037c 00800026  ...........|...&
 0270 e5000000 00001b00 00000105 03780080  .............x..
 0280 0027e900 00000000 14000000 0105037a  .'.............z
 0290 00800028 f0000000 00001400 00000105  ...(............
 02a0 037b0080 0029f700 00000000 14000000  .{...)..........
 02b0 0105037e 0080002a fd000000 00001400  ...~...*........
 02c0 00000105 03500080 002b0201 00000000  .....P...+......
 02d0 14000000 0105037f 0080002c 08010000  ...........,....
 02e0 00001400 00000105 03250080 002d0e01  .........%...-..
 02f0 00000000 14000000 01050324 0080002e  ...........$....
 0300 13010000 00001400 00000105 03230080  .............#..
 0310 002f1801 00000000 14000000 01050328  ./.............(
 0320 00800030 1e010000 00001400 00000105  ...0............
 0330 03270080 00312301 00000000 14000000  .'...1#.........
 0340 01050326 00800032 28010000 00001400  ...&...2(.......
 0350 00000105 032b0080 00332e01 00000000  .....+...3......
 0360 14000000 0105032a 00800034 33010000  .......*...43...
 0370 00001400 00000105 03290080 00353801  .........)...58.
 0380 00000000 14000000 01050348 00800036  ...........H...6
 0390 3e010000 00001400 00000105 03470080  >............G..
 03a0 00374401 00000000 14000000 01050346  .7D............F
 03b0 00800038 4a010000 00001400 00000105  ...8J...........
 03c0 03450080 00395101 00000000 14000000  .E...9Q.........
 03d0 01050344 0080003a 58010000 00001400  ...D...:X.......
 03e0 00000105 036e0080 003b5f01 00000000  .....n...;_.....
 03f0 14000000 01050335 0080003c 65010000  .......5...<e...
 0400 00001400 00000105 03430080 003d6b01  .........C...=k.
 0410 00000000 14000000 01050369 0080003e  ...........i...>
 0420 71010000 00001400 00000105 033d0080  q............=..
 0430 003f7701 00000000 14000000 0105033c  .?w............<
 0440 00800040 7c010000 00001400 00000105  ...@|...........
 0450 03680080 00418201 00000000 14000000  .h...A..........
 0460 0105036d 00800042 89010000 00001400  ...m...B........
 0470 00000105 036c0080 00439001 00000000  .....l...C......
 0480 14000000 0105036b 00800044 97010000  .......k...D....
 0490 00001400 00000105 033b0080 00459d01  .........;...E..
 04a0 00000000 14000000 0105034e 00800046  ...........N...F
 04b0 a2010000 00001400 00000105 034d0080  .............M..
 04c0 0047a701 00000000 14000000 0105034c  .G.............L
 04d0 00800048 ac010000 00001400 00000105  ...H............
 04e0 03600080 0049b301 00000000 14000000  .`...I..........
 04f0 01050364 0080004a b7010000 00001400  ...d...J........
 0500 00000105 03660080 004bbe01 00000000  .....f...K......
 0510 14000000 01050361 0080004c c4010000  .......a...L....
 0520 00001400 00000105 035f0080 004dc901  ........._...M..
 0530 00000000 1b000000 0105035d 0080004e  ...........]...N
 0540 cc010000 00001400 00000105 03570080  .............W..
 0550 004fd301 00000000 14000000 01050355  .O.............U
 0560 00800050 d9010000 00001400 00000105  ...P............
 0570 03540080 0051df01 00000000 14000000  .T...Q..........
 0580 01050353 00800052 e4010000 00001400  ...S...R........
 0590 00000105 034b0080 0053eb01 00000000  .....K...S......
 05a0 14000000 0105034a 00800054 f2010000  .......J...T....
 05b0 00001400 00000105 033e0080 0055f901  .........>...U..
 05c0 00000000 1b000000 01050341 00800056  ...........A...V
 05d0 fe010000 00001400 00000105 03400080  .............@..
 05e0 00570302 00000000 14000000 0105033f  .W.............?
 05f0 00800000                             ....            
Contents of section .debug_abbrev:
 0000 01110125 0e100600 00022400 030e0b0b  ...%......$.....
 0010 3e0b0000 03240003 0e0b0b3e 0b000004  >....$.....>....
 0020 01014913 00000521 0049132f 05000006  ..I....!.I./....
 0030 3400030e 3a0b3b0b 49133f0c 020a0000  4...:.;.I.?.....
 0040 07340003 0e3a0b3b 0b49133f 0c020a00  .4...:.;.I.?....
 0050 00083400 030e3a0b 3b0b4913 3f0c020a  ..4...:.;.I.?...
 0060 00000934 00030e3a 0b3b0b49 133f0c02  ...4...:.;.I.?..
 0070 0a00000a 3400030e 3a0b3b0b 49133f0c  ....4...:.;.I.?.
 0080 020a0000 0b340003 0e3a0b3b 0b49133f  .....4...:.;.I.?
 0090 0c020a00 000c3400 030e3a0b 3b0b4913  ......4...:.;.I.
 00a0 3f0c020a 00000d34 00030e3a 0b3b0b49  ?......4...:.;.I
 00b0 133f0c02 0a00000e 3400030e 3a0b3b0b  .?......4...:.;.
 00c0 49133f0c 020a0000 0f340003 0e3a0b3b  I.?......4...:.;
 00d0 0b49133f 0c020a00 00103400 030e3a0b  .I.?......4...:.
 00e0 3b0b4913 3f0c020a 00001134 00030e3a  ;.I.?......4...:
 00f0 0b3b0b49 133f0c02 0a000012 3400030e  .;.I.?......4...
 0100 3a0b3b0b 49133f0c 020a0000 13340003  :.;.I.?......4..
 0110 0e3a0b3b 0b49133f 0c020a00 00143400  .:.;.I.?......4.
 0120 030e3a0b 3b0b4913 3f0c020a 00001534  ..:.;.I.?......4
 0130 00030e3a 0b3b0b49 133f0c02 0a000016  ...:.;.I.?......
 0140 3400030e 3a0b3b0b 49133f0c 020a0000  4...:.;.I.?.....
 0150 17340003 0e3a0b3b 0b49133f 0c020a00  .4...:.;.I.?....
 0160 00183400 030e3a0b 3b0b4913 3f0c020a  ..4...:.;.I.?...
 0170 00001934 00030e3a 0b3b0b49 133f0c02  ...4...:.;.I.?..
 0180 0a00001a 3400030e 3a0b3b0b 49133f0c  ....4...:.;.I.?.
 0190 020a0000 1b340003 0e3a0b3b 0b49133f  .....4...:.;.I.?
 01a0 0c020a00 001c3400 030e3a0b 3b0b4913  ......4...:.;.I.
 01b0 3f0c020a 00001d34 00030e3a 0b3b0b49  ?......4...:.;.I
 01c0 133f0c02 0a00001e 3400030e 3a0b3b0b  .?......4...:.;.
 01d0 49133f0c 020a0000 1f340003 0e3a0b3b  I.?......4...:.;
 01e0 0b49133f 0c020a00 00203400 030e3a0b  .I.?..... 4...:.
 01f0 3b0b4913 3f0c020a 00002134 00030e3a  ;.I.?.....!4...:
 0200 0b3b0b49 133f0c02 0a000022 3400030e  .;.I.?....."4...
 0210 3a0b3b0b 49133f0c 020a0000 23340003  :.;.I.?.....#4..
 0220 0e3a0b3b 0b49133f 0c020a00 00243400  .:.;.I.?.....$4.
 0230 030e3a0b 3b0b4913 3f0c020a 00002534  ..:.;.I.?.....%4
 0240 00030e3a 0b3b0b49 133f0c02 0a000026  ...:.;.I.?.....&
 0250 3400030e 3a0b3b0b 49133f0c 020a0000  4...:.;.I.?.....
 0260 27340003 0e3a0b3b 0b49133f 0c020a00  '4...:.;.I.?....
 0270 00283400 030e3a0b 3b0b4913 3f0c020a  .(4...:.;.I.?...
 0280 00002934 00030e3a 0b3b0b49 133f0c02  ..)4...:.;.I.?..
 0290 0a00002a 3400030e 3a0b3b0b 49133f0c  ...*4...:.;.I.?.
 02a0 020a0000 2b340003 0e3a0b3b 0b49133f  ....+4...:.;.I.?
 02b0 0c020a00 002c3400 030e3a0b 3b0b4913  .....,4...:.;.I.
 02c0 3f0c020a 00002d34 00030e3a 0b3b0b49  ?.....-4...:.;.I
 02d0 133f0c02 0a00002e 3400030e 3a0b3b0b  .?......4...:.;.
 02e0 49133f0c 020a0000 2f340003 0e3a0b3b  I.?...../4...:.;
 02f0 0b49133f 0c020a00 00303400 030e3a0b  .I.?.....04...:.
 0300 3b0b4913 3f0c020a 00003134 00030e3a  ;.I.?.....14...:
 0310 0b3b0b49 133f0c02 0a000032 3400030e  .;.I.?.....24...
 0320 3a0b3b0b 49133f0c 020a0000 33340003  :.;.I.?.....34..
 0330 0e3a0b3b 0b49133f 0c020a00 00343400  .:.;.I.?.....44.
 0340 030e3a0b 3b0b4913 3f0c020a 00003534  ..:.;.I.?.....54
 0350 00030e3a 0b3b0b49 133f0c02 0a000036  ...:.;.I.?.....6
 0360 3400030e 3a0b3b0b 49133f0c 020a0000  4...:.;.I.?.....
 0370 37340003 0e3a0b3b 0b49133f 0c020a00  74...:.;.I.?....
 0380 00383400 030e3a0b 3b0b4913 3f0c020a  .84...:.;.I.?...
 0390 00003934 00030e3a 0b3b0b49 133f0c02  ..94...:.;.I.?..
 03a0 0a00003a 3400030e 3a0b3b0b 49133f0c  ...:4...:.;.I.?.
 03b0 020a0000 3b340003 0e3a0b3b 0b49133f  ....;4...:.;.I.?
 03c0 0c020a00 003c3400 030e3a0b 3b0b4913  .....<4...:.;.I.
 03d0 3f0c020a 00003d34 00030e3a 0b3b0b49  ?.....=4...:.;.I
 03e0 133f0c02 0a00003e 3400030e 3a0b3b0b  .?.....>4...:.;.
 03f0 49133f0c 020a0000 3f340003 0e3a0b3b  I.?.....?4...:.;
 0400 0b49133f 0c020a00 00403400 030e3a0b  .I.?.....@4...:.
 0410 3b0b4913 3f0c020a 00004134 00030e3a  ;.I.?.....A4...:
 0420 0b3b0b49 133f0c02 0a000042 3400030e  .;.I.?.....B4...
 0430 3a0b3b0b 49133f0c 020a0000 43340003  :.;.I.?.....C4..
 0440 0e3a0b3b 0b49133f 0c020a00 00443400  .:.;.I.?.....D4.
 0450 030e3a0b 3b0b4913 3f0c020a 00004534  ..:.;.I.?.....E4
 0460 00030e3a 0b3b0b49 133f0c02 0a000046  ...:.;.I.?.....F
 0470 3400030e 3a0b3b0b 49133f0c 020a0000  4...:.;.I.?.....
 0480 47340003 0e3a0b3b 0b49133f 0c020a00  G4...:.;.I.?....
 0490 00483400 030e3a0b 3b0b4913 3f0c020a  .H4...:.;.I.?...
 04a0 00004934 00030e3a 0b3b0b49 133f0c02  ..I4...:.;.I.?..
 04b0 0a00004a 3400030e 3a0b3b0b 49133f0c  ...J4...:.;.I.?.
 04c0 020a0000 4b340003 0e3a0b3b 0b49133f  ....K4...:.;.I.?
 04d0 0c020a00 004c3400 030e3a0b 3b0b4913  .....L4...:.;.I.
 04e0 3f0c020a 00004d34 00030e3a 0b3b0b49  ?.....M4...:.;.I
 04f0 133f0c02 0a00004e 3400030e 3a0b3b0b  .?.....N4...:.;.
 0500 49133f0c 020a0000 4f340003 0e3a0b3b  I.?.....O4...:.;
 0510 0b49133f 0c020a00 00503400 030e3a0b  .I.?.....P4...:.
 0520 3b0b4913 3f0c020a 00005134 00030e3a  ;.I.?.....Q4...:
 0530 0b3b0b49 133f0c02 0a000052 3400030e  .;.I.?.....R4...
 0540 3a0b3b0b 49133f0c 020a0000 53340003  :.;.I.?.....S4..
 0550 0e3a0b3b 0b49133f 0c020a00 00543400  .:.;.I.?.....T4.
 0560 030e3a0b 3b0b4913 3f0c020a 00005534  ..:.;.I.?.....U4
 0570 00030e3a 0b3b0b49 133f0c02 0a000056  ...:.;.I.?.....V
 0580 3400030e 3a0b3b0b 49133f0c 020a0000  4...:.;.I.?.....
 0590 57340003 0e3a0b3b 0b49133f 0c020a00  W4...:.;.I.?....
 05a0 0000                                 ..              
Contents of section .debug_line:
 0000 16000000 02001000 00000201 fb0e0a00  ................
 0010 01010101 00000001 0000               ..........      
Contents of section .debug_str:
 0000 6176722d 6c696263 20322e30 2e300075  avr-libc 2.0.0.u
 0010 696e7438 5f740075 696e7431 365f7400  int8_t.uint16_t.
 0020 5f5f6565 70726f6d 00554452 30005543  __eeprom.UDR0.UC
 0030 53523041 00554353 52304200 55435352  SR0A.UCSR0B.UCSR
 0040 30430055 42525230 00545741 4d520054  0C.UBRR0.TWAMR.T
 0050 57425200 54574352 00545753 52005457  WBR.TWCR.TWSR.TW
 0060 44520054 57415200 54494d53 4b310054  DR.TWAR.TIMSK1.T
 0070 49465231 00544343 52314100 54434352  IFR1.TCCR1A.TCCR
 0080 31420054 43435231 43005443 4e543100  1B.TCCR1C.TCNT1.
 0090 4f435231 41004f43 52314200 49435231  OCR1A.OCR1B.ICR1
 00a0 00475443 43520054 494d534b 32005449  .GTCCR.TIMSK2.TI
 00b0 46523200 54434352 32410054 43435232  FR2.TCCR2A.TCCR2
 00c0 42005443 4e543200 4f435232 42004f43  B.TCNT2.OCR2B.OC
 00d0 52324100 41535352 00475443 43520041  R2A.ASSR.GTCCR.A
 00e0 444d5558 00414443 00414443 53524100  DMUX.ADC.ADCSRA.
 00f0 41444353 52420044 49445230 00414353  ADCSRB.DIDR0.ACS
 0100 52004449 44523100 504f5254 42004444  R.DIDR1.PORTB.DD
 0110 52420050 494e4200 504f5254 43004444  RB.PINB.PORTC.DD
 0120 52430050 494e4300 504f5254 44004444  RC.PINC.PORTD.DD
 0130 52440050 494e4400 4f435230 42004f43  RD.PIND.OCR0B.OC
 0140 52304100 54434e54 30005443 43523042  R0A.TCNT0.TCCR0B
 0150 00544343 52304100 54494d53 4b300054  .TCCR0A.TIMSK0.T
 0160 49465230 00475443 43520045 49435241  IFR0.GTCCR.EICRA
 0170 0045494d 534b0045 49465200 50434943  .EIMSK.EIFR.PCIC
 0180 52005043 4d534b32 0050434d 534b3100  R.PCMSK2.PCMSK1.
 0190 50434d53 4b300050 43494652 00535044  PCMSK0.PCIFR.SPD
 01a0 52005350 53520053 50435200 57445443  R.SPSR.SPCR.WDTC
 01b0 53520050 5252004f 53434341 4c00434c  SR.PRR.OSCCAL.CL
 01c0 4b505200 53524547 00535000 53504d43  KPR.SREG.SP.SPMC
 01d0 5352004d 43554352 004d4355 53520053  SR.MCUCR.MCUSR.S
 01e0 4d435200 4750494f 52320047 50494f52  MCR.GPIOR2.GPIOR
 01f0 31004750 494f5230 00454541 52004545  1.GPIOR0.EEAR.EE
 0200 44520045 45435200                    DR.EECR.        

Disassembly of section .text:

00000000 <__vectors>:
   0:	0c 94 34 00 	jmp	0x68	; 0x68 <__ctors_end>
   4:	0c 94 51 00 	jmp	0xa2	; 0xa2 <__bad_interrupt>
   8:	0c 94 51 00 	jmp	0xa2	; 0xa2 <__bad_interrupt>
   c:	0c 94 51 00 	jmp	0xa2	; 0xa2 <__bad_interrupt>
  10:	0c 94 51 00 	jmp	0xa2	; 0xa2 <__bad_interrupt>
  14:	0c 94 51 00 	jmp	0xa2	; 0xa2 <__bad_interrupt>
  18:	0c 94 51 00 	jmp	0xa2	; 0xa2 <__bad_interrupt>
  1c:	0c 94 51 00 	jmp	0xa2	; 0xa2 <__bad_interrupt>
  20:	0c 94 51 00 	jmp	0xa2	; 0xa2 <__bad_interrupt>
  24:	0c 94 51 00 	jmp	0xa2	; 0xa2 <__bad_interrupt>
  28:	0c 94 51 00 	jmp	0xa2	; 0xa2 <__bad_interrupt>
  2c:	0c 94 51 00 	jmp	0xa2	; 0xa2 <__bad_interrupt>
  30:	0c 94 51 00 	jmp	0xa2	; 0xa2 <__bad_interrupt>
  34:	0c 94 51 00 	jmp	0xa2	; 0xa2 <__bad_interrupt>
  38:	0c 94 51 00 	jmp	0xa2	; 0xa2 <__bad_interrupt>
  3c:	0c 94 51 00 	jmp	0xa2	; 0xa2 <__bad_interrupt>
  40:	0c 94 51 00 	jmp	0xa2	; 0xa2 <__bad_interrupt>
  44:	0c 94 51 00 	jmp	0xa2	; 0xa2 <__bad_interrupt>
  48:	0c 94 51 00 	jmp	0xa2	; 0xa2 <__bad_interrupt>
  4c:	0c 94 51 00 	jmp	0xa2	; 0xa2 <__bad_interrupt>
  50:	0c 94 51 00 	jmp	0xa2	; 0xa2 <__bad_interrupt>
  54:	0c 94 51 00 	jmp	0xa2	; 0xa2 <__bad_interrupt>
  58:	0c 94 51 00 	jmp	0xa2	; 0xa2 <__bad_interrupt>
  5c:	0c 94 51 00 	jmp	0xa2	; 0xa2 <__bad_interrupt>
  60:	0c 94 51 00 	jmp	0xa2	; 0xa2 <__bad_interrupt>
  64:	0c 94 51 00 	jmp	0xa2	; 0xa2 <__bad_interrupt>

00000068 <__ctors_end>:
  68:	11 24       	eor	r1, r1
  6a:	1f be       	out	0x3f, r1	; 63
  6c:	cf ef       	ldi	r28, 0xFF	; 255
  6e:	d8 e0       	ldi	r29, 0x08	; 8
  70:	de bf       	out	0x3e, r29	; 62
  72:	cd bf       	out	0x3d, r28	; 61

00000074 <__do_copy_data>:
  74:	11 e0       	ldi	r17, 0x01	; 1
  76:	a0 e0       	ldi	r26, 0x00	; 0
  78:	b1 e0       	ldi	r27, 0x01	; 1
  7a:	e2 e1       	ldi	r30, 0x12	; 18
  7c:	f7 e0       	ldi	r31, 0x07	; 7
  7e:	02 c0       	rjmp	.+4      	; 0x84 <__do_copy_data+0x10>
  80:	05 90       	lpm	r0, Z+
  82:	0d 92       	st	X+, r0
  84:	a8 34       	cpi	r26, 0x48	; 72
  86:	b1 07       	cpc	r27, r17
  88:	d9 f7       	brne	.-10     	; 0x80 <__do_copy_data+0xc>

0000008a <__do_clear_bss>:
  8a:	21 e0       	ldi	r18, 0x01	; 1
  8c:	a8 e4       	ldi	r26, 0x48	; 72
  8e:	b1 e0       	ldi	r27, 0x01	; 1
  90:	01 c0       	rjmp	.+2      	; 0x94 <.do_clear_bss_start>

00000092 <.do_clear_bss_loop>:
  92:	1d 92       	st	X+, r1

00000094 <.do_clear_bss_start>:
  94:	ae 34       	cpi	r26, 0x4E	; 78
  96:	b2 07       	cpc	r27, r18
  98:	e1 f7       	brne	.-8      	; 0x92 <.do_clear_bss_loop>
  9a:	0e 94 89 00 	call	0x112	; 0x112 <main>
  9e:	0c 94 87 03 	jmp	0x70e	; 0x70e <_exit>

000000a2 <__bad_interrupt>:
  a2:	0c 94 00 00 	jmp	0	; 0x0 <__vectors>

000000a6 <asm_function>:
;;; Code definition goes here
.section .text
	.global asm_function

asm_function:
        LDI R25, 1
  a6:	91 e0       	ldi	r25, 0x01	; 1
        LDI R24, 2
  a8:	82 e0       	ldi	r24, 0x02	; 2
        PUSH R1                ; Result space
  aa:	1f 92       	push	r1
        PUSH R25
  ac:	9f 93       	push	r25
        PUSH R24
  ae:	8f 93       	push	r24
        CALL subroutine
  b0:	0e 94 60 00 	call	0xc0	; 0xc0 <subroutine>
        POP R0
  b4:	0f 90       	pop	r0
        POP R0
  b6:	0f 90       	pop	r0
        POP R24
  b8:	8f 91       	pop	r24
        INC R24
  ba:	83 95       	inc	r24
        CLR R25
  bc:	99 27       	eor	r25, r25
        RET
  be:	08 95       	ret

000000c0 <subroutine>:
        
subroutine:
        IN R31, 0x3E
  c0:	fe b7       	in	r31, 0x3e	; 62
        IN R30, 0x3D
  c2:	ed b7       	in	r30, 0x3d	; 61
        
        LDD R24, Z+3
  c4:	83 81       	ldd	r24, Z+3	; 0x03
        LDD R25, Z+4
  c6:	94 81       	ldd	r25, Z+4	; 0x04
        ADD R24, R25
  c8:	89 0f       	add	r24, r25
        CLR R25
  ca:	99 27       	eor	r25, r25
        STD Z+5, R24
  cc:	85 83       	std	Z+5, r24	; 0x05
        OUT 0x3E, R31
  ce:	fe bf       	out	0x3e, r31	; 62
        OUT 0x3D, R30
  d0:	ed bf       	out	0x3d, r30	; 61
        RET
  d2:	08 95       	ret

000000d4 <usart_putchar_printf>:
******************************************************************************/
// this function is called by printf as a stream handler
static int usart_putchar_printf(char var, FILE *stream) {

    // translate \n to \r for br@y++ terminal
    if (var == '\n') {
  d4:	8a 30       	cpi	r24, 0x0A	; 10
  d6:	39 f4       	brne	.+14     	; 0xe6 <usart_putchar_printf+0x12>
  registers accordingly.]

******************************************************************************/
static void usart_putchar(char data) {
    // Wait for empty transmit buffer
    while (!(UCSR0A & (_BV(UDRE0))));
  d8:	90 91 c0 00 	lds	r25, 0x00C0	; 0x8000c0 <__DATA_REGION_ORIGIN__+0x60>
  dc:	95 ff       	sbrs	r25, 5
  de:	fc cf       	rjmp	.-8      	; 0xd8 <usart_putchar_printf+0x4>

    // Start transmission
    UDR0 = data;
  e0:	9d e0       	ldi	r25, 0x0D	; 13
  e2:	90 93 c6 00 	sts	0x00C6, r25	; 0x8000c6 <__DATA_REGION_ORIGIN__+0x66>
  registers accordingly.]

******************************************************************************/
static void usart_putchar(char data) {
    // Wait for empty transmit buffer
    while (!(UCSR0A & (_BV(UDRE0))));
  e6:	90 91 c0 00 	lds	r25, 0x00C0	; 0x8000c0 <__DATA_REGION_ORIGIN__+0x60>
  ea:	95 ff       	sbrs	r25, 5
  ec:	fc cf       	rjmp	.-8      	; 0xe6 <usart_putchar_printf+0x12>

    // Start transmission
    UDR0 = data;
  ee:	80 93 c6 00 	sts	0x00C6, r24	; 0x8000c6 <__DATA_REGION_ORIGIN__+0x66>
    if (var == '\n') {
        usart_putchar('\r');
    }
    usart_putchar(var);
    return 0;
}
  f2:	80 e0       	ldi	r24, 0x00	; 0
  f4:	90 e0       	ldi	r25, 0x00	; 0
  f6:	08 95       	ret

000000f8 <print_integer>:
  f8:	9f 93       	push	r25
  fa:	8f 93       	push	r24
  fc:	8d e2       	ldi	r24, 0x2D	; 45
  fe:	91 e0       	ldi	r25, 0x01	; 1
 100:	9f 93       	push	r25
 102:	8f 93       	push	r24
 104:	0e 94 a9 00 	call	0x152	; 0x152 <printf>
 108:	0f 90       	pop	r0
 10a:	0f 90       	pop	r0
 10c:	0f 90       	pop	r0
 10e:	0f 90       	pop	r0
 110:	08 95       	ret

00000112 <main>:
int main() {
    // To catch the result
    unsigned int myvalue = -1;

    // set up stdio stream
    stdout = &mystdout;
 112:	80 e0       	ldi	r24, 0x00	; 0
 114:	91 e0       	ldi	r25, 0x01	; 1
 116:	90 93 4b 01 	sts	0x014B, r25	; 0x80014b <__data_end+0x3>
 11a:	80 93 4a 01 	sts	0x014A, r24	; 0x80014a <__data_end+0x2>
  data through the UART in the board.]

******************************************************************************/
static void usart_init(uint16_t ubrr) {
    // Set baud rate
    UBRR0H = (uint8_t)(ubrr >> 8);
 11e:	10 92 c5 00 	sts	0x00C5, r1	; 0x8000c5 <__DATA_REGION_ORIGIN__+0x65>
    UBRR0L = (uint8_t)(ubrr);
 122:	87 e6       	ldi	r24, 0x67	; 103
 124:	80 93 c4 00 	sts	0x00C4, r24	; 0x8000c4 <__DATA_REGION_ORIGIN__+0x64>
    
    // Enable receiver and transmitter
    UCSR0B = (1 << RXEN0)|(1 << TXEN0);
 128:	88 e1       	ldi	r24, 0x18	; 24
 12a:	80 93 c1 00 	sts	0x00C1, r24	; 0x8000c1 <__DATA_REGION_ORIGIN__+0x61>

    // Set frame format: 8data, 1stop bit
    UCSR0C = (3 << UCSZ00);
 12e:	86 e0       	ldi	r24, 0x06	; 6
 130:	80 93 c2 00 	sts	0x00C2, r24	; 0x8000c2 <__DATA_REGION_ORIGIN__+0x62>
    
    // Initialize the usart
    usart_init (BAUD_PRESCALLER);
    
    // Capture the result of the execution
    myvalue = (unsigned int)asm_function();
 134:	0e 94 53 00 	call	0xa6	; 0xa6 <asm_function>

    // Print the result of the function
    printf("Result (unsigned integer): %d\n", myvalue);
 138:	9f 93       	push	r25
 13a:	8f 93       	push	r24
 13c:	8e e0       	ldi	r24, 0x0E	; 14
 13e:	91 e0       	ldi	r25, 0x01	; 1
 140:	9f 93       	push	r25
 142:	8f 93       	push	r24
 144:	0e 94 a9 00 	call	0x152	; 0x152 <printf>
 148:	0f 90       	pop	r0
 14a:	0f 90       	pop	r0
 14c:	0f 90       	pop	r0
 14e:	0f 90       	pop	r0
 150:	ff cf       	rjmp	.-2      	; 0x150 <main+0x3e>

00000152 <printf>:
 152:	a0 e0       	ldi	r26, 0x00	; 0
 154:	b0 e0       	ldi	r27, 0x00	; 0
 156:	ef ea       	ldi	r30, 0xAF	; 175
 158:	f0 e0       	ldi	r31, 0x00	; 0
 15a:	0c 94 60 03 	jmp	0x6c0	; 0x6c0 <__prologue_saves__+0x20>
 15e:	ae 01       	movw	r20, r28
 160:	4b 5f       	subi	r20, 0xFB	; 251
 162:	5f 4f       	sbci	r21, 0xFF	; 255
 164:	fa 01       	movw	r30, r20
 166:	61 91       	ld	r22, Z+
 168:	71 91       	ld	r23, Z+
 16a:	af 01       	movw	r20, r30
 16c:	80 91 4a 01 	lds	r24, 0x014A	; 0x80014a <__data_end+0x2>
 170:	90 91 4b 01 	lds	r25, 0x014B	; 0x80014b <__data_end+0x3>
 174:	0e 94 bf 00 	call	0x17e	; 0x17e <vfprintf>
 178:	e2 e0       	ldi	r30, 0x02	; 2
 17a:	0c 94 7c 03 	jmp	0x6f8	; 0x6f8 <__epilogue_restores__+0x20>

0000017e <vfprintf>:
 17e:	ab e0       	ldi	r26, 0x0B	; 11
 180:	b0 e0       	ldi	r27, 0x00	; 0
 182:	e5 ec       	ldi	r30, 0xC5	; 197
 184:	f0 e0       	ldi	r31, 0x00	; 0
 186:	0c 94 50 03 	jmp	0x6a0	; 0x6a0 <__prologue_saves__>
 18a:	6c 01       	movw	r12, r24
 18c:	7b 01       	movw	r14, r22
 18e:	8a 01       	movw	r16, r20
 190:	fc 01       	movw	r30, r24
 192:	17 82       	std	Z+7, r1	; 0x07
 194:	16 82       	std	Z+6, r1	; 0x06
 196:	83 81       	ldd	r24, Z+3	; 0x03
 198:	81 ff       	sbrs	r24, 1
 19a:	cc c1       	rjmp	.+920    	; 0x534 <__LOCK_REGION_LENGTH__+0x134>
 19c:	ce 01       	movw	r24, r28
 19e:	01 96       	adiw	r24, 0x01	; 1
 1a0:	3c 01       	movw	r6, r24
 1a2:	f6 01       	movw	r30, r12
 1a4:	93 81       	ldd	r25, Z+3	; 0x03
 1a6:	f7 01       	movw	r30, r14
 1a8:	93 fd       	sbrc	r25, 3
 1aa:	85 91       	lpm	r24, Z+
 1ac:	93 ff       	sbrs	r25, 3
 1ae:	81 91       	ld	r24, Z+
 1b0:	7f 01       	movw	r14, r30
 1b2:	88 23       	and	r24, r24
 1b4:	09 f4       	brne	.+2      	; 0x1b8 <vfprintf+0x3a>
 1b6:	ba c1       	rjmp	.+884    	; 0x52c <__LOCK_REGION_LENGTH__+0x12c>
 1b8:	85 32       	cpi	r24, 0x25	; 37
 1ba:	39 f4       	brne	.+14     	; 0x1ca <vfprintf+0x4c>
 1bc:	93 fd       	sbrc	r25, 3
 1be:	85 91       	lpm	r24, Z+
 1c0:	93 ff       	sbrs	r25, 3
 1c2:	81 91       	ld	r24, Z+
 1c4:	7f 01       	movw	r14, r30
 1c6:	85 32       	cpi	r24, 0x25	; 37
 1c8:	29 f4       	brne	.+10     	; 0x1d4 <vfprintf+0x56>
 1ca:	b6 01       	movw	r22, r12
 1cc:	90 e0       	ldi	r25, 0x00	; 0
 1ce:	0e 94 b6 02 	call	0x56c	; 0x56c <fputc>
 1d2:	e7 cf       	rjmp	.-50     	; 0x1a2 <vfprintf+0x24>
 1d4:	91 2c       	mov	r9, r1
 1d6:	21 2c       	mov	r2, r1
 1d8:	31 2c       	mov	r3, r1
 1da:	ff e1       	ldi	r31, 0x1F	; 31
 1dc:	f3 15       	cp	r31, r3
 1de:	d8 f0       	brcs	.+54     	; 0x216 <vfprintf+0x98>
 1e0:	8b 32       	cpi	r24, 0x2B	; 43
 1e2:	79 f0       	breq	.+30     	; 0x202 <vfprintf+0x84>
 1e4:	38 f4       	brcc	.+14     	; 0x1f4 <vfprintf+0x76>
 1e6:	80 32       	cpi	r24, 0x20	; 32
 1e8:	79 f0       	breq	.+30     	; 0x208 <vfprintf+0x8a>
 1ea:	83 32       	cpi	r24, 0x23	; 35
 1ec:	a1 f4       	brne	.+40     	; 0x216 <vfprintf+0x98>
 1ee:	23 2d       	mov	r18, r3
 1f0:	20 61       	ori	r18, 0x10	; 16
 1f2:	1d c0       	rjmp	.+58     	; 0x22e <vfprintf+0xb0>
 1f4:	8d 32       	cpi	r24, 0x2D	; 45
 1f6:	61 f0       	breq	.+24     	; 0x210 <vfprintf+0x92>
 1f8:	80 33       	cpi	r24, 0x30	; 48
 1fa:	69 f4       	brne	.+26     	; 0x216 <vfprintf+0x98>
 1fc:	23 2d       	mov	r18, r3
 1fe:	21 60       	ori	r18, 0x01	; 1
 200:	16 c0       	rjmp	.+44     	; 0x22e <vfprintf+0xb0>
 202:	83 2d       	mov	r24, r3
 204:	82 60       	ori	r24, 0x02	; 2
 206:	38 2e       	mov	r3, r24
 208:	e3 2d       	mov	r30, r3
 20a:	e4 60       	ori	r30, 0x04	; 4
 20c:	3e 2e       	mov	r3, r30
 20e:	2a c0       	rjmp	.+84     	; 0x264 <vfprintf+0xe6>
 210:	f3 2d       	mov	r31, r3
 212:	f8 60       	ori	r31, 0x08	; 8
 214:	1d c0       	rjmp	.+58     	; 0x250 <vfprintf+0xd2>
 216:	37 fc       	sbrc	r3, 7
 218:	2d c0       	rjmp	.+90     	; 0x274 <vfprintf+0xf6>
 21a:	20 ed       	ldi	r18, 0xD0	; 208
 21c:	28 0f       	add	r18, r24
 21e:	2a 30       	cpi	r18, 0x0A	; 10
 220:	40 f0       	brcs	.+16     	; 0x232 <vfprintf+0xb4>
 222:	8e 32       	cpi	r24, 0x2E	; 46
 224:	b9 f4       	brne	.+46     	; 0x254 <vfprintf+0xd6>
 226:	36 fc       	sbrc	r3, 6
 228:	81 c1       	rjmp	.+770    	; 0x52c <__LOCK_REGION_LENGTH__+0x12c>
 22a:	23 2d       	mov	r18, r3
 22c:	20 64       	ori	r18, 0x40	; 64
 22e:	32 2e       	mov	r3, r18
 230:	19 c0       	rjmp	.+50     	; 0x264 <vfprintf+0xe6>
 232:	36 fe       	sbrs	r3, 6
 234:	06 c0       	rjmp	.+12     	; 0x242 <vfprintf+0xc4>
 236:	8a e0       	ldi	r24, 0x0A	; 10
 238:	98 9e       	mul	r9, r24
 23a:	20 0d       	add	r18, r0
 23c:	11 24       	eor	r1, r1
 23e:	92 2e       	mov	r9, r18
 240:	11 c0       	rjmp	.+34     	; 0x264 <vfprintf+0xe6>
 242:	ea e0       	ldi	r30, 0x0A	; 10
 244:	2e 9e       	mul	r2, r30
 246:	20 0d       	add	r18, r0
 248:	11 24       	eor	r1, r1
 24a:	22 2e       	mov	r2, r18
 24c:	f3 2d       	mov	r31, r3
 24e:	f0 62       	ori	r31, 0x20	; 32
 250:	3f 2e       	mov	r3, r31
 252:	08 c0       	rjmp	.+16     	; 0x264 <vfprintf+0xe6>
 254:	8c 36       	cpi	r24, 0x6C	; 108
 256:	21 f4       	brne	.+8      	; 0x260 <vfprintf+0xe2>
 258:	83 2d       	mov	r24, r3
 25a:	80 68       	ori	r24, 0x80	; 128
 25c:	38 2e       	mov	r3, r24
 25e:	02 c0       	rjmp	.+4      	; 0x264 <vfprintf+0xe6>
 260:	88 36       	cpi	r24, 0x68	; 104
 262:	41 f4       	brne	.+16     	; 0x274 <vfprintf+0xf6>
 264:	f7 01       	movw	r30, r14
 266:	93 fd       	sbrc	r25, 3
 268:	85 91       	lpm	r24, Z+
 26a:	93 ff       	sbrs	r25, 3
 26c:	81 91       	ld	r24, Z+
 26e:	7f 01       	movw	r14, r30
 270:	81 11       	cpse	r24, r1
 272:	b3 cf       	rjmp	.-154    	; 0x1da <vfprintf+0x5c>
 274:	98 2f       	mov	r25, r24
 276:	9f 7d       	andi	r25, 0xDF	; 223
 278:	95 54       	subi	r25, 0x45	; 69
 27a:	93 30       	cpi	r25, 0x03	; 3
 27c:	28 f4       	brcc	.+10     	; 0x288 <vfprintf+0x10a>
 27e:	0c 5f       	subi	r16, 0xFC	; 252
 280:	1f 4f       	sbci	r17, 0xFF	; 255
 282:	9f e3       	ldi	r25, 0x3F	; 63
 284:	99 83       	std	Y+1, r25	; 0x01
 286:	0d c0       	rjmp	.+26     	; 0x2a2 <vfprintf+0x124>
 288:	83 36       	cpi	r24, 0x63	; 99
 28a:	31 f0       	breq	.+12     	; 0x298 <vfprintf+0x11a>
 28c:	83 37       	cpi	r24, 0x73	; 115
 28e:	71 f0       	breq	.+28     	; 0x2ac <vfprintf+0x12e>
 290:	83 35       	cpi	r24, 0x53	; 83
 292:	09 f0       	breq	.+2      	; 0x296 <vfprintf+0x118>
 294:	59 c0       	rjmp	.+178    	; 0x348 <vfprintf+0x1ca>
 296:	21 c0       	rjmp	.+66     	; 0x2da <vfprintf+0x15c>
 298:	f8 01       	movw	r30, r16
 29a:	80 81       	ld	r24, Z
 29c:	89 83       	std	Y+1, r24	; 0x01
 29e:	0e 5f       	subi	r16, 0xFE	; 254
 2a0:	1f 4f       	sbci	r17, 0xFF	; 255
 2a2:	88 24       	eor	r8, r8
 2a4:	83 94       	inc	r8
 2a6:	91 2c       	mov	r9, r1
 2a8:	53 01       	movw	r10, r6
 2aa:	13 c0       	rjmp	.+38     	; 0x2d2 <vfprintf+0x154>
 2ac:	28 01       	movw	r4, r16
 2ae:	f2 e0       	ldi	r31, 0x02	; 2
 2b0:	4f 0e       	add	r4, r31
 2b2:	51 1c       	adc	r5, r1
 2b4:	f8 01       	movw	r30, r16
 2b6:	a0 80       	ld	r10, Z
 2b8:	b1 80       	ldd	r11, Z+1	; 0x01
 2ba:	36 fe       	sbrs	r3, 6
 2bc:	03 c0       	rjmp	.+6      	; 0x2c4 <vfprintf+0x146>
 2be:	69 2d       	mov	r22, r9
 2c0:	70 e0       	ldi	r23, 0x00	; 0
 2c2:	02 c0       	rjmp	.+4      	; 0x2c8 <vfprintf+0x14a>
 2c4:	6f ef       	ldi	r22, 0xFF	; 255
 2c6:	7f ef       	ldi	r23, 0xFF	; 255
 2c8:	c5 01       	movw	r24, r10
 2ca:	0e 94 ab 02 	call	0x556	; 0x556 <strnlen>
 2ce:	4c 01       	movw	r8, r24
 2d0:	82 01       	movw	r16, r4
 2d2:	f3 2d       	mov	r31, r3
 2d4:	ff 77       	andi	r31, 0x7F	; 127
 2d6:	3f 2e       	mov	r3, r31
 2d8:	16 c0       	rjmp	.+44     	; 0x306 <vfprintf+0x188>
 2da:	28 01       	movw	r4, r16
 2dc:	22 e0       	ldi	r18, 0x02	; 2
 2de:	42 0e       	add	r4, r18
 2e0:	51 1c       	adc	r5, r1
 2e2:	f8 01       	movw	r30, r16
 2e4:	a0 80       	ld	r10, Z
 2e6:	b1 80       	ldd	r11, Z+1	; 0x01
 2e8:	36 fe       	sbrs	r3, 6
 2ea:	03 c0       	rjmp	.+6      	; 0x2f2 <vfprintf+0x174>
 2ec:	69 2d       	mov	r22, r9
 2ee:	70 e0       	ldi	r23, 0x00	; 0
 2f0:	02 c0       	rjmp	.+4      	; 0x2f6 <vfprintf+0x178>
 2f2:	6f ef       	ldi	r22, 0xFF	; 255
 2f4:	7f ef       	ldi	r23, 0xFF	; 255
 2f6:	c5 01       	movw	r24, r10
 2f8:	0e 94 a0 02 	call	0x540	; 0x540 <strnlen_P>
 2fc:	4c 01       	movw	r8, r24
 2fe:	f3 2d       	mov	r31, r3
 300:	f0 68       	ori	r31, 0x80	; 128
 302:	3f 2e       	mov	r3, r31
 304:	82 01       	movw	r16, r4
 306:	33 fc       	sbrc	r3, 3
 308:	1b c0       	rjmp	.+54     	; 0x340 <vfprintf+0x1c2>
 30a:	82 2d       	mov	r24, r2
 30c:	90 e0       	ldi	r25, 0x00	; 0
 30e:	88 16       	cp	r8, r24
 310:	99 06       	cpc	r9, r25
 312:	b0 f4       	brcc	.+44     	; 0x340 <vfprintf+0x1c2>
 314:	b6 01       	movw	r22, r12
 316:	80 e2       	ldi	r24, 0x20	; 32
 318:	90 e0       	ldi	r25, 0x00	; 0
 31a:	0e 94 b6 02 	call	0x56c	; 0x56c <fputc>
 31e:	2a 94       	dec	r2
 320:	f4 cf       	rjmp	.-24     	; 0x30a <vfprintf+0x18c>
 322:	f5 01       	movw	r30, r10
 324:	37 fc       	sbrc	r3, 7
 326:	85 91       	lpm	r24, Z+
 328:	37 fe       	sbrs	r3, 7
 32a:	81 91       	ld	r24, Z+
 32c:	5f 01       	movw	r10, r30
 32e:	b6 01       	movw	r22, r12
 330:	90 e0       	ldi	r25, 0x00	; 0
 332:	0e 94 b6 02 	call	0x56c	; 0x56c <fputc>
 336:	21 10       	cpse	r2, r1
 338:	2a 94       	dec	r2
 33a:	21 e0       	ldi	r18, 0x01	; 1
 33c:	82 1a       	sub	r8, r18
 33e:	91 08       	sbc	r9, r1
 340:	81 14       	cp	r8, r1
 342:	91 04       	cpc	r9, r1
 344:	71 f7       	brne	.-36     	; 0x322 <vfprintf+0x1a4>
 346:	e8 c0       	rjmp	.+464    	; 0x518 <__LOCK_REGION_LENGTH__+0x118>
 348:	84 36       	cpi	r24, 0x64	; 100
 34a:	11 f0       	breq	.+4      	; 0x350 <vfprintf+0x1d2>
 34c:	89 36       	cpi	r24, 0x69	; 105
 34e:	41 f5       	brne	.+80     	; 0x3a0 <vfprintf+0x222>
 350:	f8 01       	movw	r30, r16
 352:	37 fe       	sbrs	r3, 7
 354:	07 c0       	rjmp	.+14     	; 0x364 <vfprintf+0x1e6>
 356:	60 81       	ld	r22, Z
 358:	71 81       	ldd	r23, Z+1	; 0x01
 35a:	82 81       	ldd	r24, Z+2	; 0x02
 35c:	93 81       	ldd	r25, Z+3	; 0x03
 35e:	0c 5f       	subi	r16, 0xFC	; 252
 360:	1f 4f       	sbci	r17, 0xFF	; 255
 362:	08 c0       	rjmp	.+16     	; 0x374 <vfprintf+0x1f6>
 364:	60 81       	ld	r22, Z
 366:	71 81       	ldd	r23, Z+1	; 0x01
 368:	07 2e       	mov	r0, r23
 36a:	00 0c       	add	r0, r0
 36c:	88 0b       	sbc	r24, r24
 36e:	99 0b       	sbc	r25, r25
 370:	0e 5f       	subi	r16, 0xFE	; 254
 372:	1f 4f       	sbci	r17, 0xFF	; 255
 374:	f3 2d       	mov	r31, r3
 376:	ff 76       	andi	r31, 0x6F	; 111
 378:	3f 2e       	mov	r3, r31
 37a:	97 ff       	sbrs	r25, 7
 37c:	09 c0       	rjmp	.+18     	; 0x390 <vfprintf+0x212>
 37e:	90 95       	com	r25
 380:	80 95       	com	r24
 382:	70 95       	com	r23
 384:	61 95       	neg	r22
 386:	7f 4f       	sbci	r23, 0xFF	; 255
 388:	8f 4f       	sbci	r24, 0xFF	; 255
 38a:	9f 4f       	sbci	r25, 0xFF	; 255
 38c:	f0 68       	ori	r31, 0x80	; 128
 38e:	3f 2e       	mov	r3, r31
 390:	2a e0       	ldi	r18, 0x0A	; 10
 392:	30 e0       	ldi	r19, 0x00	; 0
 394:	a3 01       	movw	r20, r6
 396:	0e 94 f2 02 	call	0x5e4	; 0x5e4 <__ultoa_invert>
 39a:	88 2e       	mov	r8, r24
 39c:	86 18       	sub	r8, r6
 39e:	45 c0       	rjmp	.+138    	; 0x42a <__LOCK_REGION_LENGTH__+0x2a>
 3a0:	85 37       	cpi	r24, 0x75	; 117
 3a2:	31 f4       	brne	.+12     	; 0x3b0 <vfprintf+0x232>
 3a4:	23 2d       	mov	r18, r3
 3a6:	2f 7e       	andi	r18, 0xEF	; 239
 3a8:	b2 2e       	mov	r11, r18
 3aa:	2a e0       	ldi	r18, 0x0A	; 10
 3ac:	30 e0       	ldi	r19, 0x00	; 0
 3ae:	25 c0       	rjmp	.+74     	; 0x3fa <vfprintf+0x27c>
 3b0:	93 2d       	mov	r25, r3
 3b2:	99 7f       	andi	r25, 0xF9	; 249
 3b4:	b9 2e       	mov	r11, r25
 3b6:	8f 36       	cpi	r24, 0x6F	; 111
 3b8:	c1 f0       	breq	.+48     	; 0x3ea <vfprintf+0x26c>
 3ba:	18 f4       	brcc	.+6      	; 0x3c2 <vfprintf+0x244>
 3bc:	88 35       	cpi	r24, 0x58	; 88
 3be:	79 f0       	breq	.+30     	; 0x3de <vfprintf+0x260>
 3c0:	b5 c0       	rjmp	.+362    	; 0x52c <__LOCK_REGION_LENGTH__+0x12c>
 3c2:	80 37       	cpi	r24, 0x70	; 112
 3c4:	19 f0       	breq	.+6      	; 0x3cc <vfprintf+0x24e>
 3c6:	88 37       	cpi	r24, 0x78	; 120
 3c8:	21 f0       	breq	.+8      	; 0x3d2 <vfprintf+0x254>
 3ca:	b0 c0       	rjmp	.+352    	; 0x52c <__LOCK_REGION_LENGTH__+0x12c>
 3cc:	e9 2f       	mov	r30, r25
 3ce:	e0 61       	ori	r30, 0x10	; 16
 3d0:	be 2e       	mov	r11, r30
 3d2:	b4 fe       	sbrs	r11, 4
 3d4:	0d c0       	rjmp	.+26     	; 0x3f0 <vfprintf+0x272>
 3d6:	fb 2d       	mov	r31, r11
 3d8:	f4 60       	ori	r31, 0x04	; 4
 3da:	bf 2e       	mov	r11, r31
 3dc:	09 c0       	rjmp	.+18     	; 0x3f0 <vfprintf+0x272>
 3de:	34 fe       	sbrs	r3, 4
 3e0:	0a c0       	rjmp	.+20     	; 0x3f6 <vfprintf+0x278>
 3e2:	29 2f       	mov	r18, r25
 3e4:	26 60       	ori	r18, 0x06	; 6
 3e6:	b2 2e       	mov	r11, r18
 3e8:	06 c0       	rjmp	.+12     	; 0x3f6 <vfprintf+0x278>
 3ea:	28 e0       	ldi	r18, 0x08	; 8
 3ec:	30 e0       	ldi	r19, 0x00	; 0
 3ee:	05 c0       	rjmp	.+10     	; 0x3fa <vfprintf+0x27c>
 3f0:	20 e1       	ldi	r18, 0x10	; 16
 3f2:	30 e0       	ldi	r19, 0x00	; 0
 3f4:	02 c0       	rjmp	.+4      	; 0x3fa <vfprintf+0x27c>
 3f6:	20 e1       	ldi	r18, 0x10	; 16
 3f8:	32 e0       	ldi	r19, 0x02	; 2
 3fa:	f8 01       	movw	r30, r16
 3fc:	b7 fe       	sbrs	r11, 7
 3fe:	07 c0       	rjmp	.+14     	; 0x40e <__LOCK_REGION_LENGTH__+0xe>
 400:	60 81       	ld	r22, Z
 402:	71 81       	ldd	r23, Z+1	; 0x01
 404:	82 81       	ldd	r24, Z+2	; 0x02
 406:	93 81       	ldd	r25, Z+3	; 0x03
 408:	0c 5f       	subi	r16, 0xFC	; 252
 40a:	1f 4f       	sbci	r17, 0xFF	; 255
 40c:	06 c0       	rjmp	.+12     	; 0x41a <__LOCK_REGION_LENGTH__+0x1a>
 40e:	60 81       	ld	r22, Z
 410:	71 81       	ldd	r23, Z+1	; 0x01
 412:	80 e0       	ldi	r24, 0x00	; 0
 414:	90 e0       	ldi	r25, 0x00	; 0
 416:	0e 5f       	subi	r16, 0xFE	; 254
 418:	1f 4f       	sbci	r17, 0xFF	; 255
 41a:	a3 01       	movw	r20, r6
 41c:	0e 94 f2 02 	call	0x5e4	; 0x5e4 <__ultoa_invert>
 420:	88 2e       	mov	r8, r24
 422:	86 18       	sub	r8, r6
 424:	fb 2d       	mov	r31, r11
 426:	ff 77       	andi	r31, 0x7F	; 127
 428:	3f 2e       	mov	r3, r31
 42a:	36 fe       	sbrs	r3, 6
 42c:	0d c0       	rjmp	.+26     	; 0x448 <__LOCK_REGION_LENGTH__+0x48>
 42e:	23 2d       	mov	r18, r3
 430:	2e 7f       	andi	r18, 0xFE	; 254
 432:	a2 2e       	mov	r10, r18
 434:	89 14       	cp	r8, r9
 436:	58 f4       	brcc	.+22     	; 0x44e <__LOCK_REGION_LENGTH__+0x4e>
 438:	34 fe       	sbrs	r3, 4
 43a:	0b c0       	rjmp	.+22     	; 0x452 <__LOCK_REGION_LENGTH__+0x52>
 43c:	32 fc       	sbrc	r3, 2
 43e:	09 c0       	rjmp	.+18     	; 0x452 <__LOCK_REGION_LENGTH__+0x52>
 440:	83 2d       	mov	r24, r3
 442:	8e 7e       	andi	r24, 0xEE	; 238
 444:	a8 2e       	mov	r10, r24
 446:	05 c0       	rjmp	.+10     	; 0x452 <__LOCK_REGION_LENGTH__+0x52>
 448:	b8 2c       	mov	r11, r8
 44a:	a3 2c       	mov	r10, r3
 44c:	03 c0       	rjmp	.+6      	; 0x454 <__LOCK_REGION_LENGTH__+0x54>
 44e:	b8 2c       	mov	r11, r8
 450:	01 c0       	rjmp	.+2      	; 0x454 <__LOCK_REGION_LENGTH__+0x54>
 452:	b9 2c       	mov	r11, r9
 454:	a4 fe       	sbrs	r10, 4
 456:	0f c0       	rjmp	.+30     	; 0x476 <__LOCK_REGION_LENGTH__+0x76>
 458:	fe 01       	movw	r30, r28
 45a:	e8 0d       	add	r30, r8
 45c:	f1 1d       	adc	r31, r1
 45e:	80 81       	ld	r24, Z
 460:	80 33       	cpi	r24, 0x30	; 48
 462:	21 f4       	brne	.+8      	; 0x46c <__LOCK_REGION_LENGTH__+0x6c>
 464:	9a 2d       	mov	r25, r10
 466:	99 7e       	andi	r25, 0xE9	; 233
 468:	a9 2e       	mov	r10, r25
 46a:	09 c0       	rjmp	.+18     	; 0x47e <__LOCK_REGION_LENGTH__+0x7e>
 46c:	a2 fe       	sbrs	r10, 2
 46e:	06 c0       	rjmp	.+12     	; 0x47c <__LOCK_REGION_LENGTH__+0x7c>
 470:	b3 94       	inc	r11
 472:	b3 94       	inc	r11
 474:	04 c0       	rjmp	.+8      	; 0x47e <__LOCK_REGION_LENGTH__+0x7e>
 476:	8a 2d       	mov	r24, r10
 478:	86 78       	andi	r24, 0x86	; 134
 47a:	09 f0       	breq	.+2      	; 0x47e <__LOCK_REGION_LENGTH__+0x7e>
 47c:	b3 94       	inc	r11
 47e:	a3 fc       	sbrc	r10, 3
 480:	11 c0       	rjmp	.+34     	; 0x4a4 <__LOCK_REGION_LENGTH__+0xa4>
 482:	a0 fe       	sbrs	r10, 0
 484:	06 c0       	rjmp	.+12     	; 0x492 <__LOCK_REGION_LENGTH__+0x92>
 486:	b2 14       	cp	r11, r2
 488:	88 f4       	brcc	.+34     	; 0x4ac <__LOCK_REGION_LENGTH__+0xac>
 48a:	28 0c       	add	r2, r8
 48c:	92 2c       	mov	r9, r2
 48e:	9b 18       	sub	r9, r11
 490:	0e c0       	rjmp	.+28     	; 0x4ae <__LOCK_REGION_LENGTH__+0xae>
 492:	b2 14       	cp	r11, r2
 494:	60 f4       	brcc	.+24     	; 0x4ae <__LOCK_REGION_LENGTH__+0xae>
 496:	b6 01       	movw	r22, r12
 498:	80 e2       	ldi	r24, 0x20	; 32
 49a:	90 e0       	ldi	r25, 0x00	; 0
 49c:	0e 94 b6 02 	call	0x56c	; 0x56c <fputc>
 4a0:	b3 94       	inc	r11
 4a2:	f7 cf       	rjmp	.-18     	; 0x492 <__LOCK_REGION_LENGTH__+0x92>
 4a4:	b2 14       	cp	r11, r2
 4a6:	18 f4       	brcc	.+6      	; 0x4ae <__LOCK_REGION_LENGTH__+0xae>
 4a8:	2b 18       	sub	r2, r11
 4aa:	02 c0       	rjmp	.+4      	; 0x4b0 <__LOCK_REGION_LENGTH__+0xb0>
 4ac:	98 2c       	mov	r9, r8
 4ae:	21 2c       	mov	r2, r1
 4b0:	a4 fe       	sbrs	r10, 4
 4b2:	10 c0       	rjmp	.+32     	; 0x4d4 <__LOCK_REGION_LENGTH__+0xd4>
 4b4:	b6 01       	movw	r22, r12
 4b6:	80 e3       	ldi	r24, 0x30	; 48
 4b8:	90 e0       	ldi	r25, 0x00	; 0
 4ba:	0e 94 b6 02 	call	0x56c	; 0x56c <fputc>
 4be:	a2 fe       	sbrs	r10, 2
 4c0:	17 c0       	rjmp	.+46     	; 0x4f0 <__LOCK_REGION_LENGTH__+0xf0>
 4c2:	a1 fc       	sbrc	r10, 1
 4c4:	03 c0       	rjmp	.+6      	; 0x4cc <__LOCK_REGION_LENGTH__+0xcc>
 4c6:	88 e7       	ldi	r24, 0x78	; 120
 4c8:	90 e0       	ldi	r25, 0x00	; 0
 4ca:	02 c0       	rjmp	.+4      	; 0x4d0 <__LOCK_REGION_LENGTH__+0xd0>
 4cc:	88 e5       	ldi	r24, 0x58	; 88
 4ce:	90 e0       	ldi	r25, 0x00	; 0
 4d0:	b6 01       	movw	r22, r12
 4d2:	0c c0       	rjmp	.+24     	; 0x4ec <__LOCK_REGION_LENGTH__+0xec>
 4d4:	8a 2d       	mov	r24, r10
 4d6:	86 78       	andi	r24, 0x86	; 134
 4d8:	59 f0       	breq	.+22     	; 0x4f0 <__LOCK_REGION_LENGTH__+0xf0>
 4da:	a1 fe       	sbrs	r10, 1
 4dc:	02 c0       	rjmp	.+4      	; 0x4e2 <__LOCK_REGION_LENGTH__+0xe2>
 4de:	8b e2       	ldi	r24, 0x2B	; 43
 4e0:	01 c0       	rjmp	.+2      	; 0x4e4 <__LOCK_REGION_LENGTH__+0xe4>
 4e2:	80 e2       	ldi	r24, 0x20	; 32
 4e4:	a7 fc       	sbrc	r10, 7
 4e6:	8d e2       	ldi	r24, 0x2D	; 45
 4e8:	b6 01       	movw	r22, r12
 4ea:	90 e0       	ldi	r25, 0x00	; 0
 4ec:	0e 94 b6 02 	call	0x56c	; 0x56c <fputc>
 4f0:	89 14       	cp	r8, r9
 4f2:	38 f4       	brcc	.+14     	; 0x502 <__LOCK_REGION_LENGTH__+0x102>
 4f4:	b6 01       	movw	r22, r12
 4f6:	80 e3       	ldi	r24, 0x30	; 48
 4f8:	90 e0       	ldi	r25, 0x00	; 0
 4fa:	0e 94 b6 02 	call	0x56c	; 0x56c <fputc>
 4fe:	9a 94       	dec	r9
 500:	f7 cf       	rjmp	.-18     	; 0x4f0 <__LOCK_REGION_LENGTH__+0xf0>
 502:	8a 94       	dec	r8
 504:	f3 01       	movw	r30, r6
 506:	e8 0d       	add	r30, r8
 508:	f1 1d       	adc	r31, r1
 50a:	80 81       	ld	r24, Z
 50c:	b6 01       	movw	r22, r12
 50e:	90 e0       	ldi	r25, 0x00	; 0
 510:	0e 94 b6 02 	call	0x56c	; 0x56c <fputc>
 514:	81 10       	cpse	r8, r1
 516:	f5 cf       	rjmp	.-22     	; 0x502 <__LOCK_REGION_LENGTH__+0x102>
 518:	22 20       	and	r2, r2
 51a:	09 f4       	brne	.+2      	; 0x51e <__LOCK_REGION_LENGTH__+0x11e>
 51c:	42 ce       	rjmp	.-892    	; 0x1a2 <vfprintf+0x24>
 51e:	b6 01       	movw	r22, r12
 520:	80 e2       	ldi	r24, 0x20	; 32
 522:	90 e0       	ldi	r25, 0x00	; 0
 524:	0e 94 b6 02 	call	0x56c	; 0x56c <fputc>
 528:	2a 94       	dec	r2
 52a:	f6 cf       	rjmp	.-20     	; 0x518 <__LOCK_REGION_LENGTH__+0x118>
 52c:	f6 01       	movw	r30, r12
 52e:	86 81       	ldd	r24, Z+6	; 0x06
 530:	97 81       	ldd	r25, Z+7	; 0x07
 532:	02 c0       	rjmp	.+4      	; 0x538 <__LOCK_REGION_LENGTH__+0x138>
 534:	8f ef       	ldi	r24, 0xFF	; 255
 536:	9f ef       	ldi	r25, 0xFF	; 255
 538:	2b 96       	adiw	r28, 0x0b	; 11
 53a:	e2 e1       	ldi	r30, 0x12	; 18
 53c:	0c 94 6c 03 	jmp	0x6d8	; 0x6d8 <__epilogue_restores__>

00000540 <strnlen_P>:
 540:	fc 01       	movw	r30, r24
 542:	05 90       	lpm	r0, Z+
 544:	61 50       	subi	r22, 0x01	; 1
 546:	70 40       	sbci	r23, 0x00	; 0
 548:	01 10       	cpse	r0, r1
 54a:	d8 f7       	brcc	.-10     	; 0x542 <strnlen_P+0x2>
 54c:	80 95       	com	r24
 54e:	90 95       	com	r25
 550:	8e 0f       	add	r24, r30
 552:	9f 1f       	adc	r25, r31
 554:	08 95       	ret

00000556 <strnlen>:
 556:	fc 01       	movw	r30, r24
 558:	61 50       	subi	r22, 0x01	; 1
 55a:	70 40       	sbci	r23, 0x00	; 0
 55c:	01 90       	ld	r0, Z+
 55e:	01 10       	cpse	r0, r1
 560:	d8 f7       	brcc	.-10     	; 0x558 <strnlen+0x2>
 562:	80 95       	com	r24
 564:	90 95       	com	r25
 566:	8e 0f       	add	r24, r30
 568:	9f 1f       	adc	r25, r31
 56a:	08 95       	ret

0000056c <fputc>:
 56c:	0f 93       	push	r16
 56e:	1f 93       	push	r17
 570:	cf 93       	push	r28
 572:	df 93       	push	r29
 574:	fb 01       	movw	r30, r22
 576:	23 81       	ldd	r18, Z+3	; 0x03
 578:	21 fd       	sbrc	r18, 1
 57a:	03 c0       	rjmp	.+6      	; 0x582 <fputc+0x16>
 57c:	8f ef       	ldi	r24, 0xFF	; 255
 57e:	9f ef       	ldi	r25, 0xFF	; 255
 580:	2c c0       	rjmp	.+88     	; 0x5da <fputc+0x6e>
 582:	22 ff       	sbrs	r18, 2
 584:	16 c0       	rjmp	.+44     	; 0x5b2 <fputc+0x46>
 586:	46 81       	ldd	r20, Z+6	; 0x06
 588:	57 81       	ldd	r21, Z+7	; 0x07
 58a:	24 81       	ldd	r18, Z+4	; 0x04
 58c:	35 81       	ldd	r19, Z+5	; 0x05
 58e:	42 17       	cp	r20, r18
 590:	53 07       	cpc	r21, r19
 592:	44 f4       	brge	.+16     	; 0x5a4 <fputc+0x38>
 594:	a0 81       	ld	r26, Z
 596:	b1 81       	ldd	r27, Z+1	; 0x01
 598:	9d 01       	movw	r18, r26
 59a:	2f 5f       	subi	r18, 0xFF	; 255
 59c:	3f 4f       	sbci	r19, 0xFF	; 255
 59e:	31 83       	std	Z+1, r19	; 0x01
 5a0:	20 83       	st	Z, r18
 5a2:	8c 93       	st	X, r24
 5a4:	26 81       	ldd	r18, Z+6	; 0x06
 5a6:	37 81       	ldd	r19, Z+7	; 0x07
 5a8:	2f 5f       	subi	r18, 0xFF	; 255
 5aa:	3f 4f       	sbci	r19, 0xFF	; 255
 5ac:	37 83       	std	Z+7, r19	; 0x07
 5ae:	26 83       	std	Z+6, r18	; 0x06
 5b0:	14 c0       	rjmp	.+40     	; 0x5da <fputc+0x6e>
 5b2:	8b 01       	movw	r16, r22
 5b4:	ec 01       	movw	r28, r24
 5b6:	fb 01       	movw	r30, r22
 5b8:	00 84       	ldd	r0, Z+8	; 0x08
 5ba:	f1 85       	ldd	r31, Z+9	; 0x09
 5bc:	e0 2d       	mov	r30, r0
 5be:	09 95       	icall
 5c0:	89 2b       	or	r24, r25
 5c2:	e1 f6       	brne	.-72     	; 0x57c <fputc+0x10>
 5c4:	d8 01       	movw	r26, r16
 5c6:	16 96       	adiw	r26, 0x06	; 6
 5c8:	8d 91       	ld	r24, X+
 5ca:	9c 91       	ld	r25, X
 5cc:	17 97       	sbiw	r26, 0x07	; 7
 5ce:	01 96       	adiw	r24, 0x01	; 1
 5d0:	17 96       	adiw	r26, 0x07	; 7
 5d2:	9c 93       	st	X, r25
 5d4:	8e 93       	st	-X, r24
 5d6:	16 97       	sbiw	r26, 0x06	; 6
 5d8:	ce 01       	movw	r24, r28
 5da:	df 91       	pop	r29
 5dc:	cf 91       	pop	r28
 5de:	1f 91       	pop	r17
 5e0:	0f 91       	pop	r16
 5e2:	08 95       	ret

000005e4 <__ultoa_invert>:
 5e4:	fa 01       	movw	r30, r20
 5e6:	aa 27       	eor	r26, r26
 5e8:	28 30       	cpi	r18, 0x08	; 8
 5ea:	51 f1       	breq	.+84     	; 0x640 <__ultoa_invert+0x5c>
 5ec:	20 31       	cpi	r18, 0x10	; 16
 5ee:	81 f1       	breq	.+96     	; 0x650 <__ultoa_invert+0x6c>
 5f0:	e8 94       	clt
 5f2:	6f 93       	push	r22
 5f4:	6e 7f       	andi	r22, 0xFE	; 254
 5f6:	6e 5f       	subi	r22, 0xFE	; 254
 5f8:	7f 4f       	sbci	r23, 0xFF	; 255
 5fa:	8f 4f       	sbci	r24, 0xFF	; 255
 5fc:	9f 4f       	sbci	r25, 0xFF	; 255
 5fe:	af 4f       	sbci	r26, 0xFF	; 255
 600:	b1 e0       	ldi	r27, 0x01	; 1
 602:	3e d0       	rcall	.+124    	; 0x680 <__ultoa_invert+0x9c>
 604:	b4 e0       	ldi	r27, 0x04	; 4
 606:	3c d0       	rcall	.+120    	; 0x680 <__ultoa_invert+0x9c>
 608:	67 0f       	add	r22, r23
 60a:	78 1f       	adc	r23, r24
 60c:	89 1f       	adc	r24, r25
 60e:	9a 1f       	adc	r25, r26
 610:	a1 1d       	adc	r26, r1
 612:	68 0f       	add	r22, r24
 614:	79 1f       	adc	r23, r25
 616:	8a 1f       	adc	r24, r26
 618:	91 1d       	adc	r25, r1
 61a:	a1 1d       	adc	r26, r1
 61c:	6a 0f       	add	r22, r26
 61e:	71 1d       	adc	r23, r1
 620:	81 1d       	adc	r24, r1
 622:	91 1d       	adc	r25, r1
 624:	a1 1d       	adc	r26, r1
 626:	20 d0       	rcall	.+64     	; 0x668 <__ultoa_invert+0x84>
 628:	09 f4       	brne	.+2      	; 0x62c <__ultoa_invert+0x48>
 62a:	68 94       	set
 62c:	3f 91       	pop	r19
 62e:	2a e0       	ldi	r18, 0x0A	; 10
 630:	26 9f       	mul	r18, r22
 632:	11 24       	eor	r1, r1
 634:	30 19       	sub	r19, r0
 636:	30 5d       	subi	r19, 0xD0	; 208
 638:	31 93       	st	Z+, r19
 63a:	de f6       	brtc	.-74     	; 0x5f2 <__ultoa_invert+0xe>
 63c:	cf 01       	movw	r24, r30
 63e:	08 95       	ret
 640:	46 2f       	mov	r20, r22
 642:	47 70       	andi	r20, 0x07	; 7
 644:	40 5d       	subi	r20, 0xD0	; 208
 646:	41 93       	st	Z+, r20
 648:	b3 e0       	ldi	r27, 0x03	; 3
 64a:	0f d0       	rcall	.+30     	; 0x66a <__ultoa_invert+0x86>
 64c:	c9 f7       	brne	.-14     	; 0x640 <__ultoa_invert+0x5c>
 64e:	f6 cf       	rjmp	.-20     	; 0x63c <__ultoa_invert+0x58>
 650:	46 2f       	mov	r20, r22
 652:	4f 70       	andi	r20, 0x0F	; 15
 654:	40 5d       	subi	r20, 0xD0	; 208
 656:	4a 33       	cpi	r20, 0x3A	; 58
 658:	18 f0       	brcs	.+6      	; 0x660 <__ultoa_invert+0x7c>
 65a:	49 5d       	subi	r20, 0xD9	; 217
 65c:	31 fd       	sbrc	r19, 1
 65e:	40 52       	subi	r20, 0x20	; 32
 660:	41 93       	st	Z+, r20
 662:	02 d0       	rcall	.+4      	; 0x668 <__ultoa_invert+0x84>
 664:	a9 f7       	brne	.-22     	; 0x650 <__ultoa_invert+0x6c>
 666:	ea cf       	rjmp	.-44     	; 0x63c <__ultoa_invert+0x58>
 668:	b4 e0       	ldi	r27, 0x04	; 4
 66a:	a6 95       	lsr	r26
 66c:	97 95       	ror	r25
 66e:	87 95       	ror	r24
 670:	77 95       	ror	r23
 672:	67 95       	ror	r22
 674:	ba 95       	dec	r27
 676:	c9 f7       	brne	.-14     	; 0x66a <__ultoa_invert+0x86>
 678:	00 97       	sbiw	r24, 0x00	; 0
 67a:	61 05       	cpc	r22, r1
 67c:	71 05       	cpc	r23, r1
 67e:	08 95       	ret
 680:	9b 01       	movw	r18, r22
 682:	ac 01       	movw	r20, r24
 684:	0a 2e       	mov	r0, r26
 686:	06 94       	lsr	r0
 688:	57 95       	ror	r21
 68a:	47 95       	ror	r20
 68c:	37 95       	ror	r19
 68e:	27 95       	ror	r18
 690:	ba 95       	dec	r27
 692:	c9 f7       	brne	.-14     	; 0x686 <__ultoa_invert+0xa2>
 694:	62 0f       	add	r22, r18
 696:	73 1f       	adc	r23, r19
 698:	84 1f       	adc	r24, r20
 69a:	95 1f       	adc	r25, r21
 69c:	a0 1d       	adc	r26, r0
 69e:	08 95       	ret

000006a0 <__prologue_saves__>:
 6a0:	2f 92       	push	r2
 6a2:	3f 92       	push	r3
 6a4:	4f 92       	push	r4
 6a6:	5f 92       	push	r5
 6a8:	6f 92       	push	r6
 6aa:	7f 92       	push	r7
 6ac:	8f 92       	push	r8
 6ae:	9f 92       	push	r9
 6b0:	af 92       	push	r10
 6b2:	bf 92       	push	r11
 6b4:	cf 92       	push	r12
 6b6:	df 92       	push	r13
 6b8:	ef 92       	push	r14
 6ba:	ff 92       	push	r15
 6bc:	0f 93       	push	r16
 6be:	1f 93       	push	r17
 6c0:	cf 93       	push	r28
 6c2:	df 93       	push	r29
 6c4:	cd b7       	in	r28, 0x3d	; 61
 6c6:	de b7       	in	r29, 0x3e	; 62
 6c8:	ca 1b       	sub	r28, r26
 6ca:	db 0b       	sbc	r29, r27
 6cc:	0f b6       	in	r0, 0x3f	; 63
 6ce:	f8 94       	cli
 6d0:	de bf       	out	0x3e, r29	; 62
 6d2:	0f be       	out	0x3f, r0	; 63
 6d4:	cd bf       	out	0x3d, r28	; 61
 6d6:	09 94       	ijmp

000006d8 <__epilogue_restores__>:
 6d8:	2a 88       	ldd	r2, Y+18	; 0x12
 6da:	39 88       	ldd	r3, Y+17	; 0x11
 6dc:	48 88       	ldd	r4, Y+16	; 0x10
 6de:	5f 84       	ldd	r5, Y+15	; 0x0f
 6e0:	6e 84       	ldd	r6, Y+14	; 0x0e
 6e2:	7d 84       	ldd	r7, Y+13	; 0x0d
 6e4:	8c 84       	ldd	r8, Y+12	; 0x0c
 6e6:	9b 84       	ldd	r9, Y+11	; 0x0b
 6e8:	aa 84       	ldd	r10, Y+10	; 0x0a
 6ea:	b9 84       	ldd	r11, Y+9	; 0x09
 6ec:	c8 84       	ldd	r12, Y+8	; 0x08
 6ee:	df 80       	ldd	r13, Y+7	; 0x07
 6f0:	ee 80       	ldd	r14, Y+6	; 0x06
 6f2:	fd 80       	ldd	r15, Y+5	; 0x05
 6f4:	0c 81       	ldd	r16, Y+4	; 0x04
 6f6:	1b 81       	ldd	r17, Y+3	; 0x03
 6f8:	aa 81       	ldd	r26, Y+2	; 0x02
 6fa:	b9 81       	ldd	r27, Y+1	; 0x01
 6fc:	ce 0f       	add	r28, r30
 6fe:	d1 1d       	adc	r29, r1
 700:	0f b6       	in	r0, 0x3f	; 63
 702:	f8 94       	cli
 704:	de bf       	out	0x3e, r29	; 62
 706:	0f be       	out	0x3f, r0	; 63
 708:	cd bf       	out	0x3d, r28	; 61
 70a:	ed 01       	movw	r28, r26
 70c:	08 95       	ret

0000070e <_exit>:
 70e:	f8 94       	cli

00000710 <__stop_program>:
 710:	ff cf       	rjmp	.-2      	; 0x710 <__stop_program>
